<?xml version="1.0" encoding="UTF-8"?>
<testng-results ignored="0" total="1" passed="1" failed="0" skipped="0">
  <reporter-output>
  </reporter-output>
  <suite started-at="2022-10-05T14:58:24 IST" name="Default suite" finished-at="2022-10-05T14:59:03 IST" duration-ms="38794">
    <groups>
      <group name="cucumber">
        <method signature="AbstractTestNGCucumberTests.runScenario(io.cucumber.testng.PickleWrapper,io.cucumber.testng.FeatureWrapper)[pri:0, instance:Runner.TestApplication@35dab4eb]" name="runScenario" class="io.cucumber.testng.AbstractTestNGCucumberTests"/>
      </group> <!-- cucumber -->
    </groups>
    <test started-at="2022-10-05T14:58:24 IST" name="Default test" finished-at="2022-10-05T14:59:03 IST" duration-ms="38794">
      <class name="Runner.TestApplication">
        <test-method is-config="true" signature="beforeExecution()[pri:0, instance:Runner.TestApplication@35dab4eb]" started-at="2022-10-05T14:58:24 IST" name="beforeExecution" finished-at="2022-10-05T14:58:24 IST" duration-ms="11" status="PASS">
          <reporter-output>
          </reporter-output>
        </test-method> <!-- beforeExecution -->
        <test-method is-config="true" signature="setUpClass()[pri:0, instance:Runner.TestApplication@35dab4eb]" started-at="2022-10-05T14:58:24 IST" name="setUpClass" finished-at="2022-10-05T14:58:25 IST" duration-ms="1158" status="PASS">
          <reporter-output>
          </reporter-output>
        </test-method> <!-- setUpClass -->
        <test-method signature="runScenario(io.cucumber.testng.PickleWrapper,io.cucumber.testng.FeatureWrapper)[pri:0, instance:Runner.TestApplication@35dab4eb]" started-at="2022-10-05T14:58:25 IST" name="runScenario" description="Runs Cucumber Scenarios" data-provider="scenarios" finished-at="2022-10-05T14:58:56 IST" duration-ms="30524" status="PASS">
          <params>
            <param index="0">
              <value>
                <![CDATA["To verify checker user can able to rejected the updated allocation master record"]]>
              </value>
            </param>
            <param index="1">
              <value>
                <![CDATA["Optional[To Test the allocation master screen]"]]>
              </value>
            </param>
          </params>
          <reporter-output>
          </reporter-output>
        </test-method> <!-- runScenario -->
        <test-method is-config="true" signature="tearDownClass()[pri:0, instance:Runner.TestApplication@35dab4eb]" started-at="2022-10-05T14:58:56 IST" name="tearDownClass" finished-at="2022-10-05T14:59:03 IST" duration-ms="7060" status="PASS">
          <reporter-output>
          </reporter-output>
        </test-method> <!-- tearDownClass -->
        <test-method is-config="true" signature="afterExecution()[pri:0, instance:Runner.TestApplication@35dab4eb]" started-at="2022-10-05T14:59:03 IST" name="afterExecution" finished-at="2022-10-05T14:59:03 IST" duration-ms="304" status="PASS">
          <reporter-output>
          </reporter-output>
        </test-method> <!-- afterExecution -->
      </class> <!-- Runner.TestApplication -->
    </test> <!-- Default test -->
  </suite> <!-- Default suite -->
</testng-results>
