<?xml version="1.0" encoding="UTF-8"?>
<testng-results ignored="0" total="19" passed="19" failed="0" skipped="0">
  <reporter-output>
  </reporter-output>
  <suite started-at="2022-08-19T11:34:17 IST" name="Default suite" finished-at="2022-08-19T11:43:25 IST" duration-ms="548549">
    <groups>
      <group name="cucumber">
        <method signature="AbstractTestNGCucumberTests.runScenario(io.cucumber.testng.PickleWrapper,io.cucumber.testng.FeatureWrapper)[pri:0, instance:Runner.TestApplication@35dab4eb]" name="runScenario" class="io.cucumber.testng.AbstractTestNGCucumberTests"/>
      </group> <!-- cucumber -->
    </groups>
    <test started-at="2022-08-19T11:34:17 IST" name="Default test" finished-at="2022-08-19T11:43:25 IST" duration-ms="548549">
      <class name="Runner.TestApplication">
        <test-method is-config="true" signature="beforeExecution()[pri:0, instance:Runner.TestApplication@35dab4eb]" started-at="2022-08-19T11:34:17 IST" name="beforeExecution" finished-at="2022-08-19T11:34:17 IST" duration-ms="6" status="PASS">
          <reporter-output>
          </reporter-output>
        </test-method> <!-- beforeExecution -->
        <test-method is-config="true" signature="setUpClass()[pri:0, instance:Runner.TestApplication@35dab4eb]" started-at="2022-08-19T11:34:17 IST" name="setUpClass" finished-at="2022-08-19T11:34:17 IST" duration-ms="834" status="PASS">
          <reporter-output>
          </reporter-output>
        </test-method> <!-- setUpClass -->
        <test-method signature="runScenario(io.cucumber.testng.PickleWrapper,io.cucumber.testng.FeatureWrapper)[pri:0, instance:Runner.TestApplication@35dab4eb]" started-at="2022-08-19T11:34:17 IST" name="runScenario" description="Runs Cucumber Scenarios" data-provider="scenarios" finished-at="2022-08-19T11:34:47 IST" duration-ms="29872" status="PASS">
          <params>
            <param index="0">
              <value>
                <![CDATA["To verify user can able to create the under writer off set record"]]>
              </value>
            </param>
            <param index="1">
              <value>
                <![CDATA["Optional[To verify under writer offset control module fields and creation and updation]"]]>
              </value>
            </param>
          </params>
          <reporter-output>
          </reporter-output>
        </test-method> <!-- runScenario -->
        <test-method signature="runScenario(io.cucumber.testng.PickleWrapper,io.cucumber.testng.FeatureWrapper)[pri:0, instance:Runner.TestApplication@35dab4eb]" started-at="2022-08-19T11:34:47 IST" name="runScenario" description="Runs Cucumber Scenarios" data-provider="scenarios" finished-at="2022-08-19T11:35:07 IST" duration-ms="19684" status="PASS">
          <params>
            <param index="0">
              <value>
                <![CDATA["To verify checker user can able to approve the under writer off set control record"]]>
              </value>
            </param>
            <param index="1">
              <value>
                <![CDATA["Optional[To verify under writer offset control module fields and creation and updation]"]]>
              </value>
            </param>
          </params>
          <reporter-output>
          </reporter-output>
        </test-method> <!-- runScenario -->
        <test-method signature="runScenario(io.cucumber.testng.PickleWrapper,io.cucumber.testng.FeatureWrapper)[pri:0, instance:Runner.TestApplication@35dab4eb]" started-at="2022-08-19T11:35:07 IST" name="runScenario" description="Runs Cucumber Scenarios" data-provider="scenarios" finished-at="2022-08-19T11:35:31 IST" duration-ms="23676" status="PASS">
          <params>
            <param index="0">
              <value>
                <![CDATA["To verify user can able to create the under writer off set record"]]>
              </value>
            </param>
            <param index="1">
              <value>
                <![CDATA["Optional[To verify under writer offset control module fields and creation and updation]"]]>
              </value>
            </param>
          </params>
          <reporter-output>
          </reporter-output>
        </test-method> <!-- runScenario -->
        <test-method signature="runScenario(io.cucumber.testng.PickleWrapper,io.cucumber.testng.FeatureWrapper)[pri:0, instance:Runner.TestApplication@35dab4eb]" started-at="2022-08-19T11:35:31 IST" name="runScenario" description="Runs Cucumber Scenarios" data-provider="scenarios" finished-at="2022-08-19T11:35:52 IST" duration-ms="21269" status="PASS">
          <params>
            <param index="0">
              <value>
                <![CDATA["To verify checker user can able to reject the record"]]>
              </value>
            </param>
            <param index="1">
              <value>
                <![CDATA["Optional[To verify under writer offset control module fields and creation and updation]"]]>
              </value>
            </param>
          </params>
          <reporter-output>
          </reporter-output>
        </test-method> <!-- runScenario -->
        <test-method signature="runScenario(io.cucumber.testng.PickleWrapper,io.cucumber.testng.FeatureWrapper)[pri:0, instance:Runner.TestApplication@35dab4eb]" started-at="2022-08-19T11:35:52 IST" name="runScenario" description="Runs Cucumber Scenarios" data-provider="scenarios" finished-at="2022-08-19T11:36:16 IST" duration-ms="24095" status="PASS">
          <params>
            <param index="0">
              <value>
                <![CDATA["To verify user can able to create the under writer off set record"]]>
              </value>
            </param>
            <param index="1">
              <value>
                <![CDATA["Optional[To verify under writer offset control module fields and creation and updation]"]]>
              </value>
            </param>
          </params>
          <reporter-output>
          </reporter-output>
        </test-method> <!-- runScenario -->
        <test-method signature="runScenario(io.cucumber.testng.PickleWrapper,io.cucumber.testng.FeatureWrapper)[pri:0, instance:Runner.TestApplication@35dab4eb]" started-at="2022-08-19T11:36:16 IST" name="runScenario" description="Runs Cucumber Scenarios" data-provider="scenarios" finished-at="2022-08-19T11:36:36 IST" duration-ms="19888" status="PASS">
          <params>
            <param index="0">
              <value>
                <![CDATA["To verify checker user can able to return the record"]]>
              </value>
            </param>
            <param index="1">
              <value>
                <![CDATA["Optional[To verify under writer offset control module fields and creation and updation]"]]>
              </value>
            </param>
          </params>
          <reporter-output>
          </reporter-output>
        </test-method> <!-- runScenario -->
        <test-method signature="runScenario(io.cucumber.testng.PickleWrapper,io.cucumber.testng.FeatureWrapper)[pri:0, instance:Runner.TestApplication@35dab4eb]" started-at="2022-08-19T11:36:36 IST" name="runScenario" description="Runs Cucumber Scenarios" data-provider="scenarios" finished-at="2022-08-19T11:36:56 IST" duration-ms="20173" status="PASS">
          <params>
            <param index="0">
              <value>
                <![CDATA["To verify maker user can able to create the record with invalid input"]]>
              </value>
            </param>
            <param index="1">
              <value>
                <![CDATA["Optional[To verify under writer offset control module fields and creation and updation]"]]>
              </value>
            </param>
          </params>
          <reporter-output>
          </reporter-output>
        </test-method> <!-- runScenario -->
        <test-method signature="runScenario(io.cucumber.testng.PickleWrapper,io.cucumber.testng.FeatureWrapper)[pri:0, instance:Runner.TestApplication@35dab4eb]" started-at="2022-08-19T11:36:56 IST" name="runScenario" description="Runs Cucumber Scenarios" data-provider="scenarios" finished-at="2022-08-19T11:37:23 IST" duration-ms="26879" status="PASS">
          <params>
            <param index="0">
              <value>
                <![CDATA["To verify maker user can able to update the under writer record beore approval"]]>
              </value>
            </param>
            <param index="1">
              <value>
                <![CDATA["Optional[To verify under writer offset control module fields and creation and updation]"]]>
              </value>
            </param>
          </params>
          <reporter-output>
          </reporter-output>
        </test-method> <!-- runScenario -->
        <test-method signature="runScenario(io.cucumber.testng.PickleWrapper,io.cucumber.testng.FeatureWrapper)[pri:0, instance:Runner.TestApplication@35dab4eb]" started-at="2022-08-19T11:37:23 IST" name="runScenario" description="Runs Cucumber Scenarios" data-provider="scenarios" finished-at="2022-08-19T11:37:42 IST" duration-ms="19078" status="PASS">
          <params>
            <param index="0">
              <value>
                <![CDATA["To verify checker user can able to approve the under writer off set control record"]]>
              </value>
            </param>
            <param index="1">
              <value>
                <![CDATA["Optional[To verify under writer offset control module fields and creation and updation]"]]>
              </value>
            </param>
          </params>
          <reporter-output>
          </reporter-output>
        </test-method> <!-- runScenario -->
        <test-method signature="runScenario(io.cucumber.testng.PickleWrapper,io.cucumber.testng.FeatureWrapper)[pri:0, instance:Runner.TestApplication@35dab4eb]" started-at="2022-08-19T11:37:42 IST" name="runScenario" description="Runs Cucumber Scenarios" data-provider="scenarios" finished-at="2022-08-19T11:38:23 IST" duration-ms="40944" status="PASS">
          <params>
            <param index="0">
              <value>
                <![CDATA["To verify maker user can able to update the under writer record which is approved from checkr"]]>
              </value>
            </param>
            <param index="1">
              <value>
                <![CDATA["Optional[To verify under writer offset control module fields and creation and updation]"]]>
              </value>
            </param>
          </params>
          <reporter-output>
          </reporter-output>
        </test-method> <!-- runScenario -->
        <test-method signature="runScenario(io.cucumber.testng.PickleWrapper,io.cucumber.testng.FeatureWrapper)[pri:0, instance:Runner.TestApplication@35dab4eb]" started-at="2022-08-19T11:38:23 IST" name="runScenario" description="Runs Cucumber Scenarios" data-provider="scenarios" finished-at="2022-08-19T11:38:42 IST" duration-ms="19485" status="PASS">
          <params>
            <param index="0">
              <value>
                <![CDATA["To verify checker user can able to approve the under writer off set control record"]]>
              </value>
            </param>
            <param index="1">
              <value>
                <![CDATA["Optional[To verify under writer offset control module fields and creation and updation]"]]>
              </value>
            </param>
          </params>
          <reporter-output>
          </reporter-output>
        </test-method> <!-- runScenario -->
        <test-method signature="runScenario(io.cucumber.testng.PickleWrapper,io.cucumber.testng.FeatureWrapper)[pri:0, instance:Runner.TestApplication@35dab4eb]" started-at="2022-08-19T11:38:42 IST" name="runScenario" description="Runs Cucumber Scenarios" data-provider="scenarios" finished-at="2022-08-19T11:39:08 IST" duration-ms="25211" status="PASS">
          <params>
            <param index="0">
              <value>
                <![CDATA["To verify maker user can able to update the under writer record which is approved from checkr"]]>
              </value>
            </param>
            <param index="1">
              <value>
                <![CDATA["Optional[To verify under writer offset control module fields and creation and updation]"]]>
              </value>
            </param>
          </params>
          <reporter-output>
          </reporter-output>
        </test-method> <!-- runScenario -->
        <test-method signature="runScenario(io.cucumber.testng.PickleWrapper,io.cucumber.testng.FeatureWrapper)[pri:0, instance:Runner.TestApplication@35dab4eb]" started-at="2022-08-19T11:39:08 IST" name="runScenario" description="Runs Cucumber Scenarios" data-provider="scenarios" finished-at="2022-08-19T11:39:27 IST" duration-ms="19710" status="PASS">
          <params>
            <param index="0">
              <value>
                <![CDATA["To verify checker user can able to reject the record"]]>
              </value>
            </param>
            <param index="1">
              <value>
                <![CDATA["Optional[To verify under writer offset control module fields and creation and updation]"]]>
              </value>
            </param>
          </params>
          <reporter-output>
          </reporter-output>
        </test-method> <!-- runScenario -->
        <test-method signature="runScenario(io.cucumber.testng.PickleWrapper,io.cucumber.testng.FeatureWrapper)[pri:0, instance:Runner.TestApplication@35dab4eb]" started-at="2022-08-19T11:39:27 IST" name="runScenario" description="Runs Cucumber Scenarios" data-provider="scenarios" finished-at="2022-08-19T11:39:52 IST" duration-ms="24810" status="PASS">
          <params>
            <param index="0">
              <value>
                <![CDATA["To verify maker user can able to update the under writer record which is approved from checkr"]]>
              </value>
            </param>
            <param index="1">
              <value>
                <![CDATA["Optional[To verify under writer offset control module fields and creation and updation]"]]>
              </value>
            </param>
          </params>
          <reporter-output>
          </reporter-output>
        </test-method> <!-- runScenario -->
        <test-method signature="runScenario(io.cucumber.testng.PickleWrapper,io.cucumber.testng.FeatureWrapper)[pri:0, instance:Runner.TestApplication@35dab4eb]" started-at="2022-08-19T11:39:52 IST" name="runScenario" description="Runs Cucumber Scenarios" data-provider="scenarios" finished-at="2022-08-19T11:40:12 IST" duration-ms="19510" status="PASS">
          <params>
            <param index="0">
              <value>
                <![CDATA["To verify checker user can able to return the record"]]>
              </value>
            </param>
            <param index="1">
              <value>
                <![CDATA["Optional[To verify under writer offset control module fields and creation and updation]"]]>
              </value>
            </param>
          </params>
          <reporter-output>
          </reporter-output>
        </test-method> <!-- runScenario -->
        <test-method signature="runScenario(io.cucumber.testng.PickleWrapper,io.cucumber.testng.FeatureWrapper)[pri:0, instance:Runner.TestApplication@35dab4eb]" started-at="2022-08-19T11:40:12 IST" name="runScenario" description="Runs Cucumber Scenarios" data-provider="scenarios" finished-at="2022-08-19T11:40:39 IST" duration-ms="27639" status="PASS">
          <params>
            <param index="0">
              <value>
                <![CDATA["To verify maker user can able to update the under writer record beore approval"]]>
              </value>
            </param>
            <param index="1">
              <value>
                <![CDATA["Optional[To verify under writer offset control module fields and creation and updation]"]]>
              </value>
            </param>
          </params>
          <reporter-output>
          </reporter-output>
        </test-method> <!-- runScenario -->
        <test-method signature="runScenario(io.cucumber.testng.PickleWrapper,io.cucumber.testng.FeatureWrapper)[pri:0, instance:Runner.TestApplication@35dab4eb]" started-at="2022-08-19T11:40:39 IST" name="runScenario" description="Runs Cucumber Scenarios" data-provider="scenarios" finished-at="2022-08-19T11:40:59 IST" duration-ms="19581" status="PASS">
          <params>
            <param index="0">
              <value>
                <![CDATA["To verify checker user can able to approve the under writer off set control record"]]>
              </value>
            </param>
            <param index="1">
              <value>
                <![CDATA["Optional[To verify under writer offset control module fields and creation and updation]"]]>
              </value>
            </param>
          </params>
          <reporter-output>
          </reporter-output>
        </test-method> <!-- runScenario -->
        <test-method signature="runScenario(io.cucumber.testng.PickleWrapper,io.cucumber.testng.FeatureWrapper)[pri:0, instance:Runner.TestApplication@35dab4eb]" started-at="2022-08-19T11:40:59 IST" name="runScenario" description="Runs Cucumber Scenarios" data-provider="scenarios" finished-at="2022-08-19T11:41:26 IST" duration-ms="27131" status="PASS">
          <params>
            <param index="0">
              <value>
                <![CDATA["To verify maker user can not able to update the under writer record with invalid inputs"]]>
              </value>
            </param>
            <param index="1">
              <value>
                <![CDATA["Optional[To verify under writer offset control module fields and creation and updation]"]]>
              </value>
            </param>
          </params>
          <reporter-output>
          </reporter-output>
        </test-method> <!-- runScenario -->
        <test-method signature="runScenario(io.cucumber.testng.PickleWrapper,io.cucumber.testng.FeatureWrapper)[pri:0, instance:Runner.TestApplication@35dab4eb]" started-at="2022-08-19T11:41:26 IST" name="runScenario" description="Runs Cucumber Scenarios" data-provider="scenarios" finished-at="2022-08-19T11:42:19 IST" duration-ms="52609" status="PASS">
          <params>
            <param index="0">
              <value>
                <![CDATA["validate the list view and WIP fields of under writer offset control"]]>
              </value>
            </param>
            <param index="1">
              <value>
                <![CDATA["Optional[To verify under writer offset control module fields and creation and updation]"]]>
              </value>
            </param>
          </params>
          <reporter-output>
          </reporter-output>
        </test-method> <!-- runScenario -->
        <test-method is-config="true" signature="tearDownClass()[pri:0, instance:Runner.TestApplication@35dab4eb]" started-at="2022-08-19T11:42:19 IST" name="tearDownClass" finished-at="2022-08-19T11:43:25 IST" duration-ms="66400" status="PASS">
          <reporter-output>
          </reporter-output>
        </test-method> <!-- tearDownClass -->
        <test-method is-config="true" signature="afterExecution()[pri:0, instance:Runner.TestApplication@35dab4eb]" started-at="2022-08-19T11:43:25 IST" name="afterExecution" finished-at="2022-08-19T11:43:25 IST" duration-ms="226" status="PASS">
          <reporter-output>
          </reporter-output>
        </test-method> <!-- afterExecution -->
      </class> <!-- Runner.TestApplication -->
    </test> <!-- Default test -->
  </suite> <!-- Default suite -->
</testng-results>
