<?xml version="1.0" encoding="UTF-8"?>
<testng-results ignored="0" total="1" passed="0" failed="1" skipped="0">
  <reporter-output>
  </reporter-output>
  <suite started-at="2022-08-29T10:52:34 IST" name="Default suite" finished-at="2022-08-29T10:53:19 IST" duration-ms="45028">
    <groups>
      <group name="cucumber">
        <method signature="AbstractTestNGCucumberTests.runScenario(io.cucumber.testng.PickleWrapper,io.cucumber.testng.FeatureWrapper)[pri:0, instance:Runner.TestApplication@35dab4eb]" name="runScenario" class="io.cucumber.testng.AbstractTestNGCucumberTests"/>
      </group> <!-- cucumber -->
    </groups>
    <test started-at="2022-08-29T10:52:34 IST" name="Default test" finished-at="2022-08-29T10:53:19 IST" duration-ms="45028">
      <class name="Runner.TestApplication">
        <test-method is-config="true" signature="beforeExecution()[pri:0, instance:Runner.TestApplication@35dab4eb]" started-at="2022-08-29T10:52:34 IST" name="beforeExecution" finished-at="2022-08-29T10:52:34 IST" duration-ms="7" status="PASS">
          <reporter-output>
          </reporter-output>
        </test-method> <!-- beforeExecution -->
        <test-method is-config="true" signature="setUpClass()[pri:0, instance:Runner.TestApplication@35dab4eb]" started-at="2022-08-29T10:52:34 IST" name="setUpClass" finished-at="2022-08-29T10:52:35 IST" duration-ms="1039" status="PASS">
          <reporter-output>
          </reporter-output>
        </test-method> <!-- setUpClass -->
        <test-method signature="runScenario(io.cucumber.testng.PickleWrapper,io.cucumber.testng.FeatureWrapper)[pri:0, instance:Runner.TestApplication@35dab4eb]" started-at="2022-08-29T10:52:35 IST" name="runScenario" description="Runs Cucumber Scenarios" data-provider="scenarios" finished-at="2022-08-29T10:53:12 IST" duration-ms="36980" status="FAIL">
          <params>
            <param index="0">
              <value>
                <![CDATA["To verify parameter list view record should get opened with non editable"]]>
              </value>
            </param>
            <param index="1">
              <value>
                <![CDATA["Optional[To verify fields in project master input fields and record flow]"]]>
              </value>
            </param>
          </params>
          <exception class="org.openqa.selenium.TimeoutException">
            <message>
              <![CDATA[Expected condition failed: waiting for visibility of [[ChromeDriver: chrome on WINDOWS (e0943fe9b88203598a463aa30acd2cfc)] -> xpath: //ion-label[text()='Project Setup']] (tried for 5 second(s) with 1000 milliseconds interval)
Build info: version: '4.0.0-rc-1', revision: 'bc5511cbda'
System info: host: 'INMUVADP014584', ip: '10.1.47.109', os.name: 'Windows 10', os.arch: 'amd64', os.version: '10.0', java.version: '17.0.1'
Driver info: driver.version: unknown]]>
            </message>
            <full-stacktrace>
              <![CDATA[org.openqa.selenium.TimeoutException: Expected condition failed: waiting for visibility of [[ChromeDriver: chrome on WINDOWS (e0943fe9b88203598a463aa30acd2cfc)] -> xpath: //ion-label[text()='Project Setup']] (tried for 5 second(s) with 1000 milliseconds interval)
Build info: version: '4.0.0-rc-1', revision: 'bc5511cbda'
System info: host: 'INMUVADP014584', ip: '10.1.47.109', os.name: 'Windows 10', os.arch: 'amd64', os.version: '10.0', java.version: '17.0.1'
Driver info: driver.version: unknown
at org.openqa.selenium.support.ui.FluentWait.timeoutException(FluentWait.java:263)
at org.openqa.selenium.support.ui.FluentWait.until(FluentWait.java:231)
at helper.WaitHelper.waitForElementToVisibleWithFluentWait(WaitHelper.java:91)
at stepdefinitions.ULS_ProjectMasterSteps.go_to_project_setup_main_menu(ULS_ProjectMasterSteps.java:37)
at ✽.go to project setup main menu(file:///C:/Users/inindc00076/git/KULS_Anandh/AzentioULSFramework_Anandh/src/test/java/features/ULS_ProjectMasterFeature.feature:168)
]]>
            </full-stacktrace>
          </exception> <!-- org.openqa.selenium.TimeoutException -->
          <reporter-output>
          </reporter-output>
        </test-method> <!-- runScenario -->
        <test-method is-config="true" signature="tearDownClass()[pri:0, instance:Runner.TestApplication@35dab4eb]" started-at="2022-08-29T10:53:12 IST" name="tearDownClass" finished-at="2022-08-29T10:53:19 IST" duration-ms="6954" status="PASS">
          <reporter-output>
          </reporter-output>
        </test-method> <!-- tearDownClass -->
        <test-method is-config="true" signature="afterExecution()[pri:0, instance:Runner.TestApplication@35dab4eb]" started-at="2022-08-29T10:53:19 IST" name="afterExecution" finished-at="2022-08-29T10:53:19 IST" duration-ms="248" status="PASS">
          <reporter-output>
          </reporter-output>
        </test-method> <!-- afterExecution -->
      </class> <!-- Runner.TestApplication -->
    </test> <!-- Default test -->
  </suite> <!-- Default suite -->
</testng-results>
