<?xml version="1.0" encoding="UTF-8"?>
<testng-results ignored="0" total="1" passed="0" failed="1" skipped="0">
  <reporter-output>
  </reporter-output>
  <suite started-at="2022-08-08T17:56:48 IST" name="Default suite" finished-at="2022-08-08T17:59:50 IST" duration-ms="182047">
    <groups>
      <group name="cucumber">
        <method signature="AbstractTestNGCucumberTests.runScenario(io.cucumber.testng.PickleWrapper,io.cucumber.testng.FeatureWrapper)[pri:0, instance:Runner.TestApplication@35dab4eb]" name="runScenario" class="io.cucumber.testng.AbstractTestNGCucumberTests"/>
      </group> <!-- cucumber -->
    </groups>
    <test started-at="2022-08-08T17:56:48 IST" name="Default test" finished-at="2022-08-08T17:59:50 IST" duration-ms="182047">
      <class name="Runner.TestApplication">
        <test-method is-config="true" signature="beforeExecution()[pri:0, instance:Runner.TestApplication@35dab4eb]" started-at="2022-08-08T17:56:48 IST" name="beforeExecution" finished-at="2022-08-08T17:56:48 IST" duration-ms="10" status="PASS">
          <reporter-output>
          </reporter-output>
        </test-method> <!-- beforeExecution -->
        <test-method is-config="true" signature="setUpClass()[pri:0, instance:Runner.TestApplication@35dab4eb]" started-at="2022-08-08T17:56:48 IST" name="setUpClass" finished-at="2022-08-08T17:56:51 IST" duration-ms="2439" status="PASS">
          <reporter-output>
          </reporter-output>
        </test-method> <!-- setUpClass -->
        <test-method signature="runScenario(io.cucumber.testng.PickleWrapper,io.cucumber.testng.FeatureWrapper)[pri:0, instance:Runner.TestApplication@35dab4eb]" started-at="2022-08-08T17:56:51 IST" name="runScenario" description="Runs Cucumber Scenarios" data-provider="scenarios" finished-at="2022-08-08T17:58:47 IST" duration-ms="116843" status="FAIL">
          <params>
            <param index="0">
              <value>
                <![CDATA["To verify maker user can able to fill the project master fields and save the data"]]>
              </value>
            </param>
            <param index="1">
              <value>
                <![CDATA["Optional[To verify fields in project master input fields and record flow]"]]>
              </value>
            </param>
          </params>
          <exception class="org.junit.ComparisonFailure">
            <message>
              <![CDATA[expected:<[dep23]> but was:<[12345]>]]>
            </message>
            <full-stacktrace>
              <![CDATA[org.junit.ComparisonFailure: expected:<[dep23]> but was:<[12345]>
at org.junit.Assert.assertEquals(Assert.java:115)
at org.junit.Assert.assertEquals(Assert.java:144)
at stepdefinitions.ULS_ProjectMasterSteps.submit_the_record_from_maker_endand_give_alert_remark_and_submit_the_alert_button_after_clickking_on_alert(ULS_ProjectMasterSteps.java:1933)
at ✽.submit the record from maker endAnd give alert remark and submit the alert button after clickking on alert(file:///C:/Users/inindc00076/git/KULS_Anandh/AzentioULSFramework_Anandh/src/test/java/features/ULS_ProjectMasterFeature.feature:162)
]]>
            </full-stacktrace>
          </exception> <!-- org.junit.ComparisonFailure -->
          <reporter-output>
          </reporter-output>
        </test-method> <!-- runScenario -->
        <test-method is-config="true" signature="tearDownClass()[pri:0, instance:Runner.TestApplication@35dab4eb]" started-at="2022-08-08T17:58:47 IST" name="tearDownClass" finished-at="2022-08-08T17:59:50 IST" duration-ms="62657" status="PASS">
          <reporter-output>
          </reporter-output>
        </test-method> <!-- tearDownClass -->
        <test-method is-config="true" signature="afterExecution()[pri:0, instance:Runner.TestApplication@35dab4eb]" started-at="2022-08-08T17:59:50 IST" name="afterExecution" finished-at="2022-08-08T17:59:51 IST" duration-ms="275" status="PASS">
          <reporter-output>
          </reporter-output>
        </test-method> <!-- afterExecution -->
      </class> <!-- Runner.TestApplication -->
    </test> <!-- Default test -->
  </suite> <!-- Default suite -->
</testng-results>
