<?xml version="1.0" encoding="UTF-8"?>
<testng-results ignored="0" total="1" passed="1" failed="0" skipped="0">
  <reporter-output>
  </reporter-output>
  <suite started-at="2022-10-03T15:00:36 IST" name="Default suite" finished-at="2022-10-03T15:01:43 IST" duration-ms="67842">
    <groups>
      <group name="cucumber">
        <method signature="AbstractTestNGCucumberTests.runScenario(io.cucumber.testng.PickleWrapper,io.cucumber.testng.FeatureWrapper)[pri:0, instance:Runner.TestApplication@35dab4eb]" name="runScenario" class="io.cucumber.testng.AbstractTestNGCucumberTests"/>
      </group> <!-- cucumber -->
    </groups>
    <test started-at="2022-10-03T15:00:36 IST" name="Default test" finished-at="2022-10-03T15:01:43 IST" duration-ms="67842">
      <class name="Runner.TestApplication">
        <test-method is-config="true" signature="beforeExecution()[pri:0, instance:Runner.TestApplication@35dab4eb]" started-at="2022-10-03T15:00:36 IST" name="beforeExecution" finished-at="2022-10-03T15:00:36 IST" duration-ms="6" status="PASS">
          <reporter-output>
          </reporter-output>
        </test-method> <!-- beforeExecution -->
        <test-method is-config="true" signature="setUpClass()[pri:0, instance:Runner.TestApplication@35dab4eb]" started-at="2022-10-03T15:00:36 IST" name="setUpClass" finished-at="2022-10-03T15:00:37 IST" duration-ms="1233" status="PASS">
          <reporter-output>
          </reporter-output>
        </test-method> <!-- setUpClass -->
        <test-method signature="runScenario(io.cucumber.testng.PickleWrapper,io.cucumber.testng.FeatureWrapper)[pri:0, instance:Runner.TestApplication@35dab4eb]" started-at="2022-10-03T15:00:37 IST" name="runScenario" description="Runs Cucumber Scenarios" data-provider="scenarios" finished-at="2022-10-03T15:01:29 IST" duration-ms="51725" status="PASS">
          <params>
            <param index="0">
              <value>
                <![CDATA["To verify user can able to create the report master record with invalid inputs"]]>
              </value>
            </param>
            <param index="1">
              <value>
                <![CDATA["Optional[To Test the Report master module]"]]>
              </value>
            </param>
          </params>
          <reporter-output>
          </reporter-output>
        </test-method> <!-- runScenario -->
        <test-method is-config="true" signature="tearDownClass()[pri:0, instance:Runner.TestApplication@35dab4eb]" started-at="2022-10-03T15:01:29 IST" name="tearDownClass" finished-at="2022-10-03T15:01:43 IST" duration-ms="14826" status="PASS">
          <reporter-output>
          </reporter-output>
        </test-method> <!-- tearDownClass -->
        <test-method is-config="true" signature="afterExecution()[pri:0, instance:Runner.TestApplication@35dab4eb]" started-at="2022-10-03T15:01:43 IST" name="afterExecution" finished-at="2022-10-03T15:01:44 IST" duration-ms="197" status="PASS">
          <reporter-output>
          </reporter-output>
        </test-method> <!-- afterExecution -->
      </class> <!-- Runner.TestApplication -->
    </test> <!-- Default test -->
  </suite> <!-- Default suite -->
</testng-results>
