<?xml version="1.0" encoding="UTF-8"?>
<testng-results ignored="0" total="5" passed="4" failed="1" skipped="0">
  <reporter-output>
  </reporter-output>
  <suite started-at="2022-09-23T17:01:30 IST" name="Default suite" finished-at="2022-09-23T17:08:02 IST" duration-ms="391680">
    <groups>
      <group name="cucumber">
        <method signature="AbstractTestNGCucumberTests.runScenario(io.cucumber.testng.PickleWrapper,io.cucumber.testng.FeatureWrapper)[pri:0, instance:Runner.TestApplication@8519cb4]" name="runScenario" class="io.cucumber.testng.AbstractTestNGCucumberTests"/>
      </group> <!-- cucumber -->
    </groups>
    <test started-at="2022-09-23T17:01:30 IST" name="Default test" finished-at="2022-09-23T17:08:02 IST" duration-ms="391680">
      <class name="Runner.TestApplication">
        <test-method is-config="true" signature="beforeExecution()[pri:0, instance:Runner.TestApplication@8519cb4]" started-at="2022-09-23T17:01:30 IST" name="beforeExecution" finished-at="2022-09-23T17:01:30 IST" duration-ms="7" status="PASS">
          <reporter-output>
          </reporter-output>
        </test-method> <!-- beforeExecution -->
        <test-method is-config="true" signature="setUpClass()[pri:0, instance:Runner.TestApplication@8519cb4]" started-at="2022-09-23T17:01:30 IST" name="setUpClass" finished-at="2022-09-23T17:01:32 IST" duration-ms="1267" status="PASS">
          <reporter-output>
          </reporter-output>
        </test-method> <!-- setUpClass -->
        <test-method signature="runScenario(io.cucumber.testng.PickleWrapper,io.cucumber.testng.FeatureWrapper)[pri:0, instance:Runner.TestApplication@8519cb4]" started-at="2022-09-23T17:01:32 IST" name="runScenario" description="Runs Cucumber Scenarios" data-provider="scenarios" finished-at="2022-09-23T17:02:43 IST" duration-ms="71701" status="FAIL">
          <params>
            <param index="0">
              <value>
                <![CDATA["To create the property details with valid data"]]>
              </value>
            </param>
            <param index="1">
              <value>
                <![CDATA["Optional[To test the property details tab]"]]>
              </value>
            </param>
          </params>
          <exception class="java.lang.AssertionError">
            <message>
              <![CDATA[The following asserts failed:
address line 1 field should be non mandatory but here its a mandatory one expected [true] but found [false],
address line 2 field should be non mandatory but here its a mandatory one expected [true] but found [false]]]>
            </message>
            <full-stacktrace>
              <![CDATA[java.lang.AssertionError: The following asserts failed:
address line 1 field should be non mandatory but here its a mandatory one expected [true] but found [false],
address line 2 field should be non mandatory but here its a mandatory one expected [true] but found [false]
at org.testng.asserts.SoftAssert.assertAll(SoftAssert.java:47)
at org.testng.asserts.SoftAssert.assertAll(SoftAssert.java:31)
at stepdefinitions.PropertyDetails_Steps.verify_record_is_saved_in_the_system(PropertyDetails_Steps.java:1383)
at ✽.verify record is saved in the system(file:///C:/Users/inindc00076/git/Azentio_ULSAnandh/AzentioULSFramework_Anandh/src/test/java/features/ULS_PropertyDetailsfEATURE.feature:86)
]]>
            </full-stacktrace>
          </exception> <!-- java.lang.AssertionError -->
          <reporter-output>
          </reporter-output>
        </test-method> <!-- runScenario -->
        <test-method signature="runScenario(io.cucumber.testng.PickleWrapper,io.cucumber.testng.FeatureWrapper)[pri:0, instance:Runner.TestApplication@8519cb4]" started-at="2022-09-23T17:02:43 IST" name="runScenario" description="Runs Cucumber Scenarios" data-provider="scenarios" finished-at="2022-09-23T17:03:21 IST" duration-ms="37930" status="PASS">
          <params>
            <param index="0">
              <value>
                <![CDATA["To verify user can able to create the property details record with invalid input"]]>
              </value>
            </param>
            <param index="1">
              <value>
                <![CDATA["Optional[To test the property details tab]"]]>
              </value>
            </param>
          </params>
          <reporter-output>
          </reporter-output>
        </test-method> <!-- runScenario -->
        <test-method signature="runScenario(io.cucumber.testng.PickleWrapper,io.cucumber.testng.FeatureWrapper)[pri:0, instance:Runner.TestApplication@8519cb4]" started-at="2022-09-23T17:03:21 IST" name="runScenario" description="Runs Cucumber Scenarios" data-provider="scenarios" finished-at="2022-09-23T17:05:02 IST" duration-ms="100628" status="PASS">
          <params>
            <param index="0">
              <value>
                <![CDATA["To verify user can able to modify theproperty details record before saving the record"]]>
              </value>
            </param>
            <param index="1">
              <value>
                <![CDATA["Optional[To test the property details tab]"]]>
              </value>
            </param>
          </params>
          <reporter-output>
          </reporter-output>
        </test-method> <!-- runScenario -->
        <test-method signature="runScenario(io.cucumber.testng.PickleWrapper,io.cucumber.testng.FeatureWrapper)[pri:0, instance:Runner.TestApplication@8519cb4]" started-at="2022-09-23T17:05:02 IST" name="runScenario" description="Runs Cucumber Scenarios" data-provider="scenarios" finished-at="2022-09-23T17:05:46 IST" duration-ms="44053" status="PASS">
          <params>
            <param index="0">
              <value>
                <![CDATA["verify system allow user to do a modification on already saved record"]]>
              </value>
            </param>
            <param index="1">
              <value>
                <![CDATA["Optional[To test the property details tab]"]]>
              </value>
            </param>
          </params>
          <reporter-output>
          </reporter-output>
        </test-method> <!-- runScenario -->
        <test-method signature="runScenario(io.cucumber.testng.PickleWrapper,io.cucumber.testng.FeatureWrapper)[pri:0, instance:Runner.TestApplication@8519cb4]" started-at="2022-09-23T17:05:46 IST" name="runScenario" description="Runs Cucumber Scenarios" data-provider="scenarios" finished-at="2022-09-23T17:06:21 IST" duration-ms="35301" status="PASS">
          <params>
            <param index="0">
              <value>
                <![CDATA["verify while modification, when user keep any mandatory field blank and click on save button"]]>
              </value>
            </param>
            <param index="1">
              <value>
                <![CDATA["Optional[To test the property details tab]"]]>
              </value>
            </param>
          </params>
          <reporter-output>
          </reporter-output>
        </test-method> <!-- runScenario -->
        <test-method is-config="true" signature="tearDownClass()[pri:0, instance:Runner.TestApplication@8519cb4]" started-at="2022-09-23T17:06:21 IST" name="tearDownClass" finished-at="2022-09-23T17:08:02 IST" duration-ms="100741" status="PASS">
          <reporter-output>
          </reporter-output>
        </test-method> <!-- tearDownClass -->
        <test-method is-config="true" signature="afterExecution()[pri:0, instance:Runner.TestApplication@8519cb4]" started-at="2022-09-23T17:08:02 IST" name="afterExecution" finished-at="2022-09-23T17:08:02 IST" duration-ms="316" status="PASS">
          <reporter-output>
          </reporter-output>
        </test-method> <!-- afterExecution -->
      </class> <!-- Runner.TestApplication -->
    </test> <!-- Default test -->
  </suite> <!-- Default suite -->
</testng-results>
