<?xml version="1.0" encoding="UTF-8"?>
<testng-results ignored="0" total="19" passed="19" failed="0" skipped="0">
  <reporter-output>
  </reporter-output>
  <suite started-at="2022-08-11T15:20:24 IST" name="Default suite" finished-at="2022-08-11T15:33:35 IST" duration-ms="790583">
    <groups>
      <group name="cucumber">
        <method signature="AbstractTestNGCucumberTests.runScenario(io.cucumber.testng.PickleWrapper,io.cucumber.testng.FeatureWrapper)[pri:0, instance:Runner.TestApplication@35dab4eb]" name="runScenario" class="io.cucumber.testng.AbstractTestNGCucumberTests"/>
      </group> <!-- cucumber -->
    </groups>
    <test started-at="2022-08-11T15:20:24 IST" name="Default test" finished-at="2022-08-11T15:33:35 IST" duration-ms="790583">
      <class name="Runner.TestApplication">
        <test-method is-config="true" signature="beforeExecution()[pri:0, instance:Runner.TestApplication@35dab4eb]" started-at="2022-08-11T15:20:24 IST" name="beforeExecution" finished-at="2022-08-11T15:20:24 IST" duration-ms="10" status="PASS">
          <reporter-output>
          </reporter-output>
        </test-method> <!-- beforeExecution -->
        <test-method is-config="true" signature="setUpClass()[pri:0, instance:Runner.TestApplication@35dab4eb]" started-at="2022-08-11T15:20:24 IST" name="setUpClass" finished-at="2022-08-11T15:20:25 IST" duration-ms="1109" status="PASS">
          <reporter-output>
          </reporter-output>
        </test-method> <!-- setUpClass -->
        <test-method signature="runScenario(io.cucumber.testng.PickleWrapper,io.cucumber.testng.FeatureWrapper)[pri:0, instance:Runner.TestApplication@35dab4eb]" started-at="2022-08-11T15:20:25 IST" name="runScenario" description="Runs Cucumber Scenarios" data-provider="scenarios" finished-at="2022-08-11T15:21:41 IST" duration-ms="75768" status="PASS">
          <params>
            <param index="0">
              <value>
                <![CDATA["To verify user can able to create the under writer off set record"]]>
              </value>
            </param>
            <param index="1">
              <value>
                <![CDATA["Optional[To verify under writer offset control module fields and creation and updation]"]]>
              </value>
            </param>
          </params>
          <reporter-output>
          </reporter-output>
        </test-method> <!-- runScenario -->
        <test-method signature="runScenario(io.cucumber.testng.PickleWrapper,io.cucumber.testng.FeatureWrapper)[pri:0, instance:Runner.TestApplication@35dab4eb]" started-at="2022-08-11T15:21:41 IST" name="runScenario" description="Runs Cucumber Scenarios" data-provider="scenarios" finished-at="2022-08-11T15:22:05 IST" duration-ms="24053" status="PASS">
          <params>
            <param index="0">
              <value>
                <![CDATA["To verify checker user can able to approve the under writer off set control record"]]>
              </value>
            </param>
            <param index="1">
              <value>
                <![CDATA["Optional[To verify under writer offset control module fields and creation and updation]"]]>
              </value>
            </param>
          </params>
          <reporter-output>
          </reporter-output>
        </test-method> <!-- runScenario -->
        <test-method signature="runScenario(io.cucumber.testng.PickleWrapper,io.cucumber.testng.FeatureWrapper)[pri:0, instance:Runner.TestApplication@35dab4eb]" started-at="2022-08-11T15:22:05 IST" name="runScenario" description="Runs Cucumber Scenarios" data-provider="scenarios" finished-at="2022-08-11T15:23:10 IST" duration-ms="64610" status="PASS">
          <params>
            <param index="0">
              <value>
                <![CDATA["To verify user can able to create the under writer off set record"]]>
              </value>
            </param>
            <param index="1">
              <value>
                <![CDATA["Optional[To verify under writer offset control module fields and creation and updation]"]]>
              </value>
            </param>
          </params>
          <reporter-output>
          </reporter-output>
        </test-method> <!-- runScenario -->
        <test-method signature="runScenario(io.cucumber.testng.PickleWrapper,io.cucumber.testng.FeatureWrapper)[pri:0, instance:Runner.TestApplication@35dab4eb]" started-at="2022-08-11T15:23:10 IST" name="runScenario" description="Runs Cucumber Scenarios" data-provider="scenarios" finished-at="2022-08-11T15:23:31 IST" duration-ms="21622" status="PASS">
          <params>
            <param index="0">
              <value>
                <![CDATA["To verify checker user can able to reject the record"]]>
              </value>
            </param>
            <param index="1">
              <value>
                <![CDATA["Optional[To verify under writer offset control module fields and creation and updation]"]]>
              </value>
            </param>
          </params>
          <reporter-output>
          </reporter-output>
        </test-method> <!-- runScenario -->
        <test-method signature="runScenario(io.cucumber.testng.PickleWrapper,io.cucumber.testng.FeatureWrapper)[pri:0, instance:Runner.TestApplication@35dab4eb]" started-at="2022-08-11T15:23:31 IST" name="runScenario" description="Runs Cucumber Scenarios" data-provider="scenarios" finished-at="2022-08-11T15:23:59 IST" duration-ms="28066" status="PASS">
          <params>
            <param index="0">
              <value>
                <![CDATA["To verify user can able to create the under writer off set record"]]>
              </value>
            </param>
            <param index="1">
              <value>
                <![CDATA["Optional[To verify under writer offset control module fields and creation and updation]"]]>
              </value>
            </param>
          </params>
          <reporter-output>
          </reporter-output>
        </test-method> <!-- runScenario -->
        <test-method signature="runScenario(io.cucumber.testng.PickleWrapper,io.cucumber.testng.FeatureWrapper)[pri:0, instance:Runner.TestApplication@35dab4eb]" started-at="2022-08-11T15:23:59 IST" name="runScenario" description="Runs Cucumber Scenarios" data-provider="scenarios" finished-at="2022-08-11T15:24:22 IST" duration-ms="22386" status="PASS">
          <params>
            <param index="0">
              <value>
                <![CDATA["To verify checker user can able to return the record"]]>
              </value>
            </param>
            <param index="1">
              <value>
                <![CDATA["Optional[To verify under writer offset control module fields and creation and updation]"]]>
              </value>
            </param>
          </params>
          <reporter-output>
          </reporter-output>
        </test-method> <!-- runScenario -->
        <test-method signature="runScenario(io.cucumber.testng.PickleWrapper,io.cucumber.testng.FeatureWrapper)[pri:0, instance:Runner.TestApplication@35dab4eb]" started-at="2022-08-11T15:24:22 IST" name="runScenario" description="Runs Cucumber Scenarios" data-provider="scenarios" finished-at="2022-08-11T15:24:44 IST" duration-ms="22499" status="PASS">
          <params>
            <param index="0">
              <value>
                <![CDATA["To verify maker user can able to create the record with invalid input"]]>
              </value>
            </param>
            <param index="1">
              <value>
                <![CDATA["Optional[To verify under writer offset control module fields and creation and updation]"]]>
              </value>
            </param>
          </params>
          <reporter-output>
          </reporter-output>
        </test-method> <!-- runScenario -->
        <test-method signature="runScenario(io.cucumber.testng.PickleWrapper,io.cucumber.testng.FeatureWrapper)[pri:0, instance:Runner.TestApplication@35dab4eb]" started-at="2022-08-11T15:24:44 IST" name="runScenario" description="Runs Cucumber Scenarios" data-provider="scenarios" finished-at="2022-08-11T15:25:31 IST" duration-ms="46640" status="PASS">
          <params>
            <param index="0">
              <value>
                <![CDATA["To verify maker user can able to update the under writer record beore approval"]]>
              </value>
            </param>
            <param index="1">
              <value>
                <![CDATA["Optional[To verify under writer offset control module fields and creation and updation]"]]>
              </value>
            </param>
          </params>
          <reporter-output>
          </reporter-output>
        </test-method> <!-- runScenario -->
        <test-method signature="runScenario(io.cucumber.testng.PickleWrapper,io.cucumber.testng.FeatureWrapper)[pri:0, instance:Runner.TestApplication@35dab4eb]" started-at="2022-08-11T15:25:31 IST" name="runScenario" description="Runs Cucumber Scenarios" data-provider="scenarios" finished-at="2022-08-11T15:27:08 IST" duration-ms="97546" status="PASS">
          <params>
            <param index="0">
              <value>
                <![CDATA["To verify checker user can able to approve the under writer off set control record"]]>
              </value>
            </param>
            <param index="1">
              <value>
                <![CDATA["Optional[To verify under writer offset control module fields and creation and updation]"]]>
              </value>
            </param>
          </params>
          <reporter-output>
          </reporter-output>
        </test-method> <!-- runScenario -->
        <test-method signature="runScenario(io.cucumber.testng.PickleWrapper,io.cucumber.testng.FeatureWrapper)[pri:0, instance:Runner.TestApplication@35dab4eb]" started-at="2022-08-11T15:27:08 IST" name="runScenario" description="Runs Cucumber Scenarios" data-provider="scenarios" finished-at="2022-08-11T15:27:41 IST" duration-ms="32194" status="PASS">
          <params>
            <param index="0">
              <value>
                <![CDATA["To verify maker user can able to update the under writer record which is approved from checkr"]]>
              </value>
            </param>
            <param index="1">
              <value>
                <![CDATA["Optional[To verify under writer offset control module fields and creation and updation]"]]>
              </value>
            </param>
          </params>
          <reporter-output>
          </reporter-output>
        </test-method> <!-- runScenario -->
        <test-method signature="runScenario(io.cucumber.testng.PickleWrapper,io.cucumber.testng.FeatureWrapper)[pri:0, instance:Runner.TestApplication@35dab4eb]" started-at="2022-08-11T15:27:41 IST" name="runScenario" description="Runs Cucumber Scenarios" data-provider="scenarios" finished-at="2022-08-11T15:28:05 IST" duration-ms="23901" status="PASS">
          <params>
            <param index="0">
              <value>
                <![CDATA["To verify checker user can able to approve the under writer off set control record"]]>
              </value>
            </param>
            <param index="1">
              <value>
                <![CDATA["Optional[To verify under writer offset control module fields and creation and updation]"]]>
              </value>
            </param>
          </params>
          <reporter-output>
          </reporter-output>
        </test-method> <!-- runScenario -->
        <test-method signature="runScenario(io.cucumber.testng.PickleWrapper,io.cucumber.testng.FeatureWrapper)[pri:0, instance:Runner.TestApplication@35dab4eb]" started-at="2022-08-11T15:28:05 IST" name="runScenario" description="Runs Cucumber Scenarios" data-provider="scenarios" finished-at="2022-08-11T15:28:32 IST" duration-ms="27206" status="PASS">
          <params>
            <param index="0">
              <value>
                <![CDATA["To verify maker user can able to update the under writer record which is approved from checkr"]]>
              </value>
            </param>
            <param index="1">
              <value>
                <![CDATA["Optional[To verify under writer offset control module fields and creation and updation]"]]>
              </value>
            </param>
          </params>
          <reporter-output>
          </reporter-output>
        </test-method> <!-- runScenario -->
        <test-method signature="runScenario(io.cucumber.testng.PickleWrapper,io.cucumber.testng.FeatureWrapper)[pri:0, instance:Runner.TestApplication@35dab4eb]" started-at="2022-08-11T15:28:32 IST" name="runScenario" description="Runs Cucumber Scenarios" data-provider="scenarios" finished-at="2022-08-11T15:28:53 IST" duration-ms="21010" status="PASS">
          <params>
            <param index="0">
              <value>
                <![CDATA["To verify checker user can able to reject the record"]]>
              </value>
            </param>
            <param index="1">
              <value>
                <![CDATA["Optional[To verify under writer offset control module fields and creation and updation]"]]>
              </value>
            </param>
          </params>
          <reporter-output>
          </reporter-output>
        </test-method> <!-- runScenario -->
        <test-method signature="runScenario(io.cucumber.testng.PickleWrapper,io.cucumber.testng.FeatureWrapper)[pri:0, instance:Runner.TestApplication@35dab4eb]" started-at="2022-08-11T15:28:53 IST" name="runScenario" description="Runs Cucumber Scenarios" data-provider="scenarios" finished-at="2022-08-11T15:29:21 IST" duration-ms="28209" status="PASS">
          <params>
            <param index="0">
              <value>
                <![CDATA["To verify maker user can able to update the under writer record which is approved from checkr"]]>
              </value>
            </param>
            <param index="1">
              <value>
                <![CDATA["Optional[To verify under writer offset control module fields and creation and updation]"]]>
              </value>
            </param>
          </params>
          <reporter-output>
          </reporter-output>
        </test-method> <!-- runScenario -->
        <test-method signature="runScenario(io.cucumber.testng.PickleWrapper,io.cucumber.testng.FeatureWrapper)[pri:0, instance:Runner.TestApplication@35dab4eb]" started-at="2022-08-11T15:29:21 IST" name="runScenario" description="Runs Cucumber Scenarios" data-provider="scenarios" finished-at="2022-08-11T15:29:53 IST" duration-ms="31522" status="PASS">
          <params>
            <param index="0">
              <value>
                <![CDATA["To verify checker user can able to return the record"]]>
              </value>
            </param>
            <param index="1">
              <value>
                <![CDATA["Optional[To verify under writer offset control module fields and creation and updation]"]]>
              </value>
            </param>
          </params>
          <reporter-output>
          </reporter-output>
        </test-method> <!-- runScenario -->
        <test-method signature="runScenario(io.cucumber.testng.PickleWrapper,io.cucumber.testng.FeatureWrapper)[pri:0, instance:Runner.TestApplication@35dab4eb]" started-at="2022-08-11T15:29:53 IST" name="runScenario" description="Runs Cucumber Scenarios" data-provider="scenarios" finished-at="2022-08-11T15:30:29 IST" duration-ms="36522" status="PASS">
          <params>
            <param index="0">
              <value>
                <![CDATA["To verify maker user can able to update the under writer record beore approval"]]>
              </value>
            </param>
            <param index="1">
              <value>
                <![CDATA["Optional[To verify under writer offset control module fields and creation and updation]"]]>
              </value>
            </param>
          </params>
          <reporter-output>
          </reporter-output>
        </test-method> <!-- runScenario -->
        <test-method signature="runScenario(io.cucumber.testng.PickleWrapper,io.cucumber.testng.FeatureWrapper)[pri:0, instance:Runner.TestApplication@35dab4eb]" started-at="2022-08-11T15:30:29 IST" name="runScenario" description="Runs Cucumber Scenarios" data-provider="scenarios" finished-at="2022-08-11T15:30:51 IST" duration-ms="21887" status="PASS">
          <params>
            <param index="0">
              <value>
                <![CDATA["To verify checker user can able to approve the under writer off set control record"]]>
              </value>
            </param>
            <param index="1">
              <value>
                <![CDATA["Optional[To verify under writer offset control module fields and creation and updation]"]]>
              </value>
            </param>
          </params>
          <reporter-output>
          </reporter-output>
        </test-method> <!-- runScenario -->
        <test-method signature="runScenario(io.cucumber.testng.PickleWrapper,io.cucumber.testng.FeatureWrapper)[pri:0, instance:Runner.TestApplication@35dab4eb]" started-at="2022-08-11T15:30:51 IST" name="runScenario" description="Runs Cucumber Scenarios" data-provider="scenarios" finished-at="2022-08-11T15:31:20 IST" duration-ms="28766" status="PASS">
          <params>
            <param index="0">
              <value>
                <![CDATA["To verify maker user can not able to update the under writer record with invalid inputs"]]>
              </value>
            </param>
            <param index="1">
              <value>
                <![CDATA["Optional[To verify under writer offset control module fields and creation and updation]"]]>
              </value>
            </param>
          </params>
          <reporter-output>
          </reporter-output>
        </test-method> <!-- runScenario -->
        <test-method signature="runScenario(io.cucumber.testng.PickleWrapper,io.cucumber.testng.FeatureWrapper)[pri:0, instance:Runner.TestApplication@35dab4eb]" started-at="2022-08-11T15:31:20 IST" name="runScenario" description="Runs Cucumber Scenarios" data-provider="scenarios" finished-at="2022-08-11T15:32:11 IST" duration-ms="51638" status="PASS">
          <params>
            <param index="0">
              <value>
                <![CDATA["validate the list view and WIP fields of under writer offset control"]]>
              </value>
            </param>
            <param index="1">
              <value>
                <![CDATA["Optional[To verify under writer offset control module fields and creation and updation]"]]>
              </value>
            </param>
          </params>
          <reporter-output>
          </reporter-output>
        </test-method> <!-- runScenario -->
        <test-method is-config="true" signature="tearDownClass()[pri:0, instance:Runner.TestApplication@35dab4eb]" started-at="2022-08-11T15:32:11 IST" name="tearDownClass" finished-at="2022-08-11T15:33:35 IST" duration-ms="83307" status="PASS">
          <reporter-output>
          </reporter-output>
        </test-method> <!-- tearDownClass -->
        <test-method is-config="true" signature="afterExecution()[pri:0, instance:Runner.TestApplication@35dab4eb]" started-at="2022-08-11T15:33:35 IST" name="afterExecution" finished-at="2022-08-11T15:33:35 IST" duration-ms="328" status="PASS">
          <reporter-output>
          </reporter-output>
        </test-method> <!-- afterExecution -->
      </class> <!-- Runner.TestApplication -->
    </test> <!-- Default test -->
  </suite> <!-- Default suite -->
</testng-results>
