<?xml version="1.0" encoding="UTF-8"?>
<testng-results ignored="0" total="1" passed="0" failed="1" skipped="0">
  <reporter-output>
  </reporter-output>
  <suite started-at="2022-09-09T17:56:49 IST" name="Default suite" finished-at="2022-09-09T17:57:25 IST" duration-ms="35974">
    <groups>
      <group name="cucumber">
        <method signature="AbstractTestNGCucumberTests.runScenario(io.cucumber.testng.PickleWrapper,io.cucumber.testng.FeatureWrapper)[pri:0, instance:Runner.TestApplication@35dab4eb]" name="runScenario" class="io.cucumber.testng.AbstractTestNGCucumberTests"/>
      </group> <!-- cucumber -->
    </groups>
    <test started-at="2022-09-09T17:56:49 IST" name="Default test" finished-at="2022-09-09T17:57:25 IST" duration-ms="35974">
      <class name="Runner.TestApplication">
        <test-method is-config="true" signature="beforeExecution()[pri:0, instance:Runner.TestApplication@35dab4eb]" started-at="2022-09-09T17:56:49 IST" name="beforeExecution" finished-at="2022-09-09T17:56:49 IST" duration-ms="7" status="PASS">
          <reporter-output>
          </reporter-output>
        </test-method> <!-- beforeExecution -->
        <test-method is-config="true" signature="setUpClass()[pri:0, instance:Runner.TestApplication@35dab4eb]" started-at="2022-09-09T17:56:49 IST" name="setUpClass" finished-at="2022-09-09T17:56:50 IST" duration-ms="1091" status="PASS">
          <reporter-output>
          </reporter-output>
        </test-method> <!-- setUpClass -->
        <test-method signature="runScenario(io.cucumber.testng.PickleWrapper,io.cucumber.testng.FeatureWrapper)[pri:0, instance:Runner.TestApplication@35dab4eb]" started-at="2022-09-09T17:56:50 IST" name="runScenario" description="Runs Cucumber Scenarios" data-provider="scenarios" finished-at="2022-09-09T17:57:18 IST" duration-ms="28026" status="FAIL">
          <params>
            <param index="0">
              <value>
                <![CDATA["To test the field level verification of the application details disbursement record"]]>
              </value>
            </param>
            <param index="1">
              <value>
                <![CDATA["Optional[To Test the application details disbursement maker module]"]]>
              </value>
            </param>
          </params>
          <exception class="java.lang.AssertionError">
            <message>
              <![CDATA[The following asserts failed:
Primary product field should be non eitable one but here it is editable hence failed expected [true] but found [false],
Primary Sub product field should be non editable but here its a editable one hence test step is failed expected [true] but found [false],
Total Finance field should be non editable but here it is editable one expected [false] but found [true],
 Declared Current obligation field should be non editable but here its editable one hence test case failed expected [false] but found [true],
 Special PromotionCampaign field should be non editable but here its a editable one hence test steps got failed expected [true] but found [false],
 sourcing channel field should be non editable but here its a editable one hence test steps got failed expected [true] but found [false],
 business center code field should be non editable but here its a editable one hence test steps got failed expected [true] but found [false],
 servicing type field should be non editable but here its a editable one hence test steps got failed expected [true] but found [false],
 Servicing Entity field should be non editable but here its a editable one hence test steps got failed expected [true] but found [false],
 Servicing Branch field should be non editable but here its a editable one hence test steps got failed expected [true] but found [false],
 Closing Staff or Servicing Staff or RM field should be non editable but here its a editable one hence test steps got failed expected [true] but found [false],
 Sourcing Type field should be non editable but here its a editable one hence test steps got failed expected [true] but found [false],
 Sourcing staff field should be non editable but here its a editable one hence test steps got failed expected [true] but found [false],
 Sourcing Entity field should be non editable but here its a editable one hence test steps got failed expected [true] but found [false],
 Sourcing Office field should be non editable but here its a editable one hence test steps got failed expected [true] but found [false],
 Reference Type field should be non editable but here its a editable one hence test steps got failed expected [true] but found [false],
 Reference Entity field should be non editable but here its a editable one hence test steps got failed expected [true] but found [false],
 Reference Code field should be non editable but here its a editable one hence test steps got failed expected [false] but found [true]]]>
            </message>
            <full-stacktrace>
              <![CDATA[java.lang.AssertionError: The following asserts failed:
Primary product field should be non eitable one but here it is editable hence failed expected [true] but found [false],
Primary Sub product field should be non editable but here its a editable one hence test step is failed expected [true] but found [false],
Total Finance field should be non editable but here it is editable one expected [false] but found [true],
 Declared Current obligation field should be non editable but here its editable one hence test case failed expected [false] but found [true],
 Special PromotionCampaign field should be non editable but here its a editable one hence test steps got failed expected [true] but found [false],
 sourcing channel field should be non editable but here its a editable one hence test steps got failed expected [true] but found [false],
 business center code field should be non editable but here its a editable one hence test steps got failed expected [true] but found [false],
 servicing type field should be non editable but here its a editable one hence test steps got failed expected [true] but found [false],
 Servicing Entity field should be non editable but here its a editable one hence test steps got failed expected [true] but found [false],
 Servicing Branch field should be non editable but here its a editable one hence test steps got failed expected [true] but found [false],
 Closing Staff or Servicing Staff or RM field should be non editable but here its a editable one hence test steps got failed expected [true] but found [false],
 Sourcing Type field should be non editable but here its a editable one hence test steps got failed expected [true] but found [false],
 Sourcing staff field should be non editable but here its a editable one hence test steps got failed expected [true] but found [false],
 Sourcing Entity field should be non editable but here its a editable one hence test steps got failed expected [true] but found [false],
 Sourcing Office field should be non editable but here its a editable one hence test steps got failed expected [true] but found [false],
 Reference Type field should be non editable but here its a editable one hence test steps got failed expected [true] but found [false],
 Reference Entity field should be non editable but here its a editable one hence test steps got failed expected [true] but found [false],
 Reference Code field should be non editable but here its a editable one hence test steps got failed expected [false] but found [true]
at org.testng.asserts.SoftAssert.assertAll(SoftAssert.java:47)
at org.testng.asserts.SoftAssert.assertAll(SoftAssert.java:31)
at stepdefinitions.KULS_ApplicationDetailsDisbursementMakerSteps.verify_the_functionlaity_of_the_back_button(KULS_ApplicationDetailsDisbursementMakerSteps.java:81)
at ✽.verify the functionlaity of the back button(file:///C:/Users/inindc00076/git/Azentio_ULSAnandh/AzentioULSFramework_Anandh/src/test/java/features/KULS_ApplicationDetailsDsbmntMakerFEATURE.feature:30)
]]>
            </full-stacktrace>
          </exception> <!-- java.lang.AssertionError -->
          <reporter-output>
          </reporter-output>
        </test-method> <!-- runScenario -->
        <test-method is-config="true" signature="tearDownClass()[pri:0, instance:Runner.TestApplication@35dab4eb]" started-at="2022-09-09T17:57:18 IST" name="tearDownClass" finished-at="2022-09-09T17:57:25 IST" duration-ms="6812" status="PASS">
          <reporter-output>
          </reporter-output>
        </test-method> <!-- tearDownClass -->
        <test-method is-config="true" signature="afterExecution()[pri:0, instance:Runner.TestApplication@35dab4eb]" started-at="2022-09-09T17:57:25 IST" name="afterExecution" finished-at="2022-09-09T17:57:25 IST" duration-ms="267" status="PASS">
          <reporter-output>
          </reporter-output>
        </test-method> <!-- afterExecution -->
      </class> <!-- Runner.TestApplication -->
    </test> <!-- Default test -->
  </suite> <!-- Default suite -->
</testng-results>
