<?xml version="1.0" encoding="UTF-8"?>
<!-- Generated by org.testng.reporters.JUnitXMLReporter -->
<testsuite ignored="0" hostname="INMUVADP014547" failures="1" tests="1" name="Default test" time="150.119" errors="0" timestamp="2022-11-11T15:18:12 IST">
  <testcase classname="io.cucumber.testng.AbstractTestNGCucumberTests" name="runScenario" time="121.404">
    <failure type="org.openqa.selenium.ElementClickInterceptedException" message="element click intercepted: Element &amp;lt;input class=&amp;quot;native-input sc-ion-input-ios&amp;quot; aria-labelledby=&amp;quot;ion-input-4-lbl&amp;quot; autocapitalize=&amp;quot;off&amp;quot; autocomplete=&amp;quot;off&amp;quot; autocorrect=&amp;quot;off&amp;quot; name=&amp;quot;ion-input-4&amp;quot; placeholder=&amp;quot;&amp;quot; spellcheck=&amp;quot;false&amp;quot; type=&amp;quot;text&amp;quot;&amp;gt; is not clickable at point (1627, 293). Other element would receive the click: &amp;lt;ion-popover class=&amp;quot;select-popover ios popover-desktop popover-side-bottom hydrated&amp;quot; id=&amp;quot;ion-overlay-5&amp;quot; aria-modal=&amp;quot;true&amp;quot; no-router=&amp;quot;&amp;quot; tabindex=&amp;quot;-1&amp;quot; style=&amp;quot;z-index: 20005; --width:528px;&amp;quot;&amp;gt;...&amp;lt;/ion-popover&amp;gt;
  (Session info: chrome=106.0.5249.119)
Build info: version: &amp;apos;4.0.0-rc-1&amp;apos;, revision: &amp;apos;bc5511cbda&amp;apos;
System info: host: &amp;apos;INMUVADP014547&amp;apos;, ip: &amp;apos;10.1.47.111&amp;apos;, os.name: &amp;apos;Windows 10&amp;apos;, os.arch: &amp;apos;amd64&amp;apos;, os.version: &amp;apos;10.0&amp;apos;, java.version: &amp;apos;17.0.1&amp;apos;
Driver info: org.openqa.selenium.chrome.ChromeDriver
Command: [1d674d78c4b7b4c91091b8de952922f2, clickElement {id=1b8d9024-a534-45ca-a61e-59d4cc06664d}]
Capabilities {acceptInsecureCerts: false, browserName: chrome, browserVersion: 106.0.5249.119, chrome: {chromedriverVersion: 105.0.5195.52 (412c95e51883..., userDataDir: C:\Users\ININDC~1\AppData\L...}, goog:chromeOptions: {debuggerAddress: localhost:59158}, javascriptEnabled: true, networkConnectionEnabled: false, pageLoadStrategy: normal, platform: WINDOWS, platformName: WINDOWS, proxy: Proxy(), se:cdp: ws://localhost:59158/devtoo..., se:cdpVersion: 106.0.5249.119, setWindowRect: true, strictFileInteractability: false, timeouts: {implicit: 0, pageLoad: 300000, script: 30000}, unhandledPromptBehavior: dismiss and notify, webauthn:extension:credBlob: true, webauthn:extension:largeBlob: true, webauthn:virtualAuthenticators: true}
Element: [[ChromeDriver: chrome on WINDOWS (1d674d78c4b7b4c91091b8de952922f2)] -&amp;gt; xpath: //ion-label[text()=&amp;apos; Value &amp;apos;]/parent::ion-item//input[1]]
Session ID: 1d674d78c4b7b4c91091b8de952922f2">
      <![CDATA[org.openqa.selenium.ElementClickInterceptedException: element click intercepted: Element <input class="native-input sc-ion-input-ios" aria-labelledby="ion-input-4-lbl" autocapitalize="off" autocomplete="off" autocorrect="off" name="ion-input-4" placeholder="" spellcheck="false" type="text"> is not clickable at point (1627, 293). Other element would receive the click: <ion-popover class="select-popover ios popover-desktop popover-side-bottom hydrated" id="ion-overlay-5" aria-modal="true" no-router="" tabindex="-1" style="z-index: 20005; --width:528px;">...</ion-popover>
  (Session info: chrome=106.0.5249.119)
Build info: version: '4.0.0-rc-1', revision: 'bc5511cbda'
System info: host: 'INMUVADP014547', ip: '10.1.47.111', os.name: 'Windows 10', os.arch: 'amd64', os.version: '10.0', java.version: '17.0.1'
Driver info: org.openqa.selenium.chrome.ChromeDriver
Command: [1d674d78c4b7b4c91091b8de952922f2, clickElement {id=1b8d9024-a534-45ca-a61e-59d4cc06664d}]
Capabilities {acceptInsecureCerts: false, browserName: chrome, browserVersion: 106.0.5249.119, chrome: {chromedriverVersion: 105.0.5195.52 (412c95e51883..., userDataDir: C:\Users\ININDC~1\AppData\L...}, goog:chromeOptions: {debuggerAddress: localhost:59158}, javascriptEnabled: true, networkConnectionEnabled: false, pageLoadStrategy: normal, platform: WINDOWS, platformName: WINDOWS, proxy: Proxy(), se:cdp: ws://localhost:59158/devtoo..., se:cdpVersion: 106.0.5249.119, setWindowRect: true, strictFileInteractability: false, timeouts: {implicit: 0, pageLoad: 300000, script: 30000}, unhandledPromptBehavior: dismiss and notify, webauthn:extension:credBlob: true, webauthn:extension:largeBlob: true, webauthn:virtualAuthenticators: true}
Element: [[ChromeDriver: chrome on WINDOWS (1d674d78c4b7b4c91091b8de952922f2)] -> xpath: //ion-label[text()=' Value ']/parent::ion-item//input[1]]
Session ID: 1d674d78c4b7b4c91091b8de952922f2
at java.base/jdk.internal.reflect.NativeConstructorAccessorImpl.newInstance0(Native Method)
at java.base/jdk.internal.reflect.NativeConstructorAccessorImpl.newInstance(NativeConstructorAccessorImpl.java:77)
at java.base/jdk.internal.reflect.DelegatingConstructorAccessorImpl.newInstance(DelegatingConstructorAccessorImpl.java:45)
at java.base/java.lang.reflect.Constructor.newInstanceWithCaller(Constructor.java:499)
at java.base/java.lang.reflect.Constructor.newInstance(Constructor.java:480)
at org.openqa.selenium.remote.codec.w3c.W3CHttpResponseCodec.createException(W3CHttpResponseCodec.java:200)
at org.openqa.selenium.remote.codec.w3c.W3CHttpResponseCodec.decode(W3CHttpResponseCodec.java:133)
at org.openqa.selenium.remote.codec.w3c.W3CHttpResponseCodec.decode(W3CHttpResponseCodec.java:53)
at org.openqa.selenium.remote.HttpCommandExecutor.execute(HttpCommandExecutor.java:184)
at org.openqa.selenium.remote.service.DriverCommandExecutor.invokeExecute(DriverCommandExecutor.java:164)
at org.openqa.selenium.remote.service.DriverCommandExecutor.execute(DriverCommandExecutor.java:139)
at org.openqa.selenium.remote.RemoteWebDriver.execute(RemoteWebDriver.java:547)
at org.openqa.selenium.remote.RemoteWebElement.execute(RemoteWebElement.java:251)
at org.openqa.selenium.remote.RemoteWebElement.click(RemoteWebElement.java:77)
at jdk.internal.reflect.GeneratedMethodAccessor5.invoke(Unknown Source)
at java.base/jdk.internal.reflect.DelegatingMethodAccessorImpl.invoke(DelegatingMethodAccessorImpl.java:43)
at java.base/java.lang.reflect.Method.invoke(Method.java:568)
at org.openqa.selenium.support.pagefactory.internal.LocatingElementHandler.invoke(LocatingElementHandler.java:52)
at jdk.proxy2/jdk.proxy2.$Proxy46.click(Unknown Source)
at stepdefinitions.LivingExpense_Master.user_enter_the_value(LivingExpense_Master.java:771)
at ✽.user Enter the value(file:///C:/Users/inindc00075/git/Arshath_ULS/Arshath_AzentioULSFramework/src/test/java/features/MDM_LivingExp_Master.feature:313)
]]>
    </failure>
  </testcase> <!-- runScenario -->
</testsuite> <!-- Default test -->
