<?xml version="1.0" encoding="UTF-8"?>
<!-- Generated by org.testng.reporters.JUnitXMLReporter -->
<testsuite ignored="0" hostname="INMUVADP014547" failures="1" tests="1" name="Default test" time="178.336" errors="0" timestamp="2022-11-16T16:33:21 IST">
  <testcase classname="io.cucumber.testng.AbstractTestNGCucumberTests" name="runScenario" time="162.1">
    <failure type="org.openqa.selenium.ElementClickInterceptedException" message="element click intercepted: Element &amp;lt;ion-select _ngcontent-ggl-c322=&amp;quot;&amp;quot; ng-reflect-ok-text=&amp;quot;OK&amp;quot; ng-reflect-cancel-text=&amp;quot;CANCEL&amp;quot; ng-reflect-placeholder=&amp;quot;Select&amp;quot; ng-reflect-interface=&amp;quot;popover&amp;quot; ng-reflect-multiple=&amp;quot;false&amp;quot; ng-reflect-disabled=&amp;quot;false&amp;quot; ng-reflect-is-disabled=&amp;quot;false&amp;quot; class=&amp;quot;ng-untouched ng-pristine ng-valid ios in-item hydrated ion-untouched ion-pristine ion-valid&amp;quot; role=&amp;quot;button&amp;quot; aria-haspopup=&amp;quot;listbox&amp;quot; aria-label=&amp;quot;Select,   Province *&amp;quot;&amp;gt;...&amp;lt;/ion-select&amp;gt; is not clickable at point (1079, 293). Other element would receive the click: &amp;lt;ion-popover class=&amp;quot;select-popover ios popover-desktop popover-side-bottom hydrated&amp;quot; id=&amp;quot;ion-overlay-3&amp;quot; aria-modal=&amp;quot;true&amp;quot; no-router=&amp;quot;&amp;quot; tabindex=&amp;quot;-1&amp;quot; style=&amp;quot;z-index: 20003; --width:528px;&amp;quot;&amp;gt;...&amp;lt;/ion-popover&amp;gt;
  (Session info: chrome=106.0.5249.119)
Build info: version: &amp;apos;4.0.0-rc-1&amp;apos;, revision: &amp;apos;bc5511cbda&amp;apos;
System info: host: &amp;apos;INMUVADP014547&amp;apos;, ip: &amp;apos;10.1.47.111&amp;apos;, os.name: &amp;apos;Windows 10&amp;apos;, os.arch: &amp;apos;amd64&amp;apos;, os.version: &amp;apos;10.0&amp;apos;, java.version: &amp;apos;17.0.1&amp;apos;
Driver info: org.openqa.selenium.chrome.ChromeDriver
Command: [ae36ef506ba775d77f7bfc9e41b681d5, clickElement {id=8415aa8d-ff22-4274-bde0-d70c4ace62b3}]
Capabilities {acceptInsecureCerts: false, browserName: chrome, browserVersion: 106.0.5249.119, chrome: {chromedriverVersion: 105.0.5195.52 (412c95e51883..., userDataDir: C:\Users\ININDC~1\AppData\L...}, goog:chromeOptions: {debuggerAddress: localhost:52853}, javascriptEnabled: true, networkConnectionEnabled: false, pageLoadStrategy: normal, platform: WINDOWS, platformName: WINDOWS, proxy: Proxy(), se:cdp: ws://localhost:52853/devtoo..., se:cdpVersion: 106.0.5249.119, setWindowRect: true, strictFileInteractability: false, timeouts: {implicit: 0, pageLoad: 300000, script: 30000}, unhandledPromptBehavior: dismiss and notify, webauthn:extension:credBlob: true, webauthn:extension:largeBlob: true, webauthn:virtualAuthenticators: true}
Element: [[ChromeDriver: chrome on WINDOWS (ae36ef506ba775d77f7bfc9e41b681d5)] -&amp;gt; xpath: //ion-select[@aria-label=&amp;apos;Select,   Province *&amp;apos;]]
Session ID: ae36ef506ba775d77f7bfc9e41b681d5">
      <![CDATA[org.openqa.selenium.ElementClickInterceptedException: element click intercepted: Element <ion-select _ngcontent-ggl-c322="" ng-reflect-ok-text="OK" ng-reflect-cancel-text="CANCEL" ng-reflect-placeholder="Select" ng-reflect-interface="popover" ng-reflect-multiple="false" ng-reflect-disabled="false" ng-reflect-is-disabled="false" class="ng-untouched ng-pristine ng-valid ios in-item hydrated ion-untouched ion-pristine ion-valid" role="button" aria-haspopup="listbox" aria-label="Select,   Province *">...</ion-select> is not clickable at point (1079, 293). Other element would receive the click: <ion-popover class="select-popover ios popover-desktop popover-side-bottom hydrated" id="ion-overlay-3" aria-modal="true" no-router="" tabindex="-1" style="z-index: 20003; --width:528px;">...</ion-popover>
  (Session info: chrome=106.0.5249.119)
Build info: version: '4.0.0-rc-1', revision: 'bc5511cbda'
System info: host: 'INMUVADP014547', ip: '10.1.47.111', os.name: 'Windows 10', os.arch: 'amd64', os.version: '10.0', java.version: '17.0.1'
Driver info: org.openqa.selenium.chrome.ChromeDriver
Command: [ae36ef506ba775d77f7bfc9e41b681d5, clickElement {id=8415aa8d-ff22-4274-bde0-d70c4ace62b3}]
Capabilities {acceptInsecureCerts: false, browserName: chrome, browserVersion: 106.0.5249.119, chrome: {chromedriverVersion: 105.0.5195.52 (412c95e51883..., userDataDir: C:\Users\ININDC~1\AppData\L...}, goog:chromeOptions: {debuggerAddress: localhost:52853}, javascriptEnabled: true, networkConnectionEnabled: false, pageLoadStrategy: normal, platform: WINDOWS, platformName: WINDOWS, proxy: Proxy(), se:cdp: ws://localhost:52853/devtoo..., se:cdpVersion: 106.0.5249.119, setWindowRect: true, strictFileInteractability: false, timeouts: {implicit: 0, pageLoad: 300000, script: 30000}, unhandledPromptBehavior: dismiss and notify, webauthn:extension:credBlob: true, webauthn:extension:largeBlob: true, webauthn:virtualAuthenticators: true}
Element: [[ChromeDriver: chrome on WINDOWS (ae36ef506ba775d77f7bfc9e41b681d5)] -> xpath: //ion-select[@aria-label='Select,   Province *']]
Session ID: ae36ef506ba775d77f7bfc9e41b681d5
at java.base/jdk.internal.reflect.NativeConstructorAccessorImpl.newInstance0(Native Method)
at java.base/jdk.internal.reflect.NativeConstructorAccessorImpl.newInstance(NativeConstructorAccessorImpl.java:77)
at java.base/jdk.internal.reflect.DelegatingConstructorAccessorImpl.newInstance(DelegatingConstructorAccessorImpl.java:45)
at java.base/java.lang.reflect.Constructor.newInstanceWithCaller(Constructor.java:499)
at java.base/java.lang.reflect.Constructor.newInstance(Constructor.java:480)
at org.openqa.selenium.remote.codec.w3c.W3CHttpResponseCodec.createException(W3CHttpResponseCodec.java:200)
at org.openqa.selenium.remote.codec.w3c.W3CHttpResponseCodec.decode(W3CHttpResponseCodec.java:133)
at org.openqa.selenium.remote.codec.w3c.W3CHttpResponseCodec.decode(W3CHttpResponseCodec.java:53)
at org.openqa.selenium.remote.HttpCommandExecutor.execute(HttpCommandExecutor.java:184)
at org.openqa.selenium.remote.service.DriverCommandExecutor.invokeExecute(DriverCommandExecutor.java:164)
at org.openqa.selenium.remote.service.DriverCommandExecutor.execute(DriverCommandExecutor.java:139)
at org.openqa.selenium.remote.RemoteWebDriver.execute(RemoteWebDriver.java:547)
at org.openqa.selenium.remote.RemoteWebElement.execute(RemoteWebElement.java:251)
at org.openqa.selenium.remote.RemoteWebElement.click(RemoteWebElement.java:77)
at java.base/jdk.internal.reflect.NativeMethodAccessorImpl.invoke0(Native Method)
at java.base/jdk.internal.reflect.NativeMethodAccessorImpl.invoke(NativeMethodAccessorImpl.java:77)
at java.base/jdk.internal.reflect.DelegatingMethodAccessorImpl.invoke(DelegatingMethodAccessorImpl.java:43)
at java.base/java.lang.reflect.Method.invoke(Method.java:568)
at org.openqa.selenium.support.pagefactory.internal.LocatingElementHandler.invoke(LocatingElementHandler.java:52)
at jdk.proxy2/jdk.proxy2.$Proxy46.click(Unknown Source)
at stepdefinitions.KULS_LivingExpense_Step.select_the_value_in_province_field_of_living_expense_parameter(KULS_LivingExpense_Step.java:267)
at ✽.Select the value in Province field of Living expense parameter(file:///C:/Users/inindc00075/git/Arshath_ULS/Arshath_AzentioULSFramework/src/test/java/features/MDM_LivingExp_Master.feature:639)
]]>
    </failure>
  </testcase> <!-- runScenario -->
</testsuite> <!-- Default test -->
