<?xml version="1.0" encoding="UTF-8"?>
<!-- Generated by org.testng.reporters.JUnitReportReporter -->
<testsuite hostname="INMUVADP016574" failures="0" tests="1" name="Runner.TestApplication" time="89.836" errors="1" timestamp="2022-09-15T15:08:26 IST" skipped="0">
  <testcase classname="Runner.TestApplication" name="runScenario" time="89.836">
    <error message="element click intercepted: Element &lt;ion-select _ngcontent-lxp-c320=&quot;&quot; ng-reflect-ok-text=&quot;OK&quot; ng-reflect-cancel-text=&quot;CANCEL&quot; ng-reflect-placeholder=&quot;Select&quot; ng-reflect-interface=&quot;popover&quot; ng-reflect-multiple=&quot;false&quot; ng-reflect-disabled=&quot;false&quot; ng-reflect-is-disabled=&quot;false&quot; class=&quot;ng-untouched ng-pristine ng-valid ios in-item hydrated ion-untouched ion-pristine ion-valid&quot; role=&quot;button&quot; aria-haspopup=&quot;listbox&quot; aria-label=&quot;Select,  Sourcing Staff *&quot; ng-reflect-model=&quot;&quot;&gt;...&lt;/ion-select&gt; is not clickable at point (1476, 822). Other element would receive the click: &lt;ion-popover class=&quot;select-popover ios popover-desktop popover-side-bottom hydrated popover-bottom&quot; id=&quot;ion-overlay-13&quot; aria-modal=&quot;true&quot; no-router=&quot;&quot; tabindex=&quot;-1&quot; style=&quot;z-index: 20013; --width:792px;&quot;&gt;...&lt;/ion-popover&gt;
  (Session info: chrome=99.0.4844.82)
Build info: version: &#039;4.0.0-rc-1&#039;, revision: &#039;bc5511cbda&#039;
System info: host: &#039;INMUVADP016574&#039;, ip: &#039;10.1.47.116&#039;, os.name: &#039;Windows 10&#039;, os.arch: &#039;amd64&#039;, os.version: &#039;10.0&#039;, java.version: &#039;17.0.1&#039;
Driver info: org.openqa.selenium.chrome.ChromeDriver
Command: [1966571f8b3757e385f0620ae89e25ba, clickElement {id=9db3cafa-0289-4a53-bb75-6f718772a57c}]
Capabilities {acceptInsecureCerts: false, browserName: chrome, browserVersion: 99.0.4844.82, chrome: {chromedriverVersion: 98.0.4758.80 (7f0488e8ba0d8..., userDataDir: C:\Users\ININDC~1\AppData\L...}, goog:chromeOptions: {debuggerAddress: localhost:63306}, javascriptEnabled: true, networkConnectionEnabled: false, pageLoadStrategy: normal, platform: WINDOWS, platformName: WINDOWS, proxy: Proxy(), se:cdp: ws://localhost:63306/devtoo..., se:cdpVersion: 99.0.4844.82, setWindowRect: true, strictFileInteractability: false, timeouts: {implicit: 0, pageLoad: 300000, script: 30000}, unhandledPromptBehavior: dismiss and notify, webauthn:extension:credBlob: true, webauthn:extension:largeBlob: true, webauthn:virtualAuthenticators: true}
Element: [[ChromeDriver: chrome on WINDOWS (1966571f8b3757e385f0620ae89e25ba)] -&gt; xpath: //ion-label[text()=&#039; Sourcing Staff &#039;]//following-sibling::ion-select]
Session ID: 1966571f8b3757e385f0620ae89e25ba" type="org.openqa.selenium.ElementClickInterceptedException">
      <![CDATA[org.openqa.selenium.ElementClickInterceptedException: element click intercepted: Element <ion-select _ngcontent-lxp-c320="" ng-reflect-ok-text="OK" ng-reflect-cancel-text="CANCEL" ng-reflect-placeholder="Select" ng-reflect-interface="popover" ng-reflect-multiple="false" ng-reflect-disabled="false" ng-reflect-is-disabled="false" class="ng-untouched ng-pristine ng-valid ios in-item hydrated ion-untouched ion-pristine ion-valid" role="button" aria-haspopup="listbox" aria-label="Select,  Sourcing Staff *" ng-reflect-model="">...</ion-select> is not clickable at point (1476, 822). Other element would receive the click: <ion-popover class="select-popover ios popover-desktop popover-side-bottom hydrated popover-bottom" id="ion-overlay-13" aria-modal="true" no-router="" tabindex="-1" style="z-index: 20013; --width:792px;">...</ion-popover>
  (Session info: chrome=99.0.4844.82)
Build info: version: '4.0.0-rc-1', revision: 'bc5511cbda'
System info: host: 'INMUVADP016574', ip: '10.1.47.116', os.name: 'Windows 10', os.arch: 'amd64', os.version: '10.0', java.version: '17.0.1'
Driver info: org.openqa.selenium.chrome.ChromeDriver
Command: [1966571f8b3757e385f0620ae89e25ba, clickElement {id=9db3cafa-0289-4a53-bb75-6f718772a57c}]
Capabilities {acceptInsecureCerts: false, browserName: chrome, browserVersion: 99.0.4844.82, chrome: {chromedriverVersion: 98.0.4758.80 (7f0488e8ba0d8..., userDataDir: C:\Users\ININDC~1\AppData\L...}, goog:chromeOptions: {debuggerAddress: localhost:63306}, javascriptEnabled: true, networkConnectionEnabled: false, pageLoadStrategy: normal, platform: WINDOWS, platformName: WINDOWS, proxy: Proxy(), se:cdp: ws://localhost:63306/devtoo..., se:cdpVersion: 99.0.4844.82, setWindowRect: true, strictFileInteractability: false, timeouts: {implicit: 0, pageLoad: 300000, script: 30000}, unhandledPromptBehavior: dismiss and notify, webauthn:extension:credBlob: true, webauthn:extension:largeBlob: true, webauthn:virtualAuthenticators: true}
Element: [[ChromeDriver: chrome on WINDOWS (1966571f8b3757e385f0620ae89e25ba)] -> xpath: //ion-label[text()=' Sourcing Staff ']//following-sibling::ion-select]
Session ID: 1966571f8b3757e385f0620ae89e25ba
at jdk.internal.reflect.GeneratedConstructorAccessor23.newInstance(Unknown Source)
at java.base/jdk.internal.reflect.DelegatingConstructorAccessorImpl.newInstance(DelegatingConstructorAccessorImpl.java:45)
at java.base/java.lang.reflect.Constructor.newInstanceWithCaller(Constructor.java:499)
at java.base/java.lang.reflect.Constructor.newInstance(Constructor.java:480)
at org.openqa.selenium.remote.codec.w3c.W3CHttpResponseCodec.createException(W3CHttpResponseCodec.java:200)
at org.openqa.selenium.remote.codec.w3c.W3CHttpResponseCodec.decode(W3CHttpResponseCodec.java:133)
at org.openqa.selenium.remote.codec.w3c.W3CHttpResponseCodec.decode(W3CHttpResponseCodec.java:53)
at org.openqa.selenium.remote.HttpCommandExecutor.execute(HttpCommandExecutor.java:184)
at org.openqa.selenium.remote.service.DriverCommandExecutor.invokeExecute(DriverCommandExecutor.java:164)
at org.openqa.selenium.remote.service.DriverCommandExecutor.execute(DriverCommandExecutor.java:139)
at org.openqa.selenium.remote.RemoteWebDriver.execute(RemoteWebDriver.java:547)
at org.openqa.selenium.remote.RemoteWebElement.execute(RemoteWebElement.java:251)
at org.openqa.selenium.remote.RemoteWebElement.click(RemoteWebElement.java:77)
at jdk.internal.reflect.GeneratedMethodAccessor5.invoke(Unknown Source)
at java.base/jdk.internal.reflect.DelegatingMethodAccessorImpl.invoke(DelegatingMethodAccessorImpl.java:43)
at java.base/java.lang.reflect.Method.invoke(Method.java:568)
at org.openqa.selenium.support.pagefactory.internal.LocatingElementHandler.invoke(LocatingElementHandler.java:52)
at jdk.proxy2/jdk.proxy2.$Proxy46.click(Unknown Source)
at stepdefinitions.ApplicationDetails_AppDataEntry.select_the_value_in_sourcing_staff_field_of_application_details(ApplicationDetails_AppDataEntry.java:288)
at ✽.Select the value in Sourcing staff field of Application details(file:///C:/Users/inindc00071/eclipse-workspace/mKarthi_AzentioULSFramework/src/test/java/features/TransactionScreenFullBatch.feature:31)
]]>
    </error>
  </testcase> <!-- runScenario -->
  <system-out/>
</testsuite> <!-- Runner.TestApplication -->
