# JRE version: OpenJDK Runtime Environment Temurin-17.0.1+12 (17.0.1+12) (build 17.0.1+12)
# Java VM: OpenJDK 64-Bit Server VM Temurin-17.0.1+12 (17.0.1+12, mixed mode, tiered, compressed oops, compressed class ptrs, g1 gc, windows-amd64)
GC Precious Log:
 CPUs: 4 total, 4 available
 Memory: 8099M
 Large Page Support: Disabled
 NUMA Support: Disabled
 Compressed Oops: Enabled (32-bit)
 Heap Region Size: 1M
 Heap Min Capacity: 8M
 Heap Initial Capacity: 128M
 Heap Max Capacity: 2026M
 Pre-touch: Disabled
 Parallel Workers: 4
 Concurrent Workers: 1
 Concurrent Refinement Workers: 4
 Periodic GC: Disabled
Heap:
 garbage-first heap   total 131072K, used 38779K [0x0000000081600000, 0x0000000100000000)
  region size 1024K, 1 young (1024K), 1 survivors (1024K)
 Metaspace       used 47303K, committed 47680K, reserved 1097728K
  class space    used 5371K, committed 5568K, reserved 1048576K
GC Heap History (20 events):
Event: 918.030 GC heap after
{Heap after GC invocations=912 (full 0):
 garbage-first heap   total 73728K, used 38561K [0x0000000081600000, 0x0000000100000000)
  region size 1024K, 1 young (1024K), 1 survivors (1024K)
 Metaspace       used 47303K, committed 47680K, reserved 1097728K
  class space    used 5371K, committed 5568K, reserved 1048576K
}
Event: 918.217 GC heap before
{Heap before GC invocations=912 (full 0):
 garbage-first heap   total 73728K, used 62113K [0x0000000081600000, 0x0000000100000000)
  region size 1024K, 24 young (24576K), 1 survivors (1024K)
 Metaspace       used 47303K, committed 47680K, reserved 1097728K
  class space    used 5371K, committed 5568K, reserved 1048576K
}
Event: 918.218 GC heap after
{Heap after GC invocations=913 (full 0):
 garbage-first heap   total 73728K, used 38529K [0x0000000081600000, 0x0000000100000000)
  region size 1024K, 1 young (1024K), 1 survivors (1024K)
 Metaspace       used 47303K, committed 47680K, reserved 1097728K
  class space    used 5371K, committed 5568K, reserved 1048576K
}
Event: 918.406 GC heap before
{Heap before GC invocations=913 (full 0):
 garbage-first heap   total 73728K, used 62081K [0x0000000081600000, 0x0000000100000000)
  region size 1024K, 24 young (24576K), 1 survivors (1024K)
 Metaspace       used 47303K, committed 47680K, reserved 1097728K
  class space    used 5371K, committed 5568K, reserved 1048576K
}
Event: 918.407 GC heap after
{Heap after GC invocations=914 (full 0):
 garbage-first heap   total 73728K, used 38478K [0x0000000081600000, 0x0000000100000000)
  region size 1024K, 1 young (1024K), 1 survivors (1024K)
 Metaspace       used 47303K, committed 47680K, reserved 1097728K
  class space    used 5371K, committed 5568K, reserved 1048576K
}
Event: 923.450 GC heap before
{Heap before GC invocations=914 (full 0):
 garbage-first heap   total 73728K, used 63054K [0x0000000081600000, 0x0000000100000000)
  region size 1024K, 25 young (25600K), 1 survivors (1024K)
 Metaspace       used 47303K, committed 47680K, reserved 1097728K
  class space    used 5371K, committed 5568K, reserved 1048576K
}
Event: 923.451 GC heap after
{Heap after GC invocations=915 (full 0):
 garbage-first heap   total 73728K, used 38410K [0x0000000081600000, 0x0000000100000000)
  region size 1024K, 1 young (1024K), 1 survivors (1024K)
 Metaspace       used 47303K, committed 47680K, reserved 1097728K
  class space    used 5371K, committed 5568K, reserved 1048576K
}
Event: 923.886 GC heap before
{Heap before GC invocations=915 (full 0):
 garbage-first heap   total 73728K, used 62986K [0x0000000081600000, 0x0000000100000000)
  region size 1024K, 25 young (25600K), 1 survivors (1024K)
 Metaspace       used 47303K, committed 47680K, reserved 1097728K
  class space    used 5371K, committed 5568K, reserved 1048576K
}
Event: 923.888 GC heap after
{Heap after GC invocations=916 (full 0):
 garbage-first heap   total 73728K, used 38543K [0x0000000081600000, 0x0000000100000000)
  region size 1024K, 1 young (1024K), 1 survivors (1024K)
 Metaspace       used 47303K, committed 47680K, reserved 1097728K
  class space    used 5371K, committed 5568K, reserved 1048576K
}
Event: 924.072 GC heap before
{Heap before GC invocations=916 (full 0):
 garbage-first heap   total 73728K, used 62095K [0x0000000081600000, 0x0000000100000000)
  region size 1024K, 25 young (25600K), 1 survivors (1024K)
 Metaspace       used 47303K, committed 47680K, reserved 1097728K
  class space    used 5371K, committed 5568K, reserved 1048576K
}
Event: 924.781 GC heap after
{Heap after GC invocations=917 (full 0):
 garbage-first heap   total 105472K, used 38872K [0x0000000081600000, 0x0000000100000000)
  region size 1024K, 1 young (1024K), 1 survivors (1024K)
 Metaspace       used 47303K, committed 47680K, reserved 1097728K
  class space    used 5371K, committed 5568K, reserved 1048576K
}
Event: 924.970 GC heap before
{Heap before GC invocations=917 (full 0):
 garbage-first heap   total 105472K, used 42968K [0x0000000081600000, 0x0000000100000000)
  region size 1024K, 5 young (5120K), 1 survivors (1024K)
 Metaspace       used 47303K, committed 47680K, reserved 1097728K
  class space    used 5371K, committed 5568K, reserved 1048576K
}
Event: 925.024 GC heap after
{Heap after GC invocations=918 (full 0):
 garbage-first heap   total 105472K, used 38378K [0x0000000081600000, 0x0000000100000000)
  region size 1024K, 1 young (1024K), 1 survivors (1024K)
 Metaspace       used 47303K, committed 47680K, reserved 1097728K
  class space    used 5371K, committed 5568K, reserved 1048576K
}
Event: 925.145 GC heap before
{Heap before GC invocations=918 (full 0):
 garbage-first heap   total 105472K, used 42474K [0x0000000081600000, 0x0000000100000000)
  region size 1024K, 5 young (5120K), 1 survivors (1024K)
 Metaspace       used 47303K, committed 47680K, reserved 1097728K
  class space    used 5371K, committed 5568K, reserved 1048576K
}
Event: 925.145 GC heap after
{Heap after GC invocations=919 (full 0):
 garbage-first heap   total 105472K, used 38318K [0x0000000081600000, 0x0000000100000000)
  region size 1024K, 1 young (1024K), 1 survivors (1024K)
 Metaspace       used 47303K, committed 47680K, reserved 1097728K
  class space    used 5371K, committed 5568K, reserved 1048576K
}
Event: 925.192 GC heap before
{Heap before GC invocations=919 (full 0):
 garbage-first heap   total 105472K, used 42414K [0x0000000081600000, 0x0000000100000000)
  region size 1024K, 5 young (5120K), 1 survivors (1024K)
 Metaspace       used 47303K, committed 47680K, reserved 1097728K
  class space    used 5371K, committed 5568K, reserved 1048576K
}
Event: 925.192 GC heap after
{Heap after GC invocations=920 (full 0):
 garbage-first heap   total 105472K, used 38274K [0x0000000081600000, 0x0000000100000000)
  region size 1024K, 1 young (1024K), 1 survivors (1024K)
 Metaspace       used 47303K, committed 47680K, reserved 1097728K
  class space    used 5371K, committed 5568K, reserved 1048576K
}
Event: 925.506 GC heap before
{Heap before GC invocations=920 (full 0):
 garbage-first heap   total 105472K, used 88450K [0x0000000081600000, 0x0000000100000000)
  region size 1024K, 50 young (51200K), 1 survivors (1024K)
 Metaspace       used 47303K, committed 47680K, reserved 1097728K
  class space    used 5371K, committed 5568K, reserved 1048576K
}
Event: 925.526 GC heap after
{Heap after GC invocations=921 (full 0):
 garbage-first heap   total 105472K, used 38718K [0x0000000081600000, 0x0000000100000000)
  region size 1024K, 1 young (1024K), 1 survivors (1024K)
 Metaspace       used 47303K, committed 47680K, reserved 1097728K
  class space    used 5371K, committed 5568K, reserved 1048576K
}
Event: 929.393 GC heap before
{Heap before GC invocations=921 (full 0):
 garbage-first heap   total 105472K, used 89918K [0x0000000081600000, 0x0000000100000000)
  region size 1024K, 51 young (52224K), 1 survivors (1024K)
 Metaspace       used 47303K, committed 47680K, reserved 1097728K
  class space    used 5371K, committed 5568K, reserved 1048576K
}

