# JRE version: OpenJDK Runtime Environment Temurin-17.0.1+12 (17.0.1+12) (build 17.0.1+12)
# Java VM: OpenJDK 64-Bit Server VM Temurin-17.0.1+12 (17.0.1+12, mixed mode, tiered, compressed oops, compressed class ptrs, g1 gc, windows-amd64)
GC Precious Log:
 CPUs: 4 total, 4 available
 Memory: 8099M
 Large Page Support: Disabled
 NUMA Support: Disabled
 Compressed Oops: Enabled (32-bit)
 Heap Region Size: 1M
 Heap Min Capacity: 8M
 Heap Initial Capacity: 128M
 Heap Max Capacity: 2026M
 Pre-touch: Disabled
 Parallel Workers: 4
 Concurrent Workers: 1
 Concurrent Refinement Workers: 4
 Periodic GC: Disabled
Heap:
 garbage-first heap   total 356352K, used 40353K [0x0000000081600000, 0x0000000100000000)
  region size 1024K, 3 young (3072K), 3 survivors (3072K)
 Metaspace       used 47328K, committed 47744K, reserved 1097728K
  class space    used 5372K, committed 5568K, reserved 1048576K
GC Heap History (20 events):
Event: 1053.274 GC heap after
{Heap after GC invocations=1340 (full 0):
 garbage-first heap   total 356352K, used 38348K [0x0000000081600000, 0x0000000100000000)
  region size 1024K, 1 young (1024K), 1 survivors (1024K)
 Metaspace       used 47328K, committed 47744K, reserved 1097728K
  class space    used 5372K, committed 5568K, reserved 1048576K
}
Event: 1053.448 GC heap before
{Heap before GC invocations=1340 (full 0):
 garbage-first heap   total 356352K, used 54732K [0x0000000081600000, 0x0000000100000000)
  region size 1024K, 17 young (17408K), 1 survivors (1024K)
 Metaspace       used 47328K, committed 47744K, reserved 1097728K
  class space    used 5372K, committed 5568K, reserved 1048576K
}
Event: 1053.448 GC heap after
{Heap after GC invocations=1341 (full 0):
 garbage-first heap   total 356352K, used 38403K [0x0000000081600000, 0x0000000100000000)
  region size 1024K, 1 young (1024K), 1 survivors (1024K)
 Metaspace       used 47328K, committed 47744K, reserved 1097728K
  class space    used 5372K, committed 5568K, reserved 1048576K
}
Event: 1053.559 GC heap before
{Heap before GC invocations=1341 (full 0):
 garbage-first heap   total 356352K, used 54787K [0x0000000081600000, 0x0000000100000000)
  region size 1024K, 17 young (17408K), 1 survivors (1024K)
 Metaspace       used 47328K, committed 47744K, reserved 1097728K
  class space    used 5372K, committed 5568K, reserved 1048576K
}
Event: 1053.624 GC heap after
{Heap after GC invocations=1342 (full 0):
 garbage-first heap   total 356352K, used 38444K [0x0000000081600000, 0x0000000100000000)
  region size 1024K, 1 young (1024K), 1 survivors (1024K)
 Metaspace       used 47328K, committed 47744K, reserved 1097728K
  class space    used 5372K, committed 5568K, reserved 1048576K
}
Event: 1053.807 GC heap before
{Heap before GC invocations=1342 (full 0):
 garbage-first heap   total 356352K, used 54828K [0x0000000081600000, 0x0000000100000000)
  region size 1024K, 17 young (17408K), 1 survivors (1024K)
 Metaspace       used 47328K, committed 47744K, reserved 1097728K
  class space    used 5372K, committed 5568K, reserved 1048576K
}
Event: 1053.808 GC heap after
{Heap after GC invocations=1343 (full 0):
 garbage-first heap   total 356352K, used 38546K [0x0000000081600000, 0x0000000100000000)
  region size 1024K, 1 young (1024K), 1 survivors (1024K)
 Metaspace       used 47328K, committed 47744K, reserved 1097728K
  class space    used 5372K, committed 5568K, reserved 1048576K
}
Event: 1053.955 GC heap before
{Heap before GC invocations=1343 (full 0):
 garbage-first heap   total 356352K, used 54930K [0x0000000081600000, 0x0000000100000000)
  region size 1024K, 17 young (17408K), 1 survivors (1024K)
 Metaspace       used 47328K, committed 47744K, reserved 1097728K
  class space    used 5372K, committed 5568K, reserved 1048576K
}
Event: 1053.956 GC heap after
{Heap after GC invocations=1344 (full 0):
 garbage-first heap   total 356352K, used 38410K [0x0000000081600000, 0x0000000100000000)
  region size 1024K, 1 young (1024K), 1 survivors (1024K)
 Metaspace       used 47328K, committed 47744K, reserved 1097728K
  class space    used 5372K, committed 5568K, reserved 1048576K
}
Event: 1054.138 GC heap before
{Heap before GC invocations=1344 (full 0):
 garbage-first heap   total 356352K, used 54794K [0x0000000081600000, 0x0000000100000000)
  region size 1024K, 17 young (17408K), 1 survivors (1024K)
 Metaspace       used 47328K, committed 47744K, reserved 1097728K
  class space    used 5372K, committed 5568K, reserved 1048576K
}
Event: 1054.138 GC heap after
{Heap after GC invocations=1345 (full 0):
 garbage-first heap   total 356352K, used 38616K [0x0000000081600000, 0x0000000100000000)
  region size 1024K, 1 young (1024K), 1 survivors (1024K)
 Metaspace       used 47328K, committed 47744K, reserved 1097728K
  class space    used 5372K, committed 5568K, reserved 1048576K
}
Event: 1054.326 GC heap before
{Heap before GC invocations=1345 (full 0):
 garbage-first heap   total 356352K, used 55000K [0x0000000081600000, 0x0000000100000000)
  region size 1024K, 17 young (17408K), 1 survivors (1024K)
 Metaspace       used 47328K, committed 47744K, reserved 1097728K
  class space    used 5372K, committed 5568K, reserved 1048576K
}
Event: 1054.326 GC heap after
{Heap after GC invocations=1346 (full 0):
 garbage-first heap   total 356352K, used 38631K [0x0000000081600000, 0x0000000100000000)
  region size 1024K, 1 young (1024K), 1 survivors (1024K)
 Metaspace       used 47328K, committed 47744K, reserved 1097728K
  class space    used 5372K, committed 5568K, reserved 1048576K
}
Event: 1054.513 GC heap before
{Heap before GC invocations=1346 (full 0):
 garbage-first heap   total 356352K, used 55015K [0x0000000081600000, 0x0000000100000000)
  region size 1024K, 17 young (17408K), 1 survivors (1024K)
 Metaspace       used 47328K, committed 47744K, reserved 1097728K
  class space    used 5372K, committed 5568K, reserved 1048576K
}
Event: 1054.514 GC heap after
{Heap after GC invocations=1347 (full 0):
 garbage-first heap   total 356352K, used 38578K [0x0000000081600000, 0x0000000100000000)
  region size 1024K, 1 young (1024K), 1 survivors (1024K)
 Metaspace       used 47328K, committed 47744K, reserved 1097728K
  class space    used 5372K, committed 5568K, reserved 1048576K
}
Event: 1054.684 GC heap before
{Heap before GC invocations=1347 (full 0):
 garbage-first heap   total 356352K, used 54962K [0x0000000081600000, 0x0000000100000000)
  region size 1024K, 17 young (17408K), 1 survivors (1024K)
 Metaspace       used 47328K, committed 47744K, reserved 1097728K
  class space    used 5372K, committed 5568K, reserved 1048576K
}
Event: 1054.685 GC heap after
{Heap after GC invocations=1348 (full 0):
 garbage-first heap   total 356352K, used 38503K [0x0000000081600000, 0x0000000100000000)
  region size 1024K, 1 young (1024K), 1 survivors (1024K)
 Metaspace       used 47328K, committed 47744K, reserved 1097728K
  class space    used 5372K, committed 5568K, reserved 1048576K
}
Event: 1054.861 GC heap before
{Heap before GC invocations=1348 (full 0):
 garbage-first heap   total 356352K, used 54887K [0x0000000081600000, 0x0000000100000000)
  region size 1024K, 17 young (17408K), 1 survivors (1024K)
 Metaspace       used 47328K, committed 47744K, reserved 1097728K
  class space    used 5372K, committed 5568K, reserved 1048576K
}
Event: 1054.862 GC heap after
{Heap after GC invocations=1349 (full 0):
 garbage-first heap   total 356352K, used 38469K [0x0000000081600000, 0x0000000100000000)
  region size 1024K, 1 young (1024K), 1 survivors (1024K)
 Metaspace       used 47328K, committed 47744K, reserved 1097728K
  class space    used 5372K, committed 5568K, reserved 1048576K
}
Event: 1056.595 GC heap before
{Heap before GC invocations=1349 (full 0):
 garbage-first heap   total 356352K, used 250437K [0x0000000081600000, 0x0000000100000000)
  region size 1024K, 208 young (212992K), 1 survivors (1024K)
 Metaspace       used 47328K, committed 47744K, reserved 1097728K
  class space    used 5372K, committed 5568K, reserved 1048576K
}

