<?xml version="1.0" encoding="UTF-8"?>
<!-- Generated by org.testng.reporters.JUnitReportReporter -->
<testsuite hostname="Z51" failures="1" tests="2" name="Runner.TestApplication" time="35.889" errors="0" timestamp="2021-10-21T09:47:16 IST" skipped="0">
  <testcase classname="Runner.TestApplication" name="runScenario" time="13.218">
    <failure message="User has not registered" type="java.lang.AssertionError">
      <![CDATA[java.lang.AssertionError: User has not registered
at org.testng.Assert.fail(Assert.java:99)
at stepdefinitions.register.user_should_get_successfully_registered(register.java:81)
at ✽.User should get successfully registered(file:///C:/Users/dharshini.4312/eclipse-workspace/AzentioAutomationFramework/src/test/java/features/RegisterAsNewMember.feature:14)
]]>
    </failure>
  </testcase> <!-- runScenario -->
  <system-out/>
  <testcase classname="Runner.TestApplication" name="runScenario" time="22.671"/>
  <system-out/>
</testsuite> <!-- Runner.TestApplication -->
