<?xml version="1.0" encoding="UTF-8"?>
<testng-results ignored="0" total="1" passed="0" failed="1" skipped="0">
  <reporter-output>
  </reporter-output>
  <suite started-at="2023-04-11T16:11:21 IST" name="Default suite" finished-at="2023-04-11T16:11:31 IST" duration-ms="9787">
    <groups>
      <group name="cucumber">
        <method signature="AbstractTestNGCucumberTests.runScenario(io.cucumber.testng.PickleWrapper,io.cucumber.testng.FeatureWrapper)[pri:0, instance:Runner.TestApplication@1c5920df]" name="runScenario" class="io.cucumber.testng.AbstractTestNGCucumberTests"/>
      </group> <!-- cucumber -->
    </groups>
    <test started-at="2023-04-11T16:11:21 IST" name="Default test" finished-at="2023-04-11T16:11:31 IST" duration-ms="9787">
      <class name="Runner.TestApplication">
        <test-method is-config="true" signature="beforeExecution()[pri:0, instance:Runner.TestApplication@1c5920df]" started-at="2023-04-11T16:11:21 IST" name="beforeExecution" finished-at="2023-04-11T16:11:21 IST" duration-ms="12" status="PASS">
          <reporter-output>
          </reporter-output>
        </test-method> <!-- beforeExecution -->
        <test-method is-config="true" signature="setUpClass()[pri:0, instance:Runner.TestApplication@1c5920df]" started-at="2023-04-11T16:11:21 IST" name="setUpClass" finished-at="2023-04-11T16:11:23 IST" duration-ms="1223" status="PASS">
          <reporter-output>
          </reporter-output>
        </test-method> <!-- setUpClass -->
        <test-method signature="runScenario(io.cucumber.testng.PickleWrapper,io.cucumber.testng.FeatureWrapper)[pri:0, instance:Runner.TestApplication@1c5920df]" started-at="2023-04-11T16:11:23 IST" name="runScenario" description="Runs Cucumber Scenarios" data-provider="scenarios" finished-at="2023-04-11T16:11:28 IST" duration-ms="5114" status="FAIL">
          <params>
            <param index="0">
              <value>
                <![CDATA["To verify the Asset CD Master all flow"]]>
              </value>
            </param>
            <param index="1">
              <value>
                <![CDATA["Optional[To verify the Asset CD Master full flow]"]]>
              </value>
            </param>
          </params>
          <exception class="java.lang.Error">
            <message>
              <![CDATA[Unresolved compilation problems: 
Lambda expressions are allowed only at source level 1.8 or above
Cannot refer to the non-final local variable Username defined in an enclosing scope
Lambda expressions are allowed only at source level 1.8 or above
Cannot refer to the non-final local variable Username defined in an enclosing scope
Lambda expressions are allowed only at source level 1.8 or above
Cannot refer to the non-final local variable Username defined in an enclosing scope
Lambda expressions are allowed only at source level 1.8 or above
Cannot refer to the non-final local variable Username defined in an enclosing scope
Lambda expressions are allowed only at source level 1.8 or above
Cannot refer to the non-final local variable Username defined in an enclosing scope
Lambda expressions are allowed only at source level 1.8 or above
Cannot refer to the non-final local variable Username defined in an enclosing scope
Lambda expressions are allowed only at source level 1.8 or above
Cannot refer to the non-final local variable Username defined in an enclosing scope
Lambda expressions are allowed only at source level 1.8 or above
Cannot refer to the non-final local variable Username defined in an enclosing scope
Lambda expressions are allowed only at source level 1.8 or above
Cannot refer to the non-final local variable Username defined in an enclosing scope
Lambda expressions are allowed only at source level 1.8 or above
Cannot refer to the non-final local variable Username defined in an enclosing scope
Lambda expressions are allowed only at source level 1.8 or above
Cannot refer to the non-final local variable Username defined in an enclosing scope
Lambda expressions are allowed only at source level 1.8 or above
Cannot refer to the non-final local variable Username defined in an enclosing scope
Lambda expressions are allowed only at source level 1.8 or above
Cannot refer to the non-final local variable User defined in an enclosing scope
Lambda expressions are allowed only at source level 1.8 or above
Cannot refer to the non-final local variable Username defined in an enclosing scope
Lambda expressions are allowed only at source level 1.8 or above
Cannot refer to the non-final local variable Username defined in an enclosing scope
Lambda expressions are allowed only at source level 1.8 or above
Cannot refer to the non-final local variable User defined in an enclosing scope
Lambda expressions are allowed only at source level 1.8 or above
Cannot refer to the non-final local variable Username defined in an enclosing scope
Lambda expressions are allowed only at source level 1.8 or above
Cannot refer to the non-final local variable Username defined in an enclosing scope
Lambda expressions are allowed only at source level 1.8 or above
Cannot refer to the non-final local variable Username defined in an enclosing scope
Lambda expressions are allowed only at source level 1.8 or above
Cannot refer to the non-final local variable Username defined in an enclosing scope
Lambda expressions are allowed only at source level 1.8 or above
Cannot refer to the non-final local variable Username defined in an enclosing scope
]]>
            </message>
            <full-stacktrace>
              <![CDATA[java.lang.Error: Unresolved compilation problems: 
Lambda expressions are allowed only at source level 1.8 or above
Cannot refer to the non-final local variable Username defined in an enclosing scope
Lambda expressions are allowed only at source level 1.8 or above
Cannot refer to the non-final local variable Username defined in an enclosing scope
Lambda expressions are allowed only at source level 1.8 or above
Cannot refer to the non-final local variable Username defined in an enclosing scope
Lambda expressions are allowed only at source level 1.8 or above
Cannot refer to the non-final local variable Username defined in an enclosing scope
Lambda expressions are allowed only at source level 1.8 or above
Cannot refer to the non-final local variable Username defined in an enclosing scope
Lambda expressions are allowed only at source level 1.8 or above
Cannot refer to the non-final local variable Username defined in an enclosing scope
Lambda expressions are allowed only at source level 1.8 or above
Cannot refer to the non-final local variable Username defined in an enclosing scope
Lambda expressions are allowed only at source level 1.8 or above
Cannot refer to the non-final local variable Username defined in an enclosing scope
Lambda expressions are allowed only at source level 1.8 or above
Cannot refer to the non-final local variable Username defined in an enclosing scope
Lambda expressions are allowed only at source level 1.8 or above
Cannot refer to the non-final local variable Username defined in an enclosing scope
Lambda expressions are allowed only at source level 1.8 or above
Cannot refer to the non-final local variable Username defined in an enclosing scope
Lambda expressions are allowed only at source level 1.8 or above
Cannot refer to the non-final local variable Username defined in an enclosing scope
Lambda expressions are allowed only at source level 1.8 or above
Cannot refer to the non-final local variable User defined in an enclosing scope
Lambda expressions are allowed only at source level 1.8 or above
Cannot refer to the non-final local variable Username defined in an enclosing scope
Lambda expressions are allowed only at source level 1.8 or above
Cannot refer to the non-final local variable Username defined in an enclosing scope
Lambda expressions are allowed only at source level 1.8 or above
Cannot refer to the non-final local variable User defined in an enclosing scope
Lambda expressions are allowed only at source level 1.8 or above
Cannot refer to the non-final local variable Username defined in an enclosing scope
Lambda expressions are allowed only at source level 1.8 or above
Cannot refer to the non-final local variable Username defined in an enclosing scope
Lambda expressions are allowed only at source level 1.8 or above
Cannot refer to the non-final local variable Username defined in an enclosing scope
Lambda expressions are allowed only at source level 1.8 or above
Cannot refer to the non-final local variable Username defined in an enclosing scope
Lambda expressions are allowed only at source level 1.8 or above
Cannot refer to the non-final local variable Username defined in an enclosing scope

at dataProvider.JsonConfig.<init>(JsonConfig.java:599)
at stepdefinitions.KULS_Application_Login.<init>(KULS_Application_Login.java:31)
at stepdefinitions.KULS_Asset_CD_MasterStep.<init>(KULS_Asset_CD_MasterStep.java:31)
at java.base/jdk.internal.reflect.DirectConstructorHandleAccessor.newInstance(DirectConstructorHandleAccessor.java:67)
at java.base/java.lang.reflect.Constructor.newInstanceWithCaller(Constructor.java:500)
at java.base/java.lang.reflect.Constructor.newInstance(Constructor.java:484)
at org.picocontainer.injectors.AbstractInjector.newInstance(AbstractInjector.java:145)
at org.picocontainer.injectors.ConstructorInjector$1.run(ConstructorInjector.java:342)
at org.picocontainer.injectors.AbstractInjector$ThreadLocalCyclicDependencyGuard.observe(AbstractInjector.java:270)
at org.picocontainer.injectors.ConstructorInjector.getComponentInstance(ConstructorInjector.java:364)
at org.picocontainer.injectors.AbstractInjectionFactory$LifecycleAdapter.getComponentInstance(AbstractInjectionFactory.java:56)
at org.picocontainer.behaviors.AbstractBehavior.getComponentInstance(AbstractBehavior.java:64)
at org.picocontainer.behaviors.Stored.getComponentInstance(Stored.java:91)
at org.picocontainer.DefaultPicoContainer.getInstance(DefaultPicoContainer.java:699)
at org.picocontainer.DefaultPicoContainer.getComponent(DefaultPicoContainer.java:647)
at org.picocontainer.DefaultPicoContainer.getComponent(DefaultPicoContainer.java:678)
at io.cucumber.picocontainer.PicoFactory.getInstance(PicoFactory.java:49)
at io.cucumber.java.AbstractGlueDefinition.invokeMethod(AbstractGlueDefinition.java:47)
at io.cucumber.java.JavaStepDefinition.execute(JavaStepDefinition.java:29)
at io.cucumber.core.runner.CoreStepDefinition.execute(CoreStepDefinition.java:66)
at io.cucumber.core.runner.PickleStepDefinitionMatch.runStep(PickleStepDefinitionMatch.java:63)
at io.cucumber.core.runner.ExecutionMode$1.execute(ExecutionMode.java:10)
at io.cucumber.core.runner.TestStep.executeStep(TestStep.java:92)
at io.cucumber.core.runner.TestStep.run(TestStep.java:64)
at io.cucumber.core.runner.PickleStepTestStep.run(PickleStepTestStep.java:51)
at io.cucumber.core.runner.TestCase.run(TestCase.java:104)
at io.cucumber.core.runner.Runner.runPickle(Runner.java:71)
at io.cucumber.testng.TestNGCucumberRunner.lambda$runScenario$0(TestNGCucumberRunner.java:116)
at io.cucumber.core.runtime.CucumberExecutionContext.runTestCase(CucumberExecutionContext.java:117)
at io.cucumber.testng.TestNGCucumberRunner.runScenario(TestNGCucumberRunner.java:113)
at io.cucumber.testng.AbstractTestNGCucumberTests.runScenario(AbstractTestNGCucumberTests.java:31)
at java.base/jdk.internal.reflect.DirectMethodHandleAccessor.invoke(DirectMethodHandleAccessor.java:104)
at java.base/java.lang.reflect.Method.invoke(Method.java:578)
at org.testng.internal.MethodInvocationHelper.invokeMethod(MethodInvocationHelper.java:133)
at org.testng.internal.TestInvoker.invokeMethod(TestInvoker.java:598)
at org.testng.internal.TestInvoker.invokeTestMethod(TestInvoker.java:173)
at org.testng.internal.MethodRunner.runInSequence(MethodRunner.java:46)
at org.testng.internal.TestInvoker$MethodInvocationAgent.invoke(TestInvoker.java:824)
at org.testng.internal.TestInvoker.invokeTestMethods(TestInvoker.java:146)
at org.testng.internal.TestMethodWorker.invokeTestMethods(TestMethodWorker.java:146)
at org.testng.internal.TestMethodWorker.run(TestMethodWorker.java:128)
at java.base/java.util.ArrayList.forEach(ArrayList.java:1511)
at org.testng.TestRunner.privateRun(TestRunner.java:794)
at org.testng.TestRunner.run(TestRunner.java:596)
at org.testng.SuiteRunner.runTest(SuiteRunner.java:377)
at org.testng.SuiteRunner.runSequentially(SuiteRunner.java:371)
at org.testng.SuiteRunner.privateRun(SuiteRunner.java:332)
at org.testng.SuiteRunner.run(SuiteRunner.java:276)
at org.testng.SuiteRunnerWorker.runSuite(SuiteRunnerWorker.java:53)
at org.testng.SuiteRunnerWorker.run(SuiteRunnerWorker.java:96)
at org.testng.TestNG.runSuitesSequentially(TestNG.java:1212)
at org.testng.TestNG.runSuitesLocally(TestNG.java:1134)
at org.testng.TestNG.runSuites(TestNG.java:1063)
at org.testng.TestNG.run(TestNG.java:1031)
at org.testng.remote.AbstractRemoteTestNG.run(AbstractRemoteTestNG.java:115)
at org.testng.remote.RemoteTestNG.initAndRun(RemoteTestNG.java:251)
at org.testng.remote.RemoteTestNG.main(RemoteTestNG.java:77)
]]>
            </full-stacktrace>
          </exception> <!-- java.lang.Error -->
          <reporter-output>
          </reporter-output>
        </test-method> <!-- runScenario -->
        <test-method is-config="true" signature="tearDownClass()[pri:0, instance:Runner.TestApplication@1c5920df]" started-at="2023-04-11T16:11:28 IST" name="tearDownClass" finished-at="2023-04-11T16:11:31 IST" duration-ms="3387" status="PASS">
          <reporter-output>
          </reporter-output>
        </test-method> <!-- tearDownClass -->
        <test-method is-config="true" signature="afterExecution()[pri:0, instance:Runner.TestApplication@1c5920df]" started-at="2023-04-11T16:11:31 IST" name="afterExecution" finished-at="2023-04-11T16:11:31 IST" duration-ms="151" status="PASS">
          <reporter-output>
          </reporter-output>
        </test-method> <!-- afterExecution -->
      </class> <!-- Runner.TestApplication -->
    </test> <!-- Default test -->
  </suite> <!-- Default suite -->
</testng-results>
