<?xml version="1.0" encoding="UTF-8"?>
<testng-results ignored="0" total="1" passed="0" failed="1" skipped="0">
  <reporter-output>
  </reporter-output>
  <suite started-at="2022-10-27T17:20:17 IST" name="Default suite" finished-at="2022-10-27T17:22:30 IST" duration-ms="133505">
    <groups>
      <group name="cucumber">
        <method signature="AbstractTestNGCucumberTests.runScenario(io.cucumber.testng.PickleWrapper,io.cucumber.testng.FeatureWrapper)[pri:0, instance:Runner.TestApplication@3f191845]" name="runScenario" class="io.cucumber.testng.AbstractTestNGCucumberTests"/>
      </group> <!-- cucumber -->
    </groups>
    <test started-at="2022-10-27T17:20:17 IST" name="Default test" finished-at="2022-10-27T17:22:30 IST" duration-ms="133505">
      <class name="Runner.TestApplication">
        <test-method is-config="true" signature="beforeExecution()[pri:0, instance:Runner.TestApplication@3f191845]" started-at="2022-10-27T17:20:17 IST" name="beforeExecution" finished-at="2022-10-27T17:20:17 IST" duration-ms="8" status="PASS">
          <reporter-output>
          </reporter-output>
        </test-method> <!-- beforeExecution -->
        <test-method is-config="true" signature="setUpClass()[pri:0, instance:Runner.TestApplication@3f191845]" started-at="2022-10-27T17:20:17 IST" name="setUpClass" finished-at="2022-10-27T17:20:19 IST" duration-ms="1992" status="PASS">
          <reporter-output>
          </reporter-output>
        </test-method> <!-- setUpClass -->
        <test-method signature="runScenario(io.cucumber.testng.PickleWrapper,io.cucumber.testng.FeatureWrapper)[pri:0, instance:Runner.TestApplication@3f191845]" started-at="2022-10-27T17:20:19 IST" name="runScenario" description="Runs Cucumber Scenarios" data-provider="scenarios" finished-at="2022-10-27T17:22:16 IST" duration-ms="116861" status="FAIL">
          <params>
            <param index="0">
              <value>
                <![CDATA["Validate the collateral sub type view list"]]>
              </value>
            </param>
            <param index="1">
              <value>
                <![CDATA["Optional[Verify the functionalities of  Collateral subtype master Module]"]]>
              </value>
            </param>
          </params>
          <exception class="java.lang.NullPointerException">
            <message>
              <![CDATA[Cannot invoke "java.util.Map.get(Object)" because "this.testdata" is null]]>
            </message>
            <full-stacktrace>
              <![CDATA[java.lang.NullPointerException: Cannot invoke "java.util.Map.get(Object)" because "this.testdata" is null
at stepdefinitions.KULS_CollateralSubType_Step.enter_the_value_in_description_field_of_collateral_sub_type(KULS_CollateralSubType_Step.java:80)
at ✽.Enter the value in Description field of collateral sub type(file:///C:/Users/inindc00075/git/Arshath_ULS/Arshath_AzentioULSFramework/src/test/java/features/CollateralSubTypeMasterFeature.feature:260)
]]>
            </full-stacktrace>
          </exception> <!-- java.lang.NullPointerException -->
          <reporter-output>
          </reporter-output>
        </test-method> <!-- runScenario -->
        <test-method is-config="true" signature="tearDownClass()[pri:0, instance:Runner.TestApplication@3f191845]" started-at="2022-10-27T17:22:16 IST" name="tearDownClass" finished-at="2022-10-27T17:22:30 IST" duration-ms="14596" status="PASS">
          <reporter-output>
          </reporter-output>
        </test-method> <!-- tearDownClass -->
        <test-method is-config="true" signature="afterExecution()[pri:0, instance:Runner.TestApplication@3f191845]" started-at="2022-10-27T17:22:30 IST" name="afterExecution" finished-at="2022-10-27T17:22:30 IST" duration-ms="146" status="PASS">
          <reporter-output>
          </reporter-output>
        </test-method> <!-- afterExecution -->
      </class> <!-- Runner.TestApplication -->
    </test> <!-- Default test -->
  </suite> <!-- Default suite -->
</testng-results>
