<?xml version="1.0" encoding="UTF-8"?>
<testng-results ignored="0" total="1" passed="1" failed="0" skipped="0">
  <reporter-output>
  </reporter-output>
  <suite started-at="2022-09-30T18:04:51 IST" name="Default suite" finished-at="2022-09-30T18:06:09 IST" duration-ms="77306">
    <groups>
      <group name="cucumber">
        <method signature="AbstractTestNGCucumberTests.runScenario(io.cucumber.testng.PickleWrapper,io.cucumber.testng.FeatureWrapper)[pri:0, instance:Runner.TestApplication@3f191845]" name="runScenario" class="io.cucumber.testng.AbstractTestNGCucumberTests"/>
      </group> <!-- cucumber -->
    </groups>
    <test started-at="2022-09-30T18:04:51 IST" name="Default test" finished-at="2022-09-30T18:06:09 IST" duration-ms="77306">
      <class name="Runner.TestApplication">
        <test-method is-config="true" signature="beforeExecution()[pri:0, instance:Runner.TestApplication@3f191845]" started-at="2022-09-30T18:04:51 IST" name="beforeExecution" finished-at="2022-09-30T18:04:51 IST" duration-ms="13" status="PASS">
          <reporter-output>
          </reporter-output>
        </test-method> <!-- beforeExecution -->
        <test-method is-config="true" signature="setUpClass()[pri:0, instance:Runner.TestApplication@3f191845]" started-at="2022-09-30T18:04:51 IST" name="setUpClass" finished-at="2022-09-30T18:04:53 IST" duration-ms="2048" status="PASS">
          <reporter-output>
          </reporter-output>
        </test-method> <!-- setUpClass -->
        <test-method signature="runScenario(io.cucumber.testng.PickleWrapper,io.cucumber.testng.FeatureWrapper)[pri:0, instance:Runner.TestApplication@3f191845]" started-at="2022-09-30T18:04:53 IST" name="runScenario" description="Runs Cucumber Scenarios" data-provider="scenarios" finished-at="2022-09-30T18:05:52 IST" duration-ms="58399" status="PASS">
          <params>
            <param index="0">
              <value>
                <![CDATA["verify user is able to add new Template details  record in the system by entering invalid data"]]>
              </value>
            </param>
            <param index="1">
              <value>
                <![CDATA["Optional[Check the functionality of Asset Model Master]"]]>
              </value>
            </param>
          </params>
          <reporter-output>
          </reporter-output>
        </test-method> <!-- runScenario -->
        <test-method is-config="true" signature="tearDownClass()[pri:0, instance:Runner.TestApplication@3f191845]" started-at="2022-09-30T18:05:52 IST" name="tearDownClass" finished-at="2022-09-30T18:06:09 IST" duration-ms="16767" status="PASS">
          <reporter-output>
          </reporter-output>
        </test-method> <!-- tearDownClass -->
        <test-method is-config="true" signature="afterExecution()[pri:0, instance:Runner.TestApplication@3f191845]" started-at="2022-09-30T18:06:10 IST" name="afterExecution" finished-at="2022-09-30T18:06:10 IST" duration-ms="94" status="PASS">
          <reporter-output>
          </reporter-output>
        </test-method> <!-- afterExecution -->
      </class> <!-- Runner.TestApplication -->
    </test> <!-- Default test -->
  </suite> <!-- Default suite -->
</testng-results>
