<?xml version="1.0" encoding="UTF-8"?>
<testng-results ignored="0" total="5" passed="5" failed="0" skipped="0">
  <reporter-output>
  </reporter-output>
  <suite started-at="2022-09-29T10:05:07 IST" name="Default suite" finished-at="2022-09-29T10:10:44 IST" duration-ms="336619">
    <groups>
      <group name="cucumber">
        <method signature="AbstractTestNGCucumberTests.runScenario(io.cucumber.testng.PickleWrapper,io.cucumber.testng.FeatureWrapper)[pri:0, instance:Runner.TestApplication@3f191845]" name="runScenario" class="io.cucumber.testng.AbstractTestNGCucumberTests"/>
      </group> <!-- cucumber -->
    </groups>
    <test started-at="2022-09-29T10:05:07 IST" name="Default test" finished-at="2022-09-29T10:10:44 IST" duration-ms="336619">
      <class name="Runner.TestApplication">
        <test-method is-config="true" signature="beforeExecution()[pri:0, instance:Runner.TestApplication@3f191845]" started-at="2022-09-29T10:05:07 IST" name="beforeExecution" finished-at="2022-09-29T10:05:07 IST" duration-ms="6" status="PASS">
          <reporter-output>
          </reporter-output>
        </test-method> <!-- beforeExecution -->
        <test-method is-config="true" signature="setUpClass()[pri:0, instance:Runner.TestApplication@3f191845]" started-at="2022-09-29T10:05:07 IST" name="setUpClass" finished-at="2022-09-29T10:05:08 IST" duration-ms="1019" status="PASS">
          <reporter-output>
          </reporter-output>
        </test-method> <!-- setUpClass -->
        <test-method signature="runScenario(io.cucumber.testng.PickleWrapper,io.cucumber.testng.FeatureWrapper)[pri:0, instance:Runner.TestApplication@3f191845]" started-at="2022-09-29T10:05:08 IST" name="runScenario" description="Runs Cucumber Scenarios" data-provider="scenarios" finished-at="2022-09-29T10:06:00 IST" duration-ms="51551" status="PASS">
          <params>
            <param index="0">
              <value>
                <![CDATA["Validate that user can able to create a Customer debt"]]>
              </value>
            </param>
            <param index="1">
              <value>
                <![CDATA["Optional[To test the dept details screen]"]]>
              </value>
            </param>
          </params>
          <reporter-output>
          </reporter-output>
        </test-method> <!-- runScenario -->
        <test-method signature="runScenario(io.cucumber.testng.PickleWrapper,io.cucumber.testng.FeatureWrapper)[pri:0, instance:Runner.TestApplication@3f191845]" started-at="2022-09-29T10:06:00 IST" name="runScenario" description="Runs Cucumber Scenarios" data-provider="scenarios" finished-at="2022-09-29T10:06:32 IST" duration-ms="32133" status="PASS">
          <params>
            <param index="0">
              <value>
                <![CDATA["To verify the impact when user keep any mandatory field blank and click on save button"]]>
              </value>
            </param>
            <param index="1">
              <value>
                <![CDATA["Optional[To test the dept details screen]"]]>
              </value>
            </param>
          </params>
          <reporter-output>
          </reporter-output>
        </test-method> <!-- runScenario -->
        <test-method signature="runScenario(io.cucumber.testng.PickleWrapper,io.cucumber.testng.FeatureWrapper)[pri:0, instance:Runner.TestApplication@3f191845]" started-at="2022-09-29T10:06:32 IST" name="runScenario" description="Runs Cucumber Scenarios" data-provider="scenarios" finished-at="2022-09-29T10:07:46 IST" duration-ms="73960" status="PASS">
          <params>
            <param index="0">
              <value>
                <![CDATA["To verify user can able to update the customer dept details screen with valid data"]]>
              </value>
            </param>
            <param index="1">
              <value>
                <![CDATA["Optional[To test the dept details screen]"]]>
              </value>
            </param>
          </params>
          <reporter-output>
          </reporter-output>
        </test-method> <!-- runScenario -->
        <test-method signature="runScenario(io.cucumber.testng.PickleWrapper,io.cucumber.testng.FeatureWrapper)[pri:0, instance:Runner.TestApplication@3f191845]" started-at="2022-09-29T10:07:46 IST" name="runScenario" description="Runs Cucumber Scenarios" data-provider="scenarios" finished-at="2022-09-29T10:08:28 IST" duration-ms="42224" status="PASS">
          <params>
            <param index="0">
              <value>
                <![CDATA["verify while modification, when user keep any mandatory field blank and Fill the Invalid details"]]>
              </value>
            </param>
            <param index="1">
              <value>
                <![CDATA["Optional[To test the dept details screen]"]]>
              </value>
            </param>
          </params>
          <reporter-output>
          </reporter-output>
        </test-method> <!-- runScenario -->
        <test-method signature="runScenario(io.cucumber.testng.PickleWrapper,io.cucumber.testng.FeatureWrapper)[pri:0, instance:Runner.TestApplication@3f191845]" started-at="2022-09-29T10:08:28 IST" name="runScenario" description="Runs Cucumber Scenarios" data-provider="scenarios" finished-at="2022-09-29T10:09:49 IST" duration-ms="80630" status="PASS">
          <params>
            <param index="0">
              <value>
                <![CDATA["To verify the functionality of Customer Debt details List view"]]>
              </value>
            </param>
            <param index="1">
              <value>
                <![CDATA["Optional[To test the dept details screen]"]]>
              </value>
            </param>
          </params>
          <reporter-output>
          </reporter-output>
        </test-method> <!-- runScenario -->
        <test-method is-config="true" signature="tearDownClass()[pri:0, instance:Runner.TestApplication@3f191845]" started-at="2022-09-29T10:09:49 IST" name="tearDownClass" finished-at="2022-09-29T10:10:44 IST" duration-ms="55034" status="PASS">
          <reporter-output>
          </reporter-output>
        </test-method> <!-- tearDownClass -->
        <test-method is-config="true" signature="afterExecution()[pri:0, instance:Runner.TestApplication@3f191845]" started-at="2022-09-29T10:10:44 IST" name="afterExecution" finished-at="2022-09-29T10:10:44 IST" duration-ms="101" status="PASS">
          <reporter-output>
          </reporter-output>
        </test-method> <!-- afterExecution -->
      </class> <!-- Runner.TestApplication -->
    </test> <!-- Default test -->
  </suite> <!-- Default suite -->
</testng-results>
