<?xml version="1.0" encoding="UTF-8"?>
<testng-results ignored="0" total="20" passed="19" failed="1" skipped="0">
  <reporter-output>
  </reporter-output>
  <suite started-at="2022-08-05T14:54:05 IST" name="Default suite" finished-at="2022-08-05T15:04:54 IST" duration-ms="648348">
    <groups>
      <group name="cucumber">
        <method signature="AbstractTestNGCucumberTests.runScenario(io.cucumber.testng.PickleWrapper,io.cucumber.testng.FeatureWrapper)[pri:0, instance:Runner.TestApplication@3f191845]" name="runScenario" class="io.cucumber.testng.AbstractTestNGCucumberTests"/>
      </group> <!-- cucumber -->
    </groups>
    <test started-at="2022-08-05T14:54:05 IST" name="Default test" finished-at="2022-08-05T15:04:54 IST" duration-ms="648348">
      <class name="Runner.TestApplication">
        <test-method is-config="true" signature="beforeExecution()[pri:0, instance:Runner.TestApplication@3f191845]" started-at="2022-08-05T14:54:05 IST" name="beforeExecution" finished-at="2022-08-05T14:54:05 IST" duration-ms="13" status="PASS">
          <reporter-output>
          </reporter-output>
        </test-method> <!-- beforeExecution -->
        <test-method is-config="true" signature="setUpClass()[pri:0, instance:Runner.TestApplication@3f191845]" started-at="2022-08-05T14:54:05 IST" name="setUpClass" finished-at="2022-08-05T14:54:07 IST" duration-ms="1408" status="PASS">
          <reporter-output>
          </reporter-output>
        </test-method> <!-- setUpClass -->
        <test-method signature="runScenario(io.cucumber.testng.PickleWrapper,io.cucumber.testng.FeatureWrapper)[pri:0, instance:Runner.TestApplication@3f191845]" started-at="2022-08-05T14:54:07 IST" name="runScenario" description="Runs Cucumber Scenarios" data-provider="scenarios" finished-at="2022-08-05T14:55:09 IST" duration-ms="62330" status="PASS">
          <params>
            <param index="0">
              <value>
                <![CDATA["Creation of Warehouse Master record- Add Template"]]>
              </value>
            </param>
            <param index="1">
              <value>
                <![CDATA["Optional[check the functionality of the Warehouse Master]"]]>
              </value>
            </param>
          </params>
          <reporter-output>
          </reporter-output>
        </test-method> <!-- runScenario -->
        <test-method signature="runScenario(io.cucumber.testng.PickleWrapper,io.cucumber.testng.FeatureWrapper)[pri:0, instance:Runner.TestApplication@3f191845]" started-at="2022-08-05T14:55:09 IST" name="runScenario" description="Runs Cucumber Scenarios" data-provider="scenarios" finished-at="2022-08-05T14:55:31 IST" duration-ms="22015" status="PASS">
          <params>
            <param index="0">
              <value>
                <![CDATA["verify Checker user is able to Approve the record"]]>
              </value>
            </param>
            <param index="1">
              <value>
                <![CDATA["Optional[check the functionality of the Warehouse Master]"]]>
              </value>
            </param>
          </params>
          <reporter-output>
          </reporter-output>
        </test-method> <!-- runScenario -->
        <test-method signature="runScenario(io.cucumber.testng.PickleWrapper,io.cucumber.testng.FeatureWrapper)[pri:0, instance:Runner.TestApplication@3f191845]" started-at="2022-08-05T14:55:31 IST" name="runScenario" description="Runs Cucumber Scenarios" data-provider="scenarios" finished-at="2022-08-05T14:55:46 IST" duration-ms="15249" status="PASS">
          <params>
            <param index="0">
              <value>
                <![CDATA["Record should get approved and display in the system under Approved List view"]]>
              </value>
            </param>
            <param index="1">
              <value>
                <![CDATA["Optional[check the functionality of the Warehouse Master]"]]>
              </value>
            </param>
          </params>
          <reporter-output>
          </reporter-output>
        </test-method> <!-- runScenario -->
        <test-method signature="runScenario(io.cucumber.testng.PickleWrapper,io.cucumber.testng.FeatureWrapper)[pri:0, instance:Runner.TestApplication@3f191845]" started-at="2022-08-05T14:55:46 IST" name="runScenario" description="Runs Cucumber Scenarios" data-provider="scenarios" finished-at="2022-08-05T14:56:19 IST" duration-ms="32969" status="PASS">
          <params>
            <param index="0">
              <value>
                <![CDATA["Creation of Warehouse Master record- Add Template"]]>
              </value>
            </param>
            <param index="1">
              <value>
                <![CDATA["Optional[check the functionality of the Warehouse Master]"]]>
              </value>
            </param>
          </params>
          <reporter-output>
          </reporter-output>
        </test-method> <!-- runScenario -->
        <test-method signature="runScenario(io.cucumber.testng.PickleWrapper,io.cucumber.testng.FeatureWrapper)[pri:0, instance:Runner.TestApplication@3f191845]" started-at="2022-08-05T14:56:19 IST" name="runScenario" description="Runs Cucumber Scenarios" data-provider="scenarios" finished-at="2022-08-05T14:56:45 IST" duration-ms="25362" status="PASS">
          <params>
            <param index="0">
              <value>
                <![CDATA["verify Checker user is able to Approve the record"]]>
              </value>
            </param>
            <param index="1">
              <value>
                <![CDATA["Optional[check the functionality of the Warehouse Master]"]]>
              </value>
            </param>
          </params>
          <reporter-output>
          </reporter-output>
        </test-method> <!-- runScenario -->
        <test-method signature="runScenario(io.cucumber.testng.PickleWrapper,io.cucumber.testng.FeatureWrapper)[pri:0, instance:Runner.TestApplication@3f191845]" started-at="2022-08-05T14:56:45 IST" name="runScenario" description="Runs Cucumber Scenarios" data-provider="scenarios" finished-at="2022-08-05T14:57:00 IST" duration-ms="15322" status="PASS">
          <params>
            <param index="0">
              <value>
                <![CDATA["Record should get approved and display in the system under Approved List view"]]>
              </value>
            </param>
            <param index="1">
              <value>
                <![CDATA["Optional[check the functionality of the Warehouse Master]"]]>
              </value>
            </param>
          </params>
          <reporter-output>
          </reporter-output>
        </test-method> <!-- runScenario -->
        <test-method signature="runScenario(io.cucumber.testng.PickleWrapper,io.cucumber.testng.FeatureWrapper)[pri:0, instance:Runner.TestApplication@3f191845]" started-at="2022-08-05T14:57:00 IST" name="runScenario" description="Runs Cucumber Scenarios" data-provider="scenarios" finished-at="2022-08-05T14:57:35 IST" duration-ms="34713" status="PASS">
          <params>
            <param index="0">
              <value>
                <![CDATA["Creation of Warehouse Master record- Add Template"]]>
              </value>
            </param>
            <param index="1">
              <value>
                <![CDATA["Optional[check the functionality of the Warehouse Master]"]]>
              </value>
            </param>
          </params>
          <reporter-output>
          </reporter-output>
        </test-method> <!-- runScenario -->
        <test-method signature="runScenario(io.cucumber.testng.PickleWrapper,io.cucumber.testng.FeatureWrapper)[pri:0, instance:Runner.TestApplication@3f191845]" started-at="2022-08-05T14:57:35 IST" name="runScenario" description="Runs Cucumber Scenarios" data-provider="scenarios" finished-at="2022-08-05T14:58:04 IST" duration-ms="29655" status="PASS">
          <params>
            <param index="0">
              <value>
                <![CDATA["verify Checker user is able to Approve the record"]]>
              </value>
            </param>
            <param index="1">
              <value>
                <![CDATA["Optional[check the functionality of the Warehouse Master]"]]>
              </value>
            </param>
          </params>
          <reporter-output>
          </reporter-output>
        </test-method> <!-- runScenario -->
        <test-method signature="runScenario(io.cucumber.testng.PickleWrapper,io.cucumber.testng.FeatureWrapper)[pri:0, instance:Runner.TestApplication@3f191845]" started-at="2022-08-05T14:58:04 IST" name="runScenario" description="Runs Cucumber Scenarios" data-provider="scenarios" finished-at="2022-08-05T14:58:22 IST" duration-ms="17551" status="PASS">
          <params>
            <param index="0">
              <value>
                <![CDATA["Record should get approved and display in the system under Approved List view"]]>
              </value>
            </param>
            <param index="1">
              <value>
                <![CDATA["Optional[check the functionality of the Warehouse Master]"]]>
              </value>
            </param>
          </params>
          <reporter-output>
          </reporter-output>
        </test-method> <!-- runScenario -->
        <test-method signature="runScenario(io.cucumber.testng.PickleWrapper,io.cucumber.testng.FeatureWrapper)[pri:0, instance:Runner.TestApplication@3f191845]" started-at="2022-08-05T14:58:22 IST" name="runScenario" description="Runs Cucumber Scenarios" data-provider="scenarios" finished-at="2022-08-05T14:58:41 IST" duration-ms="19627" status="PASS">
          <params>
            <param index="0">
              <value>
                <![CDATA["Creation of Warehouse Master record- Add Template"]]>
              </value>
            </param>
            <param index="1">
              <value>
                <![CDATA["Optional[check the functionality of the Warehouse Master]"]]>
              </value>
            </param>
          </params>
          <reporter-output>
          </reporter-output>
        </test-method> <!-- runScenario -->
        <test-method signature="runScenario(io.cucumber.testng.PickleWrapper,io.cucumber.testng.FeatureWrapper)[pri:0, instance:Runner.TestApplication@3f191845]" started-at="2022-08-05T14:58:41 IST" name="runScenario" description="Runs Cucumber Scenarios" data-provider="scenarios" finished-at="2022-08-05T14:59:27 IST" duration-ms="45957" status="PASS">
          <params>
            <param index="0">
              <value>
                <![CDATA["Modification of Warehouse Master record"]]>
              </value>
            </param>
            <param index="1">
              <value>
                <![CDATA["Optional[check the functionality of the Warehouse Master]"]]>
              </value>
            </param>
          </params>
          <reporter-output>
          </reporter-output>
        </test-method> <!-- runScenario -->
        <test-method signature="runScenario(io.cucumber.testng.PickleWrapper,io.cucumber.testng.FeatureWrapper)[pri:0, instance:Runner.TestApplication@3f191845]" started-at="2022-08-05T14:59:27 IST" name="runScenario" description="Runs Cucumber Scenarios" data-provider="scenarios" finished-at="2022-08-05T14:59:51 IST" duration-ms="23094" status="PASS">
          <params>
            <param index="0">
              <value>
                <![CDATA["verify Checker user is able to Approve the record"]]>
              </value>
            </param>
            <param index="1">
              <value>
                <![CDATA["Optional[check the functionality of the Warehouse Master]"]]>
              </value>
            </param>
          </params>
          <reporter-output>
          </reporter-output>
        </test-method> <!-- runScenario -->
        <test-method signature="runScenario(io.cucumber.testng.PickleWrapper,io.cucumber.testng.FeatureWrapper)[pri:0, instance:Runner.TestApplication@3f191845]" started-at="2022-08-05T14:59:51 IST" name="runScenario" description="Runs Cucumber Scenarios" data-provider="scenarios" finished-at="2022-08-05T15:00:09 IST" duration-ms="18535" status="PASS">
          <params>
            <param index="0">
              <value>
                <![CDATA["Record should get approved and display in the system under Approved List view"]]>
              </value>
            </param>
            <param index="1">
              <value>
                <![CDATA["Optional[check the functionality of the Warehouse Master]"]]>
              </value>
            </param>
          </params>
          <reporter-output>
          </reporter-output>
        </test-method> <!-- runScenario -->
        <test-method signature="runScenario(io.cucumber.testng.PickleWrapper,io.cucumber.testng.FeatureWrapper)[pri:0, instance:Runner.TestApplication@3f191845]" started-at="2022-08-05T15:00:09 IST" name="runScenario" description="Runs Cucumber Scenarios" data-provider="scenarios" finished-at="2022-08-05T15:00:46 IST" duration-ms="36535" status="FAIL">
          <params>
            <param index="0">
              <value>
                <![CDATA["Modification of Warehouse Master record"]]>
              </value>
            </param>
            <param index="1">
              <value>
                <![CDATA["Optional[check the functionality of the Warehouse Master]"]]>
              </value>
            </param>
          </params>
          <exception class="org.openqa.selenium.StaleElementReferenceException">
            <message>
              <![CDATA[stale element reference: element is not attached to the page document
  (Session info: chrome=103.0.5060.134)
For documentation on this error, please visit: https://selenium.dev/exceptions/#stale_element_reference
Build info: version: '4.0.0-rc-1', revision: 'bc5511cbda'
System info: host: 'INMUVADP014547', ip: '10.1.47.111', os.name: 'Windows 10', os.arch: 'amd64', os.version: '10.0', java.version: '17.0.1'
Driver info: org.openqa.selenium.chrome.ChromeDriver
Command: [a79c110f0717a721ba0c29afb0a5968c, getElementText {id=cd80bad9-39dd-4d8d-a35c-751768622b5b}]
Capabilities {acceptInsecureCerts: false, browserName: chrome, browserVersion: 103.0.5060.134, chrome: {chromedriverVersion: 103.0.5060.134 (8ec6fce403b..., userDataDir: C:\Users\ININDC~1\AppData\L...}, goog:chromeOptions: {debuggerAddress: localhost:56666}, javascriptEnabled: true, networkConnectionEnabled: false, pageLoadStrategy: normal, platform: WINDOWS, platformName: WINDOWS, proxy: Proxy(), se:cdp: ws://localhost:56666/devtoo..., se:cdpVersion: 103.0.5060.134, setWindowRect: true, strictFileInteractability: false, timeouts: {implicit: 0, pageLoad: 300000, script: 30000}, unhandledPromptBehavior: dismiss and notify, webauthn:extension:credBlob: true, webauthn:extension:largeBlob: true, webauthn:virtualAuthenticators: true}
Element: [[ChromeDriver: chrome on WINDOWS (a79c110f0717a721ba0c29afb0a5968c)] -> xpath: //div[@id='toast-container']//div[@role='alert']]
Session ID: a79c110f0717a721ba0c29afb0a5968c]]>
            </message>
            <full-stacktrace>
              <![CDATA[org.openqa.selenium.StaleElementReferenceException: stale element reference: element is not attached to the page document
  (Session info: chrome=103.0.5060.134)
For documentation on this error, please visit: https://selenium.dev/exceptions/#stale_element_reference
Build info: version: '4.0.0-rc-1', revision: 'bc5511cbda'
System info: host: 'INMUVADP014547', ip: '10.1.47.111', os.name: 'Windows 10', os.arch: 'amd64', os.version: '10.0', java.version: '17.0.1'
Driver info: org.openqa.selenium.chrome.ChromeDriver
Command: [a79c110f0717a721ba0c29afb0a5968c, getElementText {id=cd80bad9-39dd-4d8d-a35c-751768622b5b}]
Capabilities {acceptInsecureCerts: false, browserName: chrome, browserVersion: 103.0.5060.134, chrome: {chromedriverVersion: 103.0.5060.134 (8ec6fce403b..., userDataDir: C:\Users\ININDC~1\AppData\L...}, goog:chromeOptions: {debuggerAddress: localhost:56666}, javascriptEnabled: true, networkConnectionEnabled: false, pageLoadStrategy: normal, platform: WINDOWS, platformName: WINDOWS, proxy: Proxy(), se:cdp: ws://localhost:56666/devtoo..., se:cdpVersion: 103.0.5060.134, setWindowRect: true, strictFileInteractability: false, timeouts: {implicit: 0, pageLoad: 300000, script: 30000}, unhandledPromptBehavior: dismiss and notify, webauthn:extension:credBlob: true, webauthn:extension:largeBlob: true, webauthn:virtualAuthenticators: true}
Element: [[ChromeDriver: chrome on WINDOWS (a79c110f0717a721ba0c29afb0a5968c)] -> xpath: //div[@id='toast-container']//div[@role='alert']]
Session ID: a79c110f0717a721ba0c29afb0a5968c
at java.base/jdk.internal.reflect.NativeConstructorAccessorImpl.newInstance0(Native Method)
at java.base/jdk.internal.reflect.NativeConstructorAccessorImpl.newInstance(NativeConstructorAccessorImpl.java:77)
at java.base/jdk.internal.reflect.DelegatingConstructorAccessorImpl.newInstance(DelegatingConstructorAccessorImpl.java:45)
at java.base/java.lang.reflect.Constructor.newInstanceWithCaller(Constructor.java:499)
at java.base/java.lang.reflect.Constructor.newInstance(Constructor.java:480)
at org.openqa.selenium.remote.codec.w3c.W3CHttpResponseCodec.createException(W3CHttpResponseCodec.java:200)
at org.openqa.selenium.remote.codec.w3c.W3CHttpResponseCodec.decode(W3CHttpResponseCodec.java:133)
at org.openqa.selenium.remote.codec.w3c.W3CHttpResponseCodec.decode(W3CHttpResponseCodec.java:53)
at org.openqa.selenium.remote.HttpCommandExecutor.execute(HttpCommandExecutor.java:184)
at org.openqa.selenium.remote.service.DriverCommandExecutor.invokeExecute(DriverCommandExecutor.java:164)
at org.openqa.selenium.remote.service.DriverCommandExecutor.execute(DriverCommandExecutor.java:139)
at org.openqa.selenium.remote.RemoteWebDriver.execute(RemoteWebDriver.java:547)
at org.openqa.selenium.remote.RemoteWebElement.execute(RemoteWebElement.java:251)
at org.openqa.selenium.remote.RemoteWebElement.getText(RemoteWebElement.java:201)
at java.base/jdk.internal.reflect.NativeMethodAccessorImpl.invoke0(Native Method)
at java.base/jdk.internal.reflect.NativeMethodAccessorImpl.invoke(NativeMethodAccessorImpl.java:77)
at java.base/jdk.internal.reflect.DelegatingMethodAccessorImpl.invoke(DelegatingMethodAccessorImpl.java:43)
at java.base/java.lang.reflect.Method.invoke(Method.java:568)
at org.openqa.selenium.support.pagefactory.internal.LocatingElementHandler.invoke(LocatingElementHandler.java:52)
at jdk.proxy2/jdk.proxy2.$Proxy46.getText(Unknown Source)
at stepdefinitions.WareHouseMaster.user_verify_the_submit_button_and_submit_the_record_from_maker_stage(WareHouseMaster.java:223)
at ✽.user verify the submit button and submit the Record from Maker stage(file:///C:/Users/inindc00075/git/Arshath_ULS/Arshath_AzentioULSFramework/src/test/java/features/Warehouse_Master.feature:203)
]]>
            </full-stacktrace>
          </exception> <!-- org.openqa.selenium.StaleElementReferenceException -->
          <reporter-output>
          </reporter-output>
        </test-method> <!-- runScenario -->
        <test-method signature="runScenario(io.cucumber.testng.PickleWrapper,io.cucumber.testng.FeatureWrapper)[pri:0, instance:Runner.TestApplication@3f191845]" started-at="2022-08-05T15:00:46 IST" name="runScenario" description="Runs Cucumber Scenarios" data-provider="scenarios" finished-at="2022-08-05T15:01:08 IST" duration-ms="22086" status="PASS">
          <params>
            <param index="0">
              <value>
                <![CDATA["verify Checker user is able to Approve the record"]]>
              </value>
            </param>
            <param index="1">
              <value>
                <![CDATA["Optional[check the functionality of the Warehouse Master]"]]>
              </value>
            </param>
          </params>
          <reporter-output>
          </reporter-output>
        </test-method> <!-- runScenario -->
        <test-method signature="runScenario(io.cucumber.testng.PickleWrapper,io.cucumber.testng.FeatureWrapper)[pri:0, instance:Runner.TestApplication@3f191845]" started-at="2022-08-05T15:01:08 IST" name="runScenario" description="Runs Cucumber Scenarios" data-provider="scenarios" finished-at="2022-08-05T15:01:24 IST" duration-ms="15913" status="PASS">
          <params>
            <param index="0">
              <value>
                <![CDATA["Record should get approved and display in the system under Approved List view"]]>
              </value>
            </param>
            <param index="1">
              <value>
                <![CDATA["Optional[check the functionality of the Warehouse Master]"]]>
              </value>
            </param>
          </params>
          <reporter-output>
          </reporter-output>
        </test-method> <!-- runScenario -->
        <test-method signature="runScenario(io.cucumber.testng.PickleWrapper,io.cucumber.testng.FeatureWrapper)[pri:0, instance:Runner.TestApplication@3f191845]" started-at="2022-08-05T15:01:24 IST" name="runScenario" description="Runs Cucumber Scenarios" data-provider="scenarios" finished-at="2022-08-05T15:02:05 IST" duration-ms="41234" status="PASS">
          <params>
            <param index="0">
              <value>
                <![CDATA["Modification of Warehouse Master record"]]>
              </value>
            </param>
            <param index="1">
              <value>
                <![CDATA["Optional[check the functionality of the Warehouse Master]"]]>
              </value>
            </param>
          </params>
          <reporter-output>
          </reporter-output>
        </test-method> <!-- runScenario -->
        <test-method signature="runScenario(io.cucumber.testng.PickleWrapper,io.cucumber.testng.FeatureWrapper)[pri:0, instance:Runner.TestApplication@3f191845]" started-at="2022-08-05T15:02:05 IST" name="runScenario" description="Runs Cucumber Scenarios" data-provider="scenarios" finished-at="2022-08-05T15:02:26 IST" duration-ms="21398" status="PASS">
          <params>
            <param index="0">
              <value>
                <![CDATA["verify Checker user is able to Approve the record"]]>
              </value>
            </param>
            <param index="1">
              <value>
                <![CDATA["Optional[check the functionality of the Warehouse Master]"]]>
              </value>
            </param>
          </params>
          <reporter-output>
          </reporter-output>
        </test-method> <!-- runScenario -->
        <test-method signature="runScenario(io.cucumber.testng.PickleWrapper,io.cucumber.testng.FeatureWrapper)[pri:0, instance:Runner.TestApplication@3f191845]" started-at="2022-08-05T15:02:26 IST" name="runScenario" description="Runs Cucumber Scenarios" data-provider="scenarios" finished-at="2022-08-05T15:02:42 IST" duration-ms="15620" status="PASS">
          <params>
            <param index="0">
              <value>
                <![CDATA["Record should get approved and display in the system under Approved List view"]]>
              </value>
            </param>
            <param index="1">
              <value>
                <![CDATA["Optional[check the functionality of the Warehouse Master]"]]>
              </value>
            </param>
          </params>
          <reporter-output>
          </reporter-output>
        </test-method> <!-- runScenario -->
        <test-method signature="runScenario(io.cucumber.testng.PickleWrapper,io.cucumber.testng.FeatureWrapper)[pri:0, instance:Runner.TestApplication@3f191845]" started-at="2022-08-05T15:02:42 IST" name="runScenario" description="Runs Cucumber Scenarios" data-provider="scenarios" finished-at="2022-08-05T15:03:56 IST" duration-ms="73756" status="PASS">
          <params>
            <param index="0">
              <value>
                <![CDATA["verify the functionality of Activate/Deactivate button"]]>
              </value>
            </param>
            <param index="1">
              <value>
                <![CDATA["Optional[check the functionality of the Warehouse Master]"]]>
              </value>
            </param>
          </params>
          <reporter-output>
          </reporter-output>
        </test-method> <!-- runScenario -->
        <test-method is-config="true" signature="tearDownClass()[pri:0, instance:Runner.TestApplication@3f191845]" started-at="2022-08-05T15:03:56 IST" name="tearDownClass" finished-at="2022-08-05T15:04:54 IST" duration-ms="57885" status="PASS">
          <reporter-output>
          </reporter-output>
        </test-method> <!-- tearDownClass -->
        <test-method is-config="true" signature="afterExecution()[pri:0, instance:Runner.TestApplication@3f191845]" started-at="2022-08-05T15:04:54 IST" name="afterExecution" finished-at="2022-08-05T15:04:54 IST" duration-ms="225" status="PASS">
          <reporter-output>
          </reporter-output>
        </test-method> <!-- afterExecution -->
      </class> <!-- Runner.TestApplication -->
    </test> <!-- Default test -->
  </suite> <!-- Default suite -->
</testng-results>
