<?xml version="1.0" encoding="UTF-8"?>
<testng-results ignored="0" total="25" passed="25" failed="0" skipped="0">
  <reporter-output>
  </reporter-output>
  <suite started-at="2022-10-31T18:02:02 IST" name="Default suite" finished-at="2022-10-31T18:18:54 IST" duration-ms="1012474">
    <groups>
      <group name="cucumber">
        <method signature="AbstractTestNGCucumberTests.runScenario(io.cucumber.testng.PickleWrapper,io.cucumber.testng.FeatureWrapper)[pri:0, instance:Runner.TestApplication@3f191845]" name="runScenario" class="io.cucumber.testng.AbstractTestNGCucumberTests"/>
      </group> <!-- cucumber -->
    </groups>
    <test started-at="2022-10-31T18:02:02 IST" name="Default test" finished-at="2022-10-31T18:18:54 IST" duration-ms="1012474">
      <class name="Runner.TestApplication">
        <test-method is-config="true" signature="beforeExecution()[pri:0, instance:Runner.TestApplication@3f191845]" started-at="2022-10-31T18:02:02 IST" name="beforeExecution" finished-at="2022-10-31T18:02:02 IST" duration-ms="7" status="PASS">
          <reporter-output>
          </reporter-output>
        </test-method> <!-- beforeExecution -->
        <test-method is-config="true" signature="setUpClass()[pri:0, instance:Runner.TestApplication@3f191845]" started-at="2022-10-31T18:02:02 IST" name="setUpClass" finished-at="2022-10-31T18:02:03 IST" duration-ms="979" status="PASS">
          <reporter-output>
          </reporter-output>
        </test-method> <!-- setUpClass -->
        <test-method signature="runScenario(io.cucumber.testng.PickleWrapper,io.cucumber.testng.FeatureWrapper)[pri:0, instance:Runner.TestApplication@3f191845]" started-at="2022-10-31T18:02:03 IST" name="runScenario" description="Runs Cucumber Scenarios" data-provider="scenarios" finished-at="2022-10-31T18:02:54 IST" duration-ms="51471" status="PASS">
          <params>
            <param index="0">
              <value>
                <![CDATA["Creation of Warehouse Master record_ Add Template"]]>
              </value>
            </param>
            <param index="1">
              <value>
                <![CDATA["Optional[check the functionality of the Warehouse Master]"]]>
              </value>
            </param>
          </params>
          <reporter-output>
          </reporter-output>
        </test-method> <!-- runScenario -->
        <test-method signature="runScenario(io.cucumber.testng.PickleWrapper,io.cucumber.testng.FeatureWrapper)[pri:0, instance:Runner.TestApplication@3f191845]" started-at="2022-10-31T18:02:54 IST" name="runScenario" description="Runs Cucumber Scenarios" data-provider="scenarios" finished-at="2022-10-31T18:03:18 IST" duration-ms="23254" status="PASS">
          <params>
            <param index="0">
              <value>
                <![CDATA["verify Checker user is able to Approve the record"]]>
              </value>
            </param>
            <param index="1">
              <value>
                <![CDATA["Optional[check the functionality of the Warehouse Master]"]]>
              </value>
            </param>
          </params>
          <reporter-output>
          </reporter-output>
        </test-method> <!-- runScenario -->
        <test-method signature="runScenario(io.cucumber.testng.PickleWrapper,io.cucumber.testng.FeatureWrapper)[pri:0, instance:Runner.TestApplication@3f191845]" started-at="2022-10-31T18:03:18 IST" name="runScenario" description="Runs Cucumber Scenarios" data-provider="scenarios" finished-at="2022-10-31T18:03:38 IST" duration-ms="19850" status="PASS">
          <params>
            <param index="0">
              <value>
                <![CDATA["Record should get approved and display in the system under Approved List view"]]>
              </value>
            </param>
            <param index="1">
              <value>
                <![CDATA["Optional[check the functionality of the Warehouse Master]"]]>
              </value>
            </param>
          </params>
          <reporter-output>
          </reporter-output>
        </test-method> <!-- runScenario -->
        <test-method signature="runScenario(io.cucumber.testng.PickleWrapper,io.cucumber.testng.FeatureWrapper)[pri:0, instance:Runner.TestApplication@3f191845]" started-at="2022-10-31T18:03:38 IST" name="runScenario" description="Runs Cucumber Scenarios" data-provider="scenarios" finished-at="2022-10-31T18:04:25 IST" duration-ms="47664" status="PASS">
          <params>
            <param index="0">
              <value>
                <![CDATA["Creation of Warehouse Master record_ Add Template"]]>
              </value>
            </param>
            <param index="1">
              <value>
                <![CDATA["Optional[check the functionality of the Warehouse Master]"]]>
              </value>
            </param>
          </params>
          <reporter-output>
          </reporter-output>
        </test-method> <!-- runScenario -->
        <test-method signature="runScenario(io.cucumber.testng.PickleWrapper,io.cucumber.testng.FeatureWrapper)[pri:0, instance:Runner.TestApplication@3f191845]" started-at="2022-10-31T18:04:25 IST" name="runScenario" description="Runs Cucumber Scenarios" data-provider="scenarios" finished-at="2022-10-31T18:04:48 IST" duration-ms="23035" status="PASS">
          <params>
            <param index="0">
              <value>
                <![CDATA["verify Checker user is able to Reject the record"]]>
              </value>
            </param>
            <param index="1">
              <value>
                <![CDATA["Optional[check the functionality of the Warehouse Master]"]]>
              </value>
            </param>
          </params>
          <reporter-output>
          </reporter-output>
        </test-method> <!-- runScenario -->
        <test-method signature="runScenario(io.cucumber.testng.PickleWrapper,io.cucumber.testng.FeatureWrapper)[pri:0, instance:Runner.TestApplication@3f191845]" started-at="2022-10-31T18:04:48 IST" name="runScenario" description="Runs Cucumber Scenarios" data-provider="scenarios" finished-at="2022-10-31T18:05:07 IST" duration-ms="18975" status="PASS">
          <params>
            <param index="0">
              <value>
                <![CDATA["Record should get approved and display in the system under Reject List view"]]>
              </value>
            </param>
            <param index="1">
              <value>
                <![CDATA["Optional[check the functionality of the Warehouse Master]"]]>
              </value>
            </param>
          </params>
          <reporter-output>
          </reporter-output>
        </test-method> <!-- runScenario -->
        <test-method signature="runScenario(io.cucumber.testng.PickleWrapper,io.cucumber.testng.FeatureWrapper)[pri:0, instance:Runner.TestApplication@3f191845]" started-at="2022-10-31T18:05:07 IST" name="runScenario" description="Runs Cucumber Scenarios" data-provider="scenarios" finished-at="2022-10-31T18:05:50 IST" duration-ms="43243" status="PASS">
          <params>
            <param index="0">
              <value>
                <![CDATA["Creation of Warehouse Master record_ Add Template"]]>
              </value>
            </param>
            <param index="1">
              <value>
                <![CDATA["Optional[check the functionality of the Warehouse Master]"]]>
              </value>
            </param>
          </params>
          <reporter-output>
          </reporter-output>
        </test-method> <!-- runScenario -->
        <test-method signature="runScenario(io.cucumber.testng.PickleWrapper,io.cucumber.testng.FeatureWrapper)[pri:0, instance:Runner.TestApplication@3f191845]" started-at="2022-10-31T18:05:51 IST" name="runScenario" description="Runs Cucumber Scenarios" data-provider="scenarios" finished-at="2022-10-31T18:06:15 IST" duration-ms="24079" status="PASS">
          <params>
            <param index="0">
              <value>
                <![CDATA["verify Checker user is able to Approve the record"]]>
              </value>
            </param>
            <param index="1">
              <value>
                <![CDATA["Optional[check the functionality of the Warehouse Master]"]]>
              </value>
            </param>
          </params>
          <reporter-output>
          </reporter-output>
        </test-method> <!-- runScenario -->
        <test-method signature="runScenario(io.cucumber.testng.PickleWrapper,io.cucumber.testng.FeatureWrapper)[pri:0, instance:Runner.TestApplication@3f191845]" started-at="2022-10-31T18:06:15 IST" name="runScenario" description="Runs Cucumber Scenarios" data-provider="scenarios" finished-at="2022-10-31T18:06:41 IST" duration-ms="26047" status="PASS">
          <params>
            <param index="0">
              <value>
                <![CDATA["Record should get approved and display in the system under Approved List view"]]>
              </value>
            </param>
            <param index="1">
              <value>
                <![CDATA["Optional[check the functionality of the Warehouse Master]"]]>
              </value>
            </param>
          </params>
          <reporter-output>
          </reporter-output>
        </test-method> <!-- runScenario -->
        <test-method signature="runScenario(io.cucumber.testng.PickleWrapper,io.cucumber.testng.FeatureWrapper)[pri:0, instance:Runner.TestApplication@3f191845]" started-at="2022-10-31T18:06:41 IST" name="runScenario" description="Runs Cucumber Scenarios" data-provider="scenarios" finished-at="2022-10-31T18:07:06 IST" duration-ms="25172" status="PASS">
          <params>
            <param index="0">
              <value>
                <![CDATA["Creation of Warehouse Master record_ Add Template"]]>
              </value>
            </param>
            <param index="1">
              <value>
                <![CDATA["Optional[check the functionality of the Warehouse Master]"]]>
              </value>
            </param>
          </params>
          <reporter-output>
          </reporter-output>
        </test-method> <!-- runScenario -->
        <test-method signature="runScenario(io.cucumber.testng.PickleWrapper,io.cucumber.testng.FeatureWrapper)[pri:0, instance:Runner.TestApplication@3f191845]" started-at="2022-10-31T18:07:06 IST" name="runScenario" description="Runs Cucumber Scenarios" data-provider="scenarios" finished-at="2022-10-31T18:08:02 IST" duration-ms="56036" status="PASS">
          <params>
            <param index="0">
              <value>
                <![CDATA["Modification of Warehouse Master record"]]>
              </value>
            </param>
            <param index="1">
              <value>
                <![CDATA["Optional[check the functionality of the Warehouse Master]"]]>
              </value>
            </param>
          </params>
          <reporter-output>
          </reporter-output>
        </test-method> <!-- runScenario -->
        <test-method signature="runScenario(io.cucumber.testng.PickleWrapper,io.cucumber.testng.FeatureWrapper)[pri:0, instance:Runner.TestApplication@3f191845]" started-at="2022-10-31T18:08:02 IST" name="runScenario" description="Runs Cucumber Scenarios" data-provider="scenarios" finished-at="2022-10-31T18:08:24 IST" duration-ms="22431" status="PASS">
          <params>
            <param index="0">
              <value>
                <![CDATA["verify Checker user is able to Approve the record"]]>
              </value>
            </param>
            <param index="1">
              <value>
                <![CDATA["Optional[check the functionality of the Warehouse Master]"]]>
              </value>
            </param>
          </params>
          <reporter-output>
          </reporter-output>
        </test-method> <!-- runScenario -->
        <test-method signature="runScenario(io.cucumber.testng.PickleWrapper,io.cucumber.testng.FeatureWrapper)[pri:0, instance:Runner.TestApplication@3f191845]" started-at="2022-10-31T18:08:24 IST" name="runScenario" description="Runs Cucumber Scenarios" data-provider="scenarios" finished-at="2022-10-31T18:08:45 IST" duration-ms="20472" status="PASS">
          <params>
            <param index="0">
              <value>
                <![CDATA["Record should get approved and display in the system under Approved List view"]]>
              </value>
            </param>
            <param index="1">
              <value>
                <![CDATA["Optional[check the functionality of the Warehouse Master]"]]>
              </value>
            </param>
          </params>
          <reporter-output>
          </reporter-output>
        </test-method> <!-- runScenario -->
        <test-method signature="runScenario(io.cucumber.testng.PickleWrapper,io.cucumber.testng.FeatureWrapper)[pri:0, instance:Runner.TestApplication@3f191845]" started-at="2022-10-31T18:08:45 IST" name="runScenario" description="Runs Cucumber Scenarios" data-provider="scenarios" finished-at="2022-10-31T18:09:13 IST" duration-ms="27869" status="PASS">
          <params>
            <param index="0">
              <value>
                <![CDATA["verify while modification system enters the invalid data (Invalid data types)"]]>
              </value>
            </param>
            <param index="1">
              <value>
                <![CDATA["Optional[check the functionality of the Warehouse Master]"]]>
              </value>
            </param>
          </params>
          <reporter-output>
          </reporter-output>
        </test-method> <!-- runScenario -->
        <test-method signature="runScenario(io.cucumber.testng.PickleWrapper,io.cucumber.testng.FeatureWrapper)[pri:0, instance:Runner.TestApplication@3f191845]" started-at="2022-10-31T18:09:13 IST" name="runScenario" description="Runs Cucumber Scenarios" data-provider="scenarios" finished-at="2022-10-31T18:10:10 IST" duration-ms="57597" status="PASS">
          <params>
            <param index="0">
              <value>
                <![CDATA["Modification of Warehouse Master record"]]>
              </value>
            </param>
            <param index="1">
              <value>
                <![CDATA["Optional[check the functionality of the Warehouse Master]"]]>
              </value>
            </param>
          </params>
          <reporter-output>
          </reporter-output>
        </test-method> <!-- runScenario -->
        <test-method signature="runScenario(io.cucumber.testng.PickleWrapper,io.cucumber.testng.FeatureWrapper)[pri:0, instance:Runner.TestApplication@3f191845]" started-at="2022-10-31T18:10:10 IST" name="runScenario" description="Runs Cucumber Scenarios" data-provider="scenarios" finished-at="2022-10-31T18:10:40 IST" duration-ms="29752" status="PASS">
          <params>
            <param index="0">
              <value>
                <![CDATA["verify Checker user is able to Approve the record"]]>
              </value>
            </param>
            <param index="1">
              <value>
                <![CDATA["Optional[check the functionality of the Warehouse Master]"]]>
              </value>
            </param>
          </params>
          <reporter-output>
          </reporter-output>
        </test-method> <!-- runScenario -->
        <test-method signature="runScenario(io.cucumber.testng.PickleWrapper,io.cucumber.testng.FeatureWrapper)[pri:0, instance:Runner.TestApplication@3f191845]" started-at="2022-10-31T18:10:40 IST" name="runScenario" description="Runs Cucumber Scenarios" data-provider="scenarios" finished-at="2022-10-31T18:11:07 IST" duration-ms="26716" status="PASS">
          <params>
            <param index="0">
              <value>
                <![CDATA["Record should get approved and display in the system under Approved List view"]]>
              </value>
            </param>
            <param index="1">
              <value>
                <![CDATA["Optional[check the functionality of the Warehouse Master]"]]>
              </value>
            </param>
          </params>
          <reporter-output>
          </reporter-output>
        </test-method> <!-- runScenario -->
        <test-method signature="runScenario(io.cucumber.testng.PickleWrapper,io.cucumber.testng.FeatureWrapper)[pri:0, instance:Runner.TestApplication@3f191845]" started-at="2022-10-31T18:11:07 IST" name="runScenario" description="Runs Cucumber Scenarios" data-provider="scenarios" finished-at="2022-10-31T18:12:06 IST" duration-ms="58863" status="PASS">
          <params>
            <param index="0">
              <value>
                <![CDATA["Modification of Warehouse Master record"]]>
              </value>
            </param>
            <param index="1">
              <value>
                <![CDATA["Optional[check the functionality of the Warehouse Master]"]]>
              </value>
            </param>
          </params>
          <reporter-output>
          </reporter-output>
        </test-method> <!-- runScenario -->
        <test-method signature="runScenario(io.cucumber.testng.PickleWrapper,io.cucumber.testng.FeatureWrapper)[pri:0, instance:Runner.TestApplication@3f191845]" started-at="2022-10-31T18:12:06 IST" name="runScenario" description="Runs Cucumber Scenarios" data-provider="scenarios" finished-at="2022-10-31T18:12:31 IST" duration-ms="25388" status="PASS">
          <params>
            <param index="0">
              <value>
                <![CDATA["verify Checker user is able to Approve the record"]]>
              </value>
            </param>
            <param index="1">
              <value>
                <![CDATA["Optional[check the functionality of the Warehouse Master]"]]>
              </value>
            </param>
          </params>
          <reporter-output>
          </reporter-output>
        </test-method> <!-- runScenario -->
        <test-method signature="runScenario(io.cucumber.testng.PickleWrapper,io.cucumber.testng.FeatureWrapper)[pri:0, instance:Runner.TestApplication@3f191845]" started-at="2022-10-31T18:12:31 IST" name="runScenario" description="Runs Cucumber Scenarios" data-provider="scenarios" finished-at="2022-10-31T18:12:50 IST" duration-ms="19166" status="PASS">
          <params>
            <param index="0">
              <value>
                <![CDATA["Record should get approved and display in the system under Approved List view"]]>
              </value>
            </param>
            <param index="1">
              <value>
                <![CDATA["Optional[check the functionality of the Warehouse Master]"]]>
              </value>
            </param>
          </params>
          <reporter-output>
          </reporter-output>
        </test-method> <!-- runScenario -->
        <test-method signature="runScenario(io.cucumber.testng.PickleWrapper,io.cucumber.testng.FeatureWrapper)[pri:0, instance:Runner.TestApplication@3f191845]" started-at="2022-10-31T18:12:50 IST" name="runScenario" description="Runs Cucumber Scenarios" data-provider="scenarios" finished-at="2022-10-31T18:13:17 IST" duration-ms="26740" status="PASS">
          <params>
            <param index="0">
              <value>
                <![CDATA["verify the functionality of Activate/Deactivate button"]]>
              </value>
            </param>
            <param index="1">
              <value>
                <![CDATA["Optional[check the functionality of the Warehouse Master]"]]>
              </value>
            </param>
          </params>
          <reporter-output>
          </reporter-output>
        </test-method> <!-- runScenario -->
        <test-method signature="runScenario(io.cucumber.testng.PickleWrapper,io.cucumber.testng.FeatureWrapper)[pri:0, instance:Runner.TestApplication@3f191845]" started-at="2022-10-31T18:13:17 IST" name="runScenario" description="Runs Cucumber Scenarios" data-provider="scenarios" finished-at="2022-10-31T18:13:40 IST" duration-ms="22970" status="PASS">
          <params>
            <param index="0">
              <value>
                <![CDATA["To verify list view of wareHouse master"]]>
              </value>
            </param>
            <param index="1">
              <value>
                <![CDATA["Optional[check the functionality of the Warehouse Master]"]]>
              </value>
            </param>
          </params>
          <reporter-output>
          </reporter-output>
        </test-method> <!-- runScenario -->
        <test-method signature="runScenario(io.cucumber.testng.PickleWrapper,io.cucumber.testng.FeatureWrapper)[pri:0, instance:Runner.TestApplication@3f191845]" started-at="2022-10-31T18:13:40 IST" name="runScenario" description="Runs Cucumber Scenarios" data-provider="scenarios" finished-at="2022-10-31T18:14:09 IST" duration-ms="29614" status="PASS">
          <params>
            <param index="0">
              <value>
                <![CDATA["TO verify user can able to serach the list view record with matching and un matching input and user can able to download the the xls and pdf format file"]]>
              </value>
            </param>
            <param index="1">
              <value>
                <![CDATA["Optional[check the functionality of the Warehouse Master]"]]>
              </value>
            </param>
          </params>
          <reporter-output>
          </reporter-output>
        </test-method> <!-- runScenario -->
        <test-method signature="runScenario(io.cucumber.testng.PickleWrapper,io.cucumber.testng.FeatureWrapper)[pri:0, instance:Runner.TestApplication@3f191845]" started-at="2022-10-31T18:14:09 IST" name="runScenario" description="Runs Cucumber Scenarios" data-provider="scenarios" finished-at="2022-10-31T18:14:34 IST" duration-ms="24426" status="PASS">
          <params>
            <param index="0">
              <value>
                <![CDATA["To verify the list view data in wareHouse master"]]>
              </value>
            </param>
            <param index="1">
              <value>
                <![CDATA["Optional[check the functionality of the Warehouse Master]"]]>
              </value>
            </param>
          </params>
          <reporter-output>
          </reporter-output>
        </test-method> <!-- runScenario -->
        <test-method signature="runScenario(io.cucumber.testng.PickleWrapper,io.cucumber.testng.FeatureWrapper)[pri:0, instance:Runner.TestApplication@3f191845]" started-at="2022-10-31T18:14:34 IST" name="runScenario" description="Runs Cucumber Scenarios" data-provider="scenarios" finished-at="2022-10-31T18:15:30 IST" duration-ms="56571" status="PASS">
          <params>
            <param index="0">
              <value>
                <![CDATA["To verify the list view of WIP Record"]]>
              </value>
            </param>
            <param index="1">
              <value>
                <![CDATA["Optional[check the functionality of the Warehouse Master]"]]>
              </value>
            </param>
          </params>
          <reporter-output>
          </reporter-output>
        </test-method> <!-- runScenario -->
        <test-method is-config="true" signature="tearDownClass()[pri:0, instance:Runner.TestApplication@3f191845]" started-at="2022-10-31T18:15:30 IST" name="tearDownClass" finished-at="2022-10-31T18:18:54 IST" duration-ms="203966" status="PASS">
          <reporter-output>
          </reporter-output>
        </test-method> <!-- tearDownClass -->
        <test-method is-config="true" signature="afterExecution()[pri:0, instance:Runner.TestApplication@3f191845]" started-at="2022-10-31T18:18:54 IST" name="afterExecution" finished-at="2022-10-31T18:18:55 IST" duration-ms="187" status="PASS">
          <reporter-output>
          </reporter-output>
        </test-method> <!-- afterExecution -->
      </class> <!-- Runner.TestApplication -->
    </test> <!-- Default test -->
  </suite> <!-- Default suite -->
</testng-results>
