<?xml version="1.0" encoding="UTF-8"?>
<!-- Generated by org.testng.reporters.JUnitReportReporter -->
<testsuite hostname="INMUVADP014584" failures="1" tests="1" name="Runner.TestApplication" time="97.581" errors="0" timestamp="2022-08-01T12:44:52 IST" skipped="0">
  <testcase classname="Runner.TestApplication" name="runScenario" time="97.581">
    <failure message="expected:&lt;[dep02]&gt; but was:&lt;[12345]&gt;" type="org.junit.ComparisonFailure">
      <![CDATA[org.junit.ComparisonFailure: expected:<[dep02]> but was:<[12345]>
at org.junit.Assert.assertEquals(Assert.java:115)
at org.junit.Assert.assertEquals(Assert.java:144)
at stepdefinitions.ULS_ProjectMasterSteps.submit_the_record_from_maker_endand_give_alert_remark_and_submit_the_alert_button_after_clickking_on_alert(ULS_ProjectMasterSteps.java:1933)
at ✽.submit the record from maker endAnd give alert remark and submit the alert button after clickking on alert(file:///C:/Users/inindc00076/eclipse-workspace/AzentioULSFramework_Anandh/src/test/java/features/ULS_ProjectMasterFeature.feature:161)
]]>
    </failure>
  </testcase> <!-- runScenario -->
  <system-out/>
</testsuite> <!-- Runner.TestApplication -->
