<?xml version="1.0" encoding="UTF-8"?>
<!-- Generated by org.testng.reporters.JUnitXMLReporter -->
<testsuite ignored="0" hostname="Z51" failures="1" tests="1" name="Default test" time="55.708" errors="0" timestamp="2021-11-08T17:13:05 IST">
  <testcase classname="io.cucumber.testng.AbstractTestNGCucumberTests" name="runScenario" time="39.759">
    <failure type="java.lang.AssertionError" message="User has  registered">
      <![CDATA[java.lang.AssertionError: User has  registered
at org.testng.Assert.fail(Assert.java:99)
at stepdefinitions.register.user_should_get_successfully_registered(register.java:73)
at ✽.User should get successfully registered(file:///C:/Users/dharshini.4312/git/ExtentReportsExample/AzentioAutomationFramework/AzentioAutomationFramework/src/test/java/features/RegisterAsNewMember.feature:15)
]]>
    </failure>
  </testcase> <!-- runScenario -->
</testsuite> <!-- Default test -->
