<?xml version="1.0" encoding="UTF-8"?>
<testng-results ignored="0" total="1" passed="0" failed="1" skipped="0">
  <reporter-output>
  </reporter-output>
  <suite started-at="2022-09-15T15:06:43 IST" name="Default suite" finished-at="2022-09-15T15:08:26 IST" duration-ms="102117">
    <groups>
      <group name="cucumber">
        <method signature="AbstractTestNGCucumberTests.runScenario(io.cucumber.testng.PickleWrapper,io.cucumber.testng.FeatureWrapper)[pri:0, instance:Runner.TestApplication@2d901eb0]" name="runScenario" class="io.cucumber.testng.AbstractTestNGCucumberTests"/>
      </group> <!-- cucumber -->
    </groups>
    <test started-at="2022-09-15T15:06:43 IST" name="Default test" finished-at="2022-09-15T15:08:26 IST" duration-ms="102117">
      <class name="Runner.TestApplication">
        <test-method is-config="true" signature="beforeExecution()[pri:0, instance:Runner.TestApplication@2d901eb0]" started-at="2022-09-15T15:06:43 IST" name="beforeExecution" finished-at="2022-09-15T15:06:43 IST" duration-ms="5" status="PASS">
          <reporter-output>
          </reporter-output>
        </test-method> <!-- beforeExecution -->
        <test-method is-config="true" signature="setUpClass()[pri:0, instance:Runner.TestApplication@2d901eb0]" started-at="2022-09-15T15:06:43 IST" name="setUpClass" finished-at="2022-09-15T15:06:44 IST" duration-ms="868" status="PASS">
          <reporter-output>
          </reporter-output>
        </test-method> <!-- setUpClass -->
        <test-method signature="runScenario(io.cucumber.testng.PickleWrapper,io.cucumber.testng.FeatureWrapper)[pri:0, instance:Runner.TestApplication@2d901eb0]" started-at="2022-09-15T15:06:44 IST" name="runScenario" description="Runs Cucumber Scenarios" data-provider="scenarios" finished-at="2022-09-15T15:08:14 IST" duration-ms="89836" status="FAIL">
          <params>
            <param index="0">
              <value>
                <![CDATA["Validate that user can able to create a App data entry record"]]>
              </value>
            </param>
            <param index="1">
              <value>
                <![CDATA["Optional[To verify user is able to create the record and full flow of the transaction screen]"]]>
              </value>
            </param>
          </params>
          <exception class="org.openqa.selenium.ElementClickInterceptedException">
            <message>
              <![CDATA[element click intercepted: Element <ion-select _ngcontent-lxp-c320="" ng-reflect-ok-text="OK" ng-reflect-cancel-text="CANCEL" ng-reflect-placeholder="Select" ng-reflect-interface="popover" ng-reflect-multiple="false" ng-reflect-disabled="false" ng-reflect-is-disabled="false" class="ng-untouched ng-pristine ng-valid ios in-item hydrated ion-untouched ion-pristine ion-valid" role="button" aria-haspopup="listbox" aria-label="Select,  Sourcing Staff *" ng-reflect-model="">...</ion-select> is not clickable at point (1476, 822). Other element would receive the click: <ion-popover class="select-popover ios popover-desktop popover-side-bottom hydrated popover-bottom" id="ion-overlay-13" aria-modal="true" no-router="" tabindex="-1" style="z-index: 20013; --width:792px;">...</ion-popover>
  (Session info: chrome=99.0.4844.82)
Build info: version: '4.0.0-rc-1', revision: 'bc5511cbda'
System info: host: 'INMUVADP016574', ip: '10.1.47.116', os.name: 'Windows 10', os.arch: 'amd64', os.version: '10.0', java.version: '17.0.1'
Driver info: org.openqa.selenium.chrome.ChromeDriver
Command: [1966571f8b3757e385f0620ae89e25ba, clickElement {id=9db3cafa-0289-4a53-bb75-6f718772a57c}]
Capabilities {acceptInsecureCerts: false, browserName: chrome, browserVersion: 99.0.4844.82, chrome: {chromedriverVersion: 98.0.4758.80 (7f0488e8ba0d8..., userDataDir: C:\Users\ININDC~1\AppData\L...}, goog:chromeOptions: {debuggerAddress: localhost:63306}, javascriptEnabled: true, networkConnectionEnabled: false, pageLoadStrategy: normal, platform: WINDOWS, platformName: WINDOWS, proxy: Proxy(), se:cdp: ws://localhost:63306/devtoo..., se:cdpVersion: 99.0.4844.82, setWindowRect: true, strictFileInteractability: false, timeouts: {implicit: 0, pageLoad: 300000, script: 30000}, unhandledPromptBehavior: dismiss and notify, webauthn:extension:credBlob: true, webauthn:extension:largeBlob: true, webauthn:virtualAuthenticators: true}
Element: [[ChromeDriver: chrome on WINDOWS (1966571f8b3757e385f0620ae89e25ba)] -> xpath: //ion-label[text()=' Sourcing Staff ']//following-sibling::ion-select]
Session ID: 1966571f8b3757e385f0620ae89e25ba]]>
            </message>
            <full-stacktrace>
              <![CDATA[org.openqa.selenium.ElementClickInterceptedException: element click intercepted: Element <ion-select _ngcontent-lxp-c320="" ng-reflect-ok-text="OK" ng-reflect-cancel-text="CANCEL" ng-reflect-placeholder="Select" ng-reflect-interface="popover" ng-reflect-multiple="false" ng-reflect-disabled="false" ng-reflect-is-disabled="false" class="ng-untouched ng-pristine ng-valid ios in-item hydrated ion-untouched ion-pristine ion-valid" role="button" aria-haspopup="listbox" aria-label="Select,  Sourcing Staff *" ng-reflect-model="">...</ion-select> is not clickable at point (1476, 822). Other element would receive the click: <ion-popover class="select-popover ios popover-desktop popover-side-bottom hydrated popover-bottom" id="ion-overlay-13" aria-modal="true" no-router="" tabindex="-1" style="z-index: 20013; --width:792px;">...</ion-popover>
  (Session info: chrome=99.0.4844.82)
Build info: version: '4.0.0-rc-1', revision: 'bc5511cbda'
System info: host: 'INMUVADP016574', ip: '10.1.47.116', os.name: 'Windows 10', os.arch: 'amd64', os.version: '10.0', java.version: '17.0.1'
Driver info: org.openqa.selenium.chrome.ChromeDriver
Command: [1966571f8b3757e385f0620ae89e25ba, clickElement {id=9db3cafa-0289-4a53-bb75-6f718772a57c}]
Capabilities {acceptInsecureCerts: false, browserName: chrome, browserVersion: 99.0.4844.82, chrome: {chromedriverVersion: 98.0.4758.80 (7f0488e8ba0d8..., userDataDir: C:\Users\ININDC~1\AppData\L...}, goog:chromeOptions: {debuggerAddress: localhost:63306}, javascriptEnabled: true, networkConnectionEnabled: false, pageLoadStrategy: normal, platform: WINDOWS, platformName: WINDOWS, proxy: Proxy(), se:cdp: ws://localhost:63306/devtoo..., se:cdpVersion: 99.0.4844.82, setWindowRect: true, strictFileInteractability: false, timeouts: {implicit: 0, pageLoad: 300000, script: 30000}, unhandledPromptBehavior: dismiss and notify, webauthn:extension:credBlob: true, webauthn:extension:largeBlob: true, webauthn:virtualAuthenticators: true}
Element: [[ChromeDriver: chrome on WINDOWS (1966571f8b3757e385f0620ae89e25ba)] -> xpath: //ion-label[text()=' Sourcing Staff ']//following-sibling::ion-select]
Session ID: 1966571f8b3757e385f0620ae89e25ba
at jdk.internal.reflect.GeneratedConstructorAccessor23.newInstance(Unknown Source)
at java.base/jdk.internal.reflect.DelegatingConstructorAccessorImpl.newInstance(DelegatingConstructorAccessorImpl.java:45)
at java.base/java.lang.reflect.Constructor.newInstanceWithCaller(Constructor.java:499)
at java.base/java.lang.reflect.Constructor.newInstance(Constructor.java:480)
at org.openqa.selenium.remote.codec.w3c.W3CHttpResponseCodec.createException(W3CHttpResponseCodec.java:200)
at org.openqa.selenium.remote.codec.w3c.W3CHttpResponseCodec.decode(W3CHttpResponseCodec.java:133)
at org.openqa.selenium.remote.codec.w3c.W3CHttpResponseCodec.decode(W3CHttpResponseCodec.java:53)
at org.openqa.selenium.remote.HttpCommandExecutor.execute(HttpCommandExecutor.java:184)
at org.openqa.selenium.remote.service.DriverCommandExecutor.invokeExecute(DriverCommandExecutor.java:164)
at org.openqa.selenium.remote.service.DriverCommandExecutor.execute(DriverCommandExecutor.java:139)
at org.openqa.selenium.remote.RemoteWebDriver.execute(RemoteWebDriver.java:547)
at org.openqa.selenium.remote.RemoteWebElement.execute(RemoteWebElement.java:251)
at org.openqa.selenium.remote.RemoteWebElement.click(RemoteWebElement.java:77)
at jdk.internal.reflect.GeneratedMethodAccessor5.invoke(Unknown Source)
at java.base/jdk.internal.reflect.DelegatingMethodAccessorImpl.invoke(DelegatingMethodAccessorImpl.java:43)
at java.base/java.lang.reflect.Method.invoke(Method.java:568)
at org.openqa.selenium.support.pagefactory.internal.LocatingElementHandler.invoke(LocatingElementHandler.java:52)
at jdk.proxy2/jdk.proxy2.$Proxy46.click(Unknown Source)
at stepdefinitions.ApplicationDetails_AppDataEntry.select_the_value_in_sourcing_staff_field_of_application_details(ApplicationDetails_AppDataEntry.java:288)
at ✽.Select the value in Sourcing staff field of Application details(file:///C:/Users/inindc00071/eclipse-workspace/mKarthi_AzentioULSFramework/src/test/java/features/TransactionScreenFullBatch.feature:31)
]]>
            </full-stacktrace>
          </exception> <!-- org.openqa.selenium.ElementClickInterceptedException -->
          <reporter-output>
          </reporter-output>
        </test-method> <!-- runScenario -->
        <test-method is-config="true" signature="tearDownClass()[pri:0, instance:Runner.TestApplication@2d901eb0]" started-at="2022-09-15T15:08:14 IST" name="tearDownClass" finished-at="2022-09-15T15:08:26 IST" duration-ms="11380" status="PASS">
          <reporter-output>
          </reporter-output>
        </test-method> <!-- tearDownClass -->
        <test-method is-config="true" signature="afterExecution()[pri:0, instance:Runner.TestApplication@2d901eb0]" started-at="2022-09-15T15:08:26 IST" name="afterExecution" finished-at="2022-09-15T15:08:26 IST" duration-ms="67" status="PASS">
          <reporter-output>
          </reporter-output>
        </test-method> <!-- afterExecution -->
      </class> <!-- Runner.TestApplication -->
    </test> <!-- Default test -->
  </suite> <!-- Default suite -->
</testng-results>
