# JRE version: OpenJDK Runtime Environment Temurin-17.0.1+12 (17.0.1+12) (build 17.0.1+12)
# Java VM: OpenJDK 64-Bit Server VM Temurin-17.0.1+12 (17.0.1+12, mixed mode, tiered, compressed oops, compressed class ptrs, g1 gc, windows-amd64)
GC Precious Log:
 CPUs: 4 total, 4 available
 Memory: 8099M
 Large Page Support: Disabled
 NUMA Support: Disabled
 Compressed Oops: Enabled (32-bit)
 Heap Region Size: 1M
 Heap Min Capacity: 8M
 Heap Initial Capacity: 128M
 Heap Max Capacity: 2026M
 Pre-touch: Disabled
 Parallel Workers: 4
 Concurrent Workers: 1
 Concurrent Refinement Workers: 4
 Periodic GC: Disabled
Heap:
 garbage-first heap   total 119808K, used 38489K [0x0000000081600000, 0x0000000100000000)
  region size 1024K, 1 young (1024K), 1 survivors (1024K)
 Metaspace       used 47318K, committed 47680K, reserved 1097728K
  class space    used 5372K, committed 5568K, reserved 1048576K
GC Heap History (20 events):
Event: 670.156 GC heap after
{Heap after GC invocations=528 (full 0):
 garbage-first heap   total 94208K, used 39104K [0x0000000081600000, 0x0000000100000000)
  region size 1024K, 1 young (1024K), 1 survivors (1024K)
 Metaspace       used 47318K, committed 47680K, reserved 1097728K
  class space    used 5372K, committed 5568K, reserved 1048576K
}
Event: 670.332 GC heap before
{Heap before GC invocations=528 (full 0):
 garbage-first heap   total 94208K, used 81088K [0x0000000081600000, 0x0000000100000000)
  region size 1024K, 42 young (43008K), 1 survivors (1024K)
 Metaspace       used 47318K, committed 47680K, reserved 1097728K
  class space    used 5372K, committed 5568K, reserved 1048576K
}
Event: 670.333 GC heap after
{Heap after GC invocations=529 (full 0):
 garbage-first heap   total 94208K, used 38905K [0x0000000081600000, 0x0000000100000000)
  region size 1024K, 1 young (1024K), 1 survivors (1024K)
 Metaspace       used 47318K, committed 47680K, reserved 1097728K
  class space    used 5372K, committed 5568K, reserved 1048576K
}
Event: 670.525 GC heap before
{Heap before GC invocations=529 (full 0):
 garbage-first heap   total 94208K, used 80889K [0x0000000081600000, 0x0000000100000000)
  region size 1024K, 42 young (43008K), 1 survivors (1024K)
 Metaspace       used 47318K, committed 47680K, reserved 1097728K
  class space    used 5372K, committed 5568K, reserved 1048576K
}
Event: 670.526 GC heap after
{Heap after GC invocations=530 (full 0):
 garbage-first heap   total 94208K, used 38909K [0x0000000081600000, 0x0000000100000000)
  region size 1024K, 1 young (1024K), 1 survivors (1024K)
 Metaspace       used 47318K, committed 47680K, reserved 1097728K
  class space    used 5372K, committed 5568K, reserved 1048576K
}
Event: 670.705 GC heap before
{Heap before GC invocations=530 (full 0):
 garbage-first heap   total 94208K, used 80893K [0x0000000081600000, 0x0000000100000000)
  region size 1024K, 42 young (43008K), 1 survivors (1024K)
 Metaspace       used 47318K, committed 47680K, reserved 1097728K
  class space    used 5372K, committed 5568K, reserved 1048576K
}
Event: 670.706 GC heap after
{Heap after GC invocations=531 (full 0):
 garbage-first heap   total 94208K, used 38688K [0x0000000081600000, 0x0000000100000000)
  region size 1024K, 1 young (1024K), 1 survivors (1024K)
 Metaspace       used 47318K, committed 47680K, reserved 1097728K
  class space    used 5372K, committed 5568K, reserved 1048576K
}
Event: 670.871 GC heap before
{Heap before GC invocations=531 (full 0):
 garbage-first heap   total 94208K, used 80672K [0x0000000081600000, 0x0000000100000000)
  region size 1024K, 42 young (43008K), 1 survivors (1024K)
 Metaspace       used 47318K, committed 47680K, reserved 1097728K
  class space    used 5372K, committed 5568K, reserved 1048576K
}
Event: 670.872 GC heap after
{Heap after GC invocations=532 (full 0):
 garbage-first heap   total 94208K, used 38566K [0x0000000081600000, 0x0000000100000000)
  region size 1024K, 1 young (1024K), 1 survivors (1024K)
 Metaspace       used 47318K, committed 47680K, reserved 1097728K
  class space    used 5372K, committed 5568K, reserved 1048576K
}
Event: 671.225 GC heap before
{Heap before GC invocations=532 (full 0):
 garbage-first heap   total 94208K, used 80550K [0x0000000081600000, 0x0000000100000000)
  region size 1024K, 42 young (43008K), 1 survivors (1024K)
 Metaspace       used 47318K, committed 47680K, reserved 1097728K
  class space    used 5372K, committed 5568K, reserved 1048576K
}
Event: 671.226 GC heap after
{Heap after GC invocations=533 (full 0):
 garbage-first heap   total 94208K, used 38853K [0x0000000081600000, 0x0000000100000000)
  region size 1024K, 1 young (1024K), 1 survivors (1024K)
 Metaspace       used 47318K, committed 47680K, reserved 1097728K
  class space    used 5372K, committed 5568K, reserved 1048576K
}
Event: 671.395 GC heap before
{Heap before GC invocations=533 (full 0):
 garbage-first heap   total 94208K, used 80837K [0x0000000081600000, 0x0000000100000000)
  region size 1024K, 42 young (43008K), 1 survivors (1024K)
 Metaspace       used 47318K, committed 47680K, reserved 1097728K
  class space    used 5372K, committed 5568K, reserved 1048576K
}
Event: 672.588 GC heap after
{Heap after GC invocations=534 (full 0):
 garbage-first heap   total 119808K, used 38676K [0x0000000081600000, 0x0000000100000000)
  region size 1024K, 1 young (1024K), 1 survivors (1024K)
 Metaspace       used 47318K, committed 47680K, reserved 1097728K
  class space    used 5372K, committed 5568K, reserved 1048576K
}
Event: 672.634 GC heap before
{Heap before GC invocations=534 (full 0):
 garbage-first heap   total 119808K, used 41748K [0x0000000081600000, 0x0000000100000000)
  region size 1024K, 5 young (5120K), 1 survivors (1024K)
 Metaspace       used 47318K, committed 47680K, reserved 1097728K
  class space    used 5372K, committed 5568K, reserved 1048576K
}
Event: 672.761 GC heap after
{Heap after GC invocations=535 (full 0):
 garbage-first heap   total 119808K, used 38267K [0x0000000081600000, 0x0000000100000000)
  region size 1024K, 1 young (1024K), 1 survivors (1024K)
 Metaspace       used 47318K, committed 47680K, reserved 1097728K
  class space    used 5372K, committed 5568K, reserved 1048576K
}
Event: 672.810 GC heap before
{Heap before GC invocations=535 (full 0):
 garbage-first heap   total 119808K, used 42363K [0x0000000081600000, 0x0000000100000000)
  region size 1024K, 5 young (5120K), 1 survivors (1024K)
 Metaspace       used 47318K, committed 47680K, reserved 1097728K
  class space    used 5372K, committed 5568K, reserved 1048576K
}
Event: 672.810 GC heap after
{Heap after GC invocations=536 (full 0):
 garbage-first heap   total 119808K, used 38247K [0x0000000081600000, 0x0000000100000000)
  region size 1024K, 1 young (1024K), 1 survivors (1024K)
 Metaspace       used 47318K, committed 47680K, reserved 1097728K
  class space    used 5372K, committed 5568K, reserved 1048576K
}
Event: 672.827 GC heap before
{Heap before GC invocations=536 (full 0):
 garbage-first heap   total 119808K, used 42343K [0x0000000081600000, 0x0000000100000000)
  region size 1024K, 5 young (5120K), 1 survivors (1024K)
 Metaspace       used 47318K, committed 47680K, reserved 1097728K
  class space    used 5372K, committed 5568K, reserved 1048576K
}
Event: 672.828 GC heap after
{Heap after GC invocations=537 (full 0):
 garbage-first heap   total 119808K, used 38378K [0x0000000081600000, 0x0000000100000000)
  region size 1024K, 1 young (1024K), 1 survivors (1024K)
 Metaspace       used 47318K, committed 47680K, reserved 1097728K
  class space    used 5372K, committed 5568K, reserved 1048576K
}
Event: 672.845 GC heap before
{Heap before GC invocations=537 (full 0):
 garbage-first heap   total 119808K, used 42474K [0x0000000081600000, 0x0000000100000000)
  region size 1024K, 5 young (5120K), 1 survivors (1024K)
 Metaspace       used 47318K, committed 47680K, reserved 1097728K
  class space    used 5372K, committed 5568K, reserved 1048576K
}

