<?xml version="1.0" encoding="UTF-8"?>
<!-- Generated by org.testng.reporters.JUnitXMLReporter -->
<testsuite ignored="0" hostname="Z51" failures="1" tests="2" name="Login" time="37.169" errors="0" timestamp="2021-10-21T09:47:13 IST">
  <testcase classname="io.cucumber.testng.AbstractTestNGCucumberTests" name="runScenario" time="22.671"/>
  <testcase classname="io.cucumber.testng.AbstractTestNGCucumberTests" name="runScenario" time="13.218">
    <failure type="java.lang.AssertionError" message="User has not registered">
      <![CDATA[java.lang.AssertionError: User has not registered
at stepdefinitions.register.user_should_get_successfully_registered(register.java:81)
at ✽.User should get successfully registered(file:///C:/Users/dharshini.4312/eclipse-workspace/AzentioAutomationFramework/src/test/java/features/RegisterAsNewMember.feature:14)
... Removed 1 stack frames]]>
    </failure>
  </testcase> <!-- runScenario -->
</testsuite> <!-- Login -->
