<?xml version="1.0" encoding="UTF-8"?>
<!-- Generated by org.testng.reporters.JUnitReportReporter -->
<testsuite hostname="INMUVADP014547" failures="0" tests="1" name="Runner.TestApplication" time="162.100" errors="1" timestamp="2022-11-16T16:33:22 IST" skipped="0">
  <testcase classname="Runner.TestApplication" name="runScenario" time="162.100">
    <error message="element click intercepted: Element &lt;ion-select _ngcontent-ggl-c322=&quot;&quot; ng-reflect-ok-text=&quot;OK&quot; ng-reflect-cancel-text=&quot;CANCEL&quot; ng-reflect-placeholder=&quot;Select&quot; ng-reflect-interface=&quot;popover&quot; ng-reflect-multiple=&quot;false&quot; ng-reflect-disabled=&quot;false&quot; ng-reflect-is-disabled=&quot;false&quot; class=&quot;ng-untouched ng-pristine ng-valid ios in-item hydrated ion-untouched ion-pristine ion-valid&quot; role=&quot;button&quot; aria-haspopup=&quot;listbox&quot; aria-label=&quot;Select,   Province *&quot;&gt;...&lt;/ion-select&gt; is not clickable at point (1079, 293). Other element would receive the click: &lt;ion-popover class=&quot;select-popover ios popover-desktop popover-side-bottom hydrated&quot; id=&quot;ion-overlay-3&quot; aria-modal=&quot;true&quot; no-router=&quot;&quot; tabindex=&quot;-1&quot; style=&quot;z-index: 20003; --width:528px;&quot;&gt;...&lt;/ion-popover&gt;
  (Session info: chrome=106.0.5249.119)
Build info: version: &#039;4.0.0-rc-1&#039;, revision: &#039;bc5511cbda&#039;
System info: host: &#039;INMUVADP014547&#039;, ip: &#039;10.1.47.111&#039;, os.name: &#039;Windows 10&#039;, os.arch: &#039;amd64&#039;, os.version: &#039;10.0&#039;, java.version: &#039;17.0.1&#039;
Driver info: org.openqa.selenium.chrome.ChromeDriver
Command: [ae36ef506ba775d77f7bfc9e41b681d5, clickElement {id=8415aa8d-ff22-4274-bde0-d70c4ace62b3}]
Capabilities {acceptInsecureCerts: false, browserName: chrome, browserVersion: 106.0.5249.119, chrome: {chromedriverVersion: 105.0.5195.52 (412c95e51883..., userDataDir: C:\Users\ININDC~1\AppData\L...}, goog:chromeOptions: {debuggerAddress: localhost:52853}, javascriptEnabled: true, networkConnectionEnabled: false, pageLoadStrategy: normal, platform: WINDOWS, platformName: WINDOWS, proxy: Proxy(), se:cdp: ws://localhost:52853/devtoo..., se:cdpVersion: 106.0.5249.119, setWindowRect: true, strictFileInteractability: false, timeouts: {implicit: 0, pageLoad: 300000, script: 30000}, unhandledPromptBehavior: dismiss and notify, webauthn:extension:credBlob: true, webauthn:extension:largeBlob: true, webauthn:virtualAuthenticators: true}
Element: [[ChromeDriver: chrome on WINDOWS (ae36ef506ba775d77f7bfc9e41b681d5)] -&gt; xpath: //ion-select[@aria-label=&#039;Select,   Province *&#039;]]
Session ID: ae36ef506ba775d77f7bfc9e41b681d5" type="org.openqa.selenium.ElementClickInterceptedException">
      <![CDATA[org.openqa.selenium.ElementClickInterceptedException: element click intercepted: Element <ion-select _ngcontent-ggl-c322="" ng-reflect-ok-text="OK" ng-reflect-cancel-text="CANCEL" ng-reflect-placeholder="Select" ng-reflect-interface="popover" ng-reflect-multiple="false" ng-reflect-disabled="false" ng-reflect-is-disabled="false" class="ng-untouched ng-pristine ng-valid ios in-item hydrated ion-untouched ion-pristine ion-valid" role="button" aria-haspopup="listbox" aria-label="Select,   Province *">...</ion-select> is not clickable at point (1079, 293). Other element would receive the click: <ion-popover class="select-popover ios popover-desktop popover-side-bottom hydrated" id="ion-overlay-3" aria-modal="true" no-router="" tabindex="-1" style="z-index: 20003; --width:528px;">...</ion-popover>
  (Session info: chrome=106.0.5249.119)
Build info: version: '4.0.0-rc-1', revision: 'bc5511cbda'
System info: host: 'INMUVADP014547', ip: '10.1.47.111', os.name: 'Windows 10', os.arch: 'amd64', os.version: '10.0', java.version: '17.0.1'
Driver info: org.openqa.selenium.chrome.ChromeDriver
Command: [ae36ef506ba775d77f7bfc9e41b681d5, clickElement {id=8415aa8d-ff22-4274-bde0-d70c4ace62b3}]
Capabilities {acceptInsecureCerts: false, browserName: chrome, browserVersion: 106.0.5249.119, chrome: {chromedriverVersion: 105.0.5195.52 (412c95e51883..., userDataDir: C:\Users\ININDC~1\AppData\L...}, goog:chromeOptions: {debuggerAddress: localhost:52853}, javascriptEnabled: true, networkConnectionEnabled: false, pageLoadStrategy: normal, platform: WINDOWS, platformName: WINDOWS, proxy: Proxy(), se:cdp: ws://localhost:52853/devtoo..., se:cdpVersion: 106.0.5249.119, setWindowRect: true, strictFileInteractability: false, timeouts: {implicit: 0, pageLoad: 300000, script: 30000}, unhandledPromptBehavior: dismiss and notify, webauthn:extension:credBlob: true, webauthn:extension:largeBlob: true, webauthn:virtualAuthenticators: true}
Element: [[ChromeDriver: chrome on WINDOWS (ae36ef506ba775d77f7bfc9e41b681d5)] -> xpath: //ion-select[@aria-label='Select,   Province *']]
Session ID: ae36ef506ba775d77f7bfc9e41b681d5
at java.base/jdk.internal.reflect.NativeConstructorAccessorImpl.newInstance0(Native Method)
at java.base/jdk.internal.reflect.NativeConstructorAccessorImpl.newInstance(NativeConstructorAccessorImpl.java:77)
at java.base/jdk.internal.reflect.DelegatingConstructorAccessorImpl.newInstance(DelegatingConstructorAccessorImpl.java:45)
at java.base/java.lang.reflect.Constructor.newInstanceWithCaller(Constructor.java:499)
at java.base/java.lang.reflect.Constructor.newInstance(Constructor.java:480)
at org.openqa.selenium.remote.codec.w3c.W3CHttpResponseCodec.createException(W3CHttpResponseCodec.java:200)
at org.openqa.selenium.remote.codec.w3c.W3CHttpResponseCodec.decode(W3CHttpResponseCodec.java:133)
at org.openqa.selenium.remote.codec.w3c.W3CHttpResponseCodec.decode(W3CHttpResponseCodec.java:53)
at org.openqa.selenium.remote.HttpCommandExecutor.execute(HttpCommandExecutor.java:184)
at org.openqa.selenium.remote.service.DriverCommandExecutor.invokeExecute(DriverCommandExecutor.java:164)
at org.openqa.selenium.remote.service.DriverCommandExecutor.execute(DriverCommandExecutor.java:139)
at org.openqa.selenium.remote.RemoteWebDriver.execute(RemoteWebDriver.java:547)
at org.openqa.selenium.remote.RemoteWebElement.execute(RemoteWebElement.java:251)
at org.openqa.selenium.remote.RemoteWebElement.click(RemoteWebElement.java:77)
at java.base/jdk.internal.reflect.NativeMethodAccessorImpl.invoke0(Native Method)
at java.base/jdk.internal.reflect.NativeMethodAccessorImpl.invoke(NativeMethodAccessorImpl.java:77)
at java.base/jdk.internal.reflect.DelegatingMethodAccessorImpl.invoke(DelegatingMethodAccessorImpl.java:43)
at java.base/java.lang.reflect.Method.invoke(Method.java:568)
at org.openqa.selenium.support.pagefactory.internal.LocatingElementHandler.invoke(LocatingElementHandler.java:52)
at jdk.proxy2/jdk.proxy2.$Proxy46.click(Unknown Source)
at stepdefinitions.KULS_LivingExpense_Step.select_the_value_in_province_field_of_living_expense_parameter(KULS_LivingExpense_Step.java:267)
at ✽.Select the value in Province field of Living expense parameter(file:///C:/Users/inindc00075/git/Arshath_ULS/Arshath_AzentioULSFramework/src/test/java/features/MDM_LivingExp_Master.feature:639)
]]>
    </error>
  </testcase> <!-- runScenario -->
  <system-out/>
</testsuite> <!-- Runner.TestApplication -->
