<?xml version="1.0" encoding="UTF-8"?>
<!-- Generated by org.testng.reporters.JUnitReportReporter -->
<testsuite hostname="INMUVADP014547" failures="0" tests="1" name="Runner.TestApplication" time="116.861" errors="1" timestamp="2022-10-27T17:22:31 IST" skipped="0">
  <testcase classname="Runner.TestApplication" name="runScenario" time="116.861">
    <error message="Cannot invoke &quot;java.util.Map.get(Object)&quot; because &quot;this.testdata&quot; is null" type="java.lang.NullPointerException">
      <![CDATA[java.lang.NullPointerException: Cannot invoke "java.util.Map.get(Object)" because "this.testdata" is null
at stepdefinitions.KULS_CollateralSubType_Step.enter_the_value_in_description_field_of_collateral_sub_type(KULS_CollateralSubType_Step.java:80)
at ✽.Enter the value in Description field of collateral sub type(file:///C:/Users/inindc00075/git/Arshath_ULS/Arshath_AzentioULSFramework/src/test/java/features/CollateralSubTypeMasterFeature.feature:260)
]]>
    </error>
  </testcase> <!-- runScenario -->
  <system-out/>
</testsuite> <!-- Runner.TestApplication -->
