<?xml version="1.0" encoding="UTF-8"?>
<!-- Generated by org.testng.reporters.JUnitReportReporter -->
<testsuite hostname="INMUVADP014547" failures="1" tests="1" name="Runner.TestApplication" time="34.498" errors="0" timestamp="2022-09-12T13:51:44 IST" skipped="0">
  <testcase classname="Runner.TestApplication" name="runScenario" time="34.498">
    <failure message="The following asserts failed:
	customer Type field should be non-editable but here its editable hence failed expected [true] but found [false],
	First Name field should be non-editable but here its editable hence failed expected [true] but found [false],
	Middle Name field should be non-editable but here its editable hence failed expected [true] but found [false],
	Last Name field should be non-editable but here its editable hence failed expected [true] but found [false],
	Father First Name field should be non-editable but here its editable hence failed expected [true] but found [false],
	Father Middle Name field should be non-editable but here its editable hence failed expected [true] but found [false],
	Father Last Name field should be non-editable but here its editable hence failed expected [true] but found [false],
	spouse First Name field should be non-editable but here its editable hence failed expected [true] but found [false],
	spouse Middle Name field should be non-editable but here its editable hence failed expected [true] but found [false],
	spouse Last Name field should be non-editable but here its editable hence failed expected [true] but found [false],
	 No of children field should be non-editable but here its editable hence failed expected [true] but found [false],
	 Date of birth field should be non-editable but here its editable hence failed expected [true] but found [false],
	 No Of dependents field should be non-editable but here its editable hence failed expected [true] but found [false],
	 Mothers maiden name field should be non-editable but here its editable hence failed expected [true] but found [false],
	 Rating field should be non-editable but here its editable hence failed expected [true] but found [false],
	 Reamrk field should be non-editable but here its editable hence failed expected [true] but found [false]" type="java.lang.AssertionError">
      <![CDATA[java.lang.AssertionError: The following asserts failed:
customer Type field should be non-editable but here its editable hence failed expected [true] but found [false],
First Name field should be non-editable but here its editable hence failed expected [true] but found [false],
Middle Name field should be non-editable but here its editable hence failed expected [true] but found [false],
Last Name field should be non-editable but here its editable hence failed expected [true] but found [false],
Father First Name field should be non-editable but here its editable hence failed expected [true] but found [false],
Father Middle Name field should be non-editable but here its editable hence failed expected [true] but found [false],
Father Last Name field should be non-editable but here its editable hence failed expected [true] but found [false],
spouse First Name field should be non-editable but here its editable hence failed expected [true] but found [false],
spouse Middle Name field should be non-editable but here its editable hence failed expected [true] but found [false],
spouse Last Name field should be non-editable but here its editable hence failed expected [true] but found [false],
 No of children field should be non-editable but here its editable hence failed expected [true] but found [false],
 Date of birth field should be non-editable but here its editable hence failed expected [true] but found [false],
 No Of dependents field should be non-editable but here its editable hence failed expected [true] but found [false],
 Mothers maiden name field should be non-editable but here its editable hence failed expected [true] but found [false],
 Rating field should be non-editable but here its editable hence failed expected [true] but found [false],
 Reamrk field should be non-editable but here its editable hence failed expected [true] but found [false]
at org.testng.asserts.SoftAssert.assertAll(SoftAssert.java:47)
at org.testng.asserts.SoftAssert.assertAll(SoftAssert.java:31)
at stepdefinitions.PersonalDetails_AppDataEntry.user_verify_the_remark_fields(PersonalDetails_AppDataEntry.java:564)
at ✽.user verify the Remark fields(file:///C:/Users/inindc00075/git/Arshath_ULS/Arshath_AzentioULSFramework/src/test/java/features/PersonalDetails_AppDataEntry.feature:41)
]]>
    </failure>
  </testcase> <!-- runScenario -->
  <system-out/>
</testsuite> <!-- Runner.TestApplication -->
