<?xml version="1.0" encoding="UTF-8"?>
<!-- Generated by org.testng.reporters.JUnitReportReporter -->
<testsuite hostname="INMUVADP014547" failures="1" tests="25" name="Runner.TestApplication" time="645.659" errors="0" timestamp="2022-08-16T10:20:39 IST" skipped="0">
  <testcase classname="Runner.TestApplication" name="runScenario" time="17.585"/>
  <system-out/>
  <testcase classname="Runner.TestApplication" name="runScenario" time="42.678"/>
  <system-out/>
  <testcase classname="Runner.TestApplication" name="runScenario" time="37.763"/>
  <system-out/>
  <testcase classname="Runner.TestApplication" name="runScenario" time="14.280"/>
  <system-out/>
  <testcase classname="Runner.TestApplication" name="runScenario" time="44.109"/>
  <system-out/>
  <testcase classname="Runner.TestApplication" name="runScenario" time="35.287"/>
  <system-out/>
  <testcase classname="Runner.TestApplication" name="runScenario" time="22.466"/>
  <system-out/>
  <testcase classname="Runner.TestApplication" name="runScenario" time="22.179"/>
  <system-out/>
  <testcase classname="Runner.TestApplication" name="runScenario" time="14.666"/>
  <system-out/>
  <testcase classname="Runner.TestApplication" name="runScenario" time="18.634"/>
  <system-out/>
  <testcase classname="Runner.TestApplication" name="runScenario" time="44.006"/>
  <system-out/>
  <testcase classname="Runner.TestApplication" name="runScenario" time="41.485"/>
  <system-out/>
  <testcase classname="Runner.TestApplication" name="runScenario" time="19.701"/>
  <system-out/>
  <testcase classname="Runner.TestApplication" name="runScenario" time="23.484"/>
  <system-out/>
  <testcase classname="Runner.TestApplication" name="runScenario" time="20.672"/>
  <system-out/>
  <testcase classname="Runner.TestApplication" name="runScenario" time="21.120"/>
  <system-out/>
  <testcase classname="Runner.TestApplication" name="runScenario" time="20.893"/>
  <system-out/>
  <testcase classname="Runner.TestApplication" name="runScenario" time="14.566"/>
  <system-out/>
  <testcase classname="Runner.TestApplication" name="runScenario" time="21.183">
    <failure message="no such element: Unable to locate element: {&quot;method&quot;:&quot;xpath&quot;,&quot;selector&quot;:&quot;//span[text()=&#039;ReModify_Amazon_Description &#039;]&quot;}
  (Session info: chrome=104.0.5112.81)
For documentation on this error, please visit: https://selenium.dev/exceptions/#no_such_element
Build info: version: &#039;4.0.0-rc-1&#039;, revision: &#039;bc5511cbda&#039;
System info: host: &#039;INMUVADP014547&#039;, ip: &#039;10.1.47.111&#039;, os.name: &#039;Windows 10&#039;, os.arch: &#039;amd64&#039;, os.version: &#039;10.0&#039;, java.version: &#039;17.0.1&#039;
Driver info: org.openqa.selenium.chrome.ChromeDriver
Command: [93a2c7b1afafb1bc11dd4ea8098404da, findElement {using=xpath, value=//span[text()=&#039;ReModify_Amazon_Description &#039;]}]
Capabilities {acceptInsecureCerts: false, browserName: chrome, browserVersion: 104.0.5112.81, chrome: {chromedriverVersion: 103.0.5060.134 (8ec6fce403b..., userDataDir: C:\Users\ININDC~1\AppData\L...}, goog:chromeOptions: {debuggerAddress: localhost:64041}, javascriptEnabled: true, networkConnectionEnabled: false, pageLoadStrategy: normal, platform: WINDOWS, platformName: WINDOWS, proxy: Proxy(), se:cdp: ws://localhost:64041/devtoo..., se:cdpVersion: 104.0.5112.81, setWindowRect: true, strictFileInteractability: false, timeouts: {implicit: 0, pageLoad: 300000, script: 30000}, unhandledPromptBehavior: dismiss and notify, webauthn:extension:credBlob: true, webauthn:extension:largeBlob: true, webauthn:virtualAuthenticators: true}
Session ID: 93a2c7b1afafb1bc11dd4ea8098404da" type="java.lang.AssertionError">
      <![CDATA[java.lang.AssertionError: no such element: Unable to locate element: {"method":"xpath","selector":"//span[text()='ReModify_Amazon_Description ']"}
  (Session info: chrome=104.0.5112.81)
For documentation on this error, please visit: https://selenium.dev/exceptions/#no_such_element
Build info: version: '4.0.0-rc-1', revision: 'bc5511cbda'
System info: host: 'INMUVADP014547', ip: '10.1.47.111', os.name: 'Windows 10', os.arch: 'amd64', os.version: '10.0', java.version: '17.0.1'
Driver info: org.openqa.selenium.chrome.ChromeDriver
Command: [93a2c7b1afafb1bc11dd4ea8098404da, findElement {using=xpath, value=//span[text()='ReModify_Amazon_Description ']}]
Capabilities {acceptInsecureCerts: false, browserName: chrome, browserVersion: 104.0.5112.81, chrome: {chromedriverVersion: 103.0.5060.134 (8ec6fce403b..., userDataDir: C:\Users\ININDC~1\AppData\L...}, goog:chromeOptions: {debuggerAddress: localhost:64041}, javascriptEnabled: true, networkConnectionEnabled: false, pageLoadStrategy: normal, platform: WINDOWS, platformName: WINDOWS, proxy: Proxy(), se:cdp: ws://localhost:64041/devtoo..., se:cdpVersion: 104.0.5112.81, setWindowRect: true, strictFileInteractability: false, timeouts: {implicit: 0, pageLoad: 300000, script: 30000}, unhandledPromptBehavior: dismiss and notify, webauthn:extension:credBlob: true, webauthn:extension:largeBlob: true, webauthn:virtualAuthenticators: true}
Session ID: 93a2c7b1afafb1bc11dd4ea8098404da
at org.testng.Assert.fail(Assert.java:99)
at stepdefinitions.WareHouseMaster.verify_user_can_able_to_see_the_matching_record(WareHouseMaster.java:907)
at ✽.verify user can able to see the matching record(file:///C:/Users/inindc00075/git/Arshath_ULS/Arshath_AzentioULSFramework/src/test/java/features/Warehouse_Master.feature:366)
]]>
    </failure>
  </testcase> <!-- runScenario -->
  <system-out/>
  <testcase classname="Runner.TestApplication" name="runScenario" time="19.142"/>
  <system-out/>
  <testcase classname="Runner.TestApplication" name="runScenario" time="26.042"/>
  <system-out/>
  <testcase classname="Runner.TestApplication" name="runScenario" time="25.599"/>
  <system-out/>
  <testcase classname="Runner.TestApplication" name="runScenario" time="29.910"/>
  <system-out/>
  <testcase classname="Runner.TestApplication" name="runScenario" time="31.997"/>
  <system-out/>
  <testcase classname="Runner.TestApplication" name="runScenario" time="16.212"/>
  <system-out/>
</testsuite> <!-- Runner.TestApplication -->
