<?xml version="1.0" encoding="UTF-8"?>
<!-- Generated by org.testng.reporters.JUnitReportReporter -->
<testsuite hostname="INMUVADP014547" failures="0" tests="20" name="Runner.TestApplication" time="588.921" errors="1" timestamp="2022-08-05T15:04:54 IST" skipped="0">
  <testcase classname="Runner.TestApplication" name="runScenario" time="34.713"/>
  <system-out/>
  <testcase classname="Runner.TestApplication" name="runScenario" time="19.627"/>
  <system-out/>
  <testcase classname="Runner.TestApplication" name="runScenario" time="17.551"/>
  <system-out/>
  <testcase classname="Runner.TestApplication" name="runScenario" time="23.094"/>
  <system-out/>
  <testcase classname="Runner.TestApplication" name="runScenario" time="73.756"/>
  <system-out/>
  <testcase classname="Runner.TestApplication" name="runScenario" time="21.398"/>
  <system-out/>
  <testcase classname="Runner.TestApplication" name="runScenario" time="15.322"/>
  <system-out/>
  <testcase classname="Runner.TestApplication" name="runScenario" time="15.620"/>
  <system-out/>
  <testcase classname="Runner.TestApplication" name="runScenario" time="15.249"/>
  <system-out/>
  <testcase classname="Runner.TestApplication" name="runScenario" time="22.086"/>
  <system-out/>
  <testcase classname="Runner.TestApplication" name="runScenario" time="15.913"/>
  <system-out/>
  <testcase classname="Runner.TestApplication" name="runScenario" time="32.969"/>
  <system-out/>
  <testcase classname="Runner.TestApplication" name="runScenario" time="45.957"/>
  <system-out/>
  <testcase classname="Runner.TestApplication" name="runScenario" time="62.330"/>
  <system-out/>
  <testcase classname="Runner.TestApplication" name="runScenario" time="41.234"/>
  <system-out/>
  <testcase classname="Runner.TestApplication" name="runScenario" time="36.535">
    <error message="stale element reference: element is not attached to the page document
  (Session info: chrome=103.0.5060.134)
For documentation on this error, please visit: https://selenium.dev/exceptions/#stale_element_reference
Build info: version: &#039;4.0.0-rc-1&#039;, revision: &#039;bc5511cbda&#039;
System info: host: &#039;INMUVADP014547&#039;, ip: &#039;10.1.47.111&#039;, os.name: &#039;Windows 10&#039;, os.arch: &#039;amd64&#039;, os.version: &#039;10.0&#039;, java.version: &#039;17.0.1&#039;
Driver info: org.openqa.selenium.chrome.ChromeDriver
Command: [a79c110f0717a721ba0c29afb0a5968c, getElementText {id=cd80bad9-39dd-4d8d-a35c-751768622b5b}]
Capabilities {acceptInsecureCerts: false, browserName: chrome, browserVersion: 103.0.5060.134, chrome: {chromedriverVersion: 103.0.5060.134 (8ec6fce403b..., userDataDir: C:\Users\ININDC~1\AppData\L...}, goog:chromeOptions: {debuggerAddress: localhost:56666}, javascriptEnabled: true, networkConnectionEnabled: false, pageLoadStrategy: normal, platform: WINDOWS, platformName: WINDOWS, proxy: Proxy(), se:cdp: ws://localhost:56666/devtoo..., se:cdpVersion: 103.0.5060.134, setWindowRect: true, strictFileInteractability: false, timeouts: {implicit: 0, pageLoad: 300000, script: 30000}, unhandledPromptBehavior: dismiss and notify, webauthn:extension:credBlob: true, webauthn:extension:largeBlob: true, webauthn:virtualAuthenticators: true}
Element: [[ChromeDriver: chrome on WINDOWS (a79c110f0717a721ba0c29afb0a5968c)] -&gt; xpath: //div[@id=&#039;toast-container&#039;]//div[@role=&#039;alert&#039;]]
Session ID: a79c110f0717a721ba0c29afb0a5968c" type="org.openqa.selenium.StaleElementReferenceException">
      <![CDATA[org.openqa.selenium.StaleElementReferenceException: stale element reference: element is not attached to the page document
  (Session info: chrome=103.0.5060.134)
For documentation on this error, please visit: https://selenium.dev/exceptions/#stale_element_reference
Build info: version: '4.0.0-rc-1', revision: 'bc5511cbda'
System info: host: 'INMUVADP014547', ip: '10.1.47.111', os.name: 'Windows 10', os.arch: 'amd64', os.version: '10.0', java.version: '17.0.1'
Driver info: org.openqa.selenium.chrome.ChromeDriver
Command: [a79c110f0717a721ba0c29afb0a5968c, getElementText {id=cd80bad9-39dd-4d8d-a35c-751768622b5b}]
Capabilities {acceptInsecureCerts: false, browserName: chrome, browserVersion: 103.0.5060.134, chrome: {chromedriverVersion: 103.0.5060.134 (8ec6fce403b..., userDataDir: C:\Users\ININDC~1\AppData\L...}, goog:chromeOptions: {debuggerAddress: localhost:56666}, javascriptEnabled: true, networkConnectionEnabled: false, pageLoadStrategy: normal, platform: WINDOWS, platformName: WINDOWS, proxy: Proxy(), se:cdp: ws://localhost:56666/devtoo..., se:cdpVersion: 103.0.5060.134, setWindowRect: true, strictFileInteractability: false, timeouts: {implicit: 0, pageLoad: 300000, script: 30000}, unhandledPromptBehavior: dismiss and notify, webauthn:extension:credBlob: true, webauthn:extension:largeBlob: true, webauthn:virtualAuthenticators: true}
Element: [[ChromeDriver: chrome on WINDOWS (a79c110f0717a721ba0c29afb0a5968c)] -> xpath: //div[@id='toast-container']//div[@role='alert']]
Session ID: a79c110f0717a721ba0c29afb0a5968c
at java.base/jdk.internal.reflect.NativeConstructorAccessorImpl.newInstance0(Native Method)
at java.base/jdk.internal.reflect.NativeConstructorAccessorImpl.newInstance(NativeConstructorAccessorImpl.java:77)
at java.base/jdk.internal.reflect.DelegatingConstructorAccessorImpl.newInstance(DelegatingConstructorAccessorImpl.java:45)
at java.base/java.lang.reflect.Constructor.newInstanceWithCaller(Constructor.java:499)
at java.base/java.lang.reflect.Constructor.newInstance(Constructor.java:480)
at org.openqa.selenium.remote.codec.w3c.W3CHttpResponseCodec.createException(W3CHttpResponseCodec.java:200)
at org.openqa.selenium.remote.codec.w3c.W3CHttpResponseCodec.decode(W3CHttpResponseCodec.java:133)
at org.openqa.selenium.remote.codec.w3c.W3CHttpResponseCodec.decode(W3CHttpResponseCodec.java:53)
at org.openqa.selenium.remote.HttpCommandExecutor.execute(HttpCommandExecutor.java:184)
at org.openqa.selenium.remote.service.DriverCommandExecutor.invokeExecute(DriverCommandExecutor.java:164)
at org.openqa.selenium.remote.service.DriverCommandExecutor.execute(DriverCommandExecutor.java:139)
at org.openqa.selenium.remote.RemoteWebDriver.execute(RemoteWebDriver.java:547)
at org.openqa.selenium.remote.RemoteWebElement.execute(RemoteWebElement.java:251)
at org.openqa.selenium.remote.RemoteWebElement.getText(RemoteWebElement.java:201)
at java.base/jdk.internal.reflect.NativeMethodAccessorImpl.invoke0(Native Method)
at java.base/jdk.internal.reflect.NativeMethodAccessorImpl.invoke(NativeMethodAccessorImpl.java:77)
at java.base/jdk.internal.reflect.DelegatingMethodAccessorImpl.invoke(DelegatingMethodAccessorImpl.java:43)
at java.base/java.lang.reflect.Method.invoke(Method.java:568)
at org.openqa.selenium.support.pagefactory.internal.LocatingElementHandler.invoke(LocatingElementHandler.java:52)
at jdk.proxy2/jdk.proxy2.$Proxy46.getText(Unknown Source)
at stepdefinitions.WareHouseMaster.user_verify_the_submit_button_and_submit_the_record_from_maker_stage(WareHouseMaster.java:223)
at ✽.user verify the submit button and submit the Record from Maker stage(file:///C:/Users/inindc00075/git/Arshath_ULS/Arshath_AzentioULSFramework/src/test/java/features/Warehouse_Master.feature:203)
]]>
    </error>
  </testcase> <!-- runScenario -->
  <system-out/>
  <testcase classname="Runner.TestApplication" name="runScenario" time="25.362"/>
  <system-out/>
  <testcase classname="Runner.TestApplication" name="runScenario" time="18.535"/>
  <system-out/>
  <testcase classname="Runner.TestApplication" name="runScenario" time="29.655"/>
  <system-out/>
  <testcase classname="Runner.TestApplication" name="runScenario" time="22.015"/>
  <system-out/>
</testsuite> <!-- Runner.TestApplication -->
