<?xml version="1.0" encoding="UTF-8"?>
<!-- Generated by org.testng.reporters.JUnitReportReporter -->
<testsuite hostname="INMUVADP014547" failures="0" tests="1" name="Runner.TestApplication" time="121.404" errors="1" timestamp="2022-11-11T15:18:13 IST" skipped="0">
  <testcase classname="Runner.TestApplication" name="runScenario" time="121.404">
    <error message="element click intercepted: Element &lt;input class=&quot;native-input sc-ion-input-ios&quot; aria-labelledby=&quot;ion-input-4-lbl&quot; autocapitalize=&quot;off&quot; autocomplete=&quot;off&quot; autocorrect=&quot;off&quot; name=&quot;ion-input-4&quot; placeholder=&quot;&quot; spellcheck=&quot;false&quot; type=&quot;text&quot;&gt; is not clickable at point (1627, 293). Other element would receive the click: &lt;ion-popover class=&quot;select-popover ios popover-desktop popover-side-bottom hydrated&quot; id=&quot;ion-overlay-5&quot; aria-modal=&quot;true&quot; no-router=&quot;&quot; tabindex=&quot;-1&quot; style=&quot;z-index: 20005; --width:528px;&quot;&gt;...&lt;/ion-popover&gt;
  (Session info: chrome=106.0.5249.119)
Build info: version: &#039;4.0.0-rc-1&#039;, revision: &#039;bc5511cbda&#039;
System info: host: &#039;INMUVADP014547&#039;, ip: &#039;10.1.47.111&#039;, os.name: &#039;Windows 10&#039;, os.arch: &#039;amd64&#039;, os.version: &#039;10.0&#039;, java.version: &#039;17.0.1&#039;
Driver info: org.openqa.selenium.chrome.ChromeDriver
Command: [1d674d78c4b7b4c91091b8de952922f2, clickElement {id=1b8d9024-a534-45ca-a61e-59d4cc06664d}]
Capabilities {acceptInsecureCerts: false, browserName: chrome, browserVersion: 106.0.5249.119, chrome: {chromedriverVersion: 105.0.5195.52 (412c95e51883..., userDataDir: C:\Users\ININDC~1\AppData\L...}, goog:chromeOptions: {debuggerAddress: localhost:59158}, javascriptEnabled: true, networkConnectionEnabled: false, pageLoadStrategy: normal, platform: WINDOWS, platformName: WINDOWS, proxy: Proxy(), se:cdp: ws://localhost:59158/devtoo..., se:cdpVersion: 106.0.5249.119, setWindowRect: true, strictFileInteractability: false, timeouts: {implicit: 0, pageLoad: 300000, script: 30000}, unhandledPromptBehavior: dismiss and notify, webauthn:extension:credBlob: true, webauthn:extension:largeBlob: true, webauthn:virtualAuthenticators: true}
Element: [[ChromeDriver: chrome on WINDOWS (1d674d78c4b7b4c91091b8de952922f2)] -&gt; xpath: //ion-label[text()=&#039; Value &#039;]/parent::ion-item//input[1]]
Session ID: 1d674d78c4b7b4c91091b8de952922f2" type="org.openqa.selenium.ElementClickInterceptedException">
      <![CDATA[org.openqa.selenium.ElementClickInterceptedException: element click intercepted: Element <input class="native-input sc-ion-input-ios" aria-labelledby="ion-input-4-lbl" autocapitalize="off" autocomplete="off" autocorrect="off" name="ion-input-4" placeholder="" spellcheck="false" type="text"> is not clickable at point (1627, 293). Other element would receive the click: <ion-popover class="select-popover ios popover-desktop popover-side-bottom hydrated" id="ion-overlay-5" aria-modal="true" no-router="" tabindex="-1" style="z-index: 20005; --width:528px;">...</ion-popover>
  (Session info: chrome=106.0.5249.119)
Build info: version: '4.0.0-rc-1', revision: 'bc5511cbda'
System info: host: 'INMUVADP014547', ip: '10.1.47.111', os.name: 'Windows 10', os.arch: 'amd64', os.version: '10.0', java.version: '17.0.1'
Driver info: org.openqa.selenium.chrome.ChromeDriver
Command: [1d674d78c4b7b4c91091b8de952922f2, clickElement {id=1b8d9024-a534-45ca-a61e-59d4cc06664d}]
Capabilities {acceptInsecureCerts: false, browserName: chrome, browserVersion: 106.0.5249.119, chrome: {chromedriverVersion: 105.0.5195.52 (412c95e51883..., userDataDir: C:\Users\ININDC~1\AppData\L...}, goog:chromeOptions: {debuggerAddress: localhost:59158}, javascriptEnabled: true, networkConnectionEnabled: false, pageLoadStrategy: normal, platform: WINDOWS, platformName: WINDOWS, proxy: Proxy(), se:cdp: ws://localhost:59158/devtoo..., se:cdpVersion: 106.0.5249.119, setWindowRect: true, strictFileInteractability: false, timeouts: {implicit: 0, pageLoad: 300000, script: 30000}, unhandledPromptBehavior: dismiss and notify, webauthn:extension:credBlob: true, webauthn:extension:largeBlob: true, webauthn:virtualAuthenticators: true}
Element: [[ChromeDriver: chrome on WINDOWS (1d674d78c4b7b4c91091b8de952922f2)] -> xpath: //ion-label[text()=' Value ']/parent::ion-item//input[1]]
Session ID: 1d674d78c4b7b4c91091b8de952922f2
at java.base/jdk.internal.reflect.NativeConstructorAccessorImpl.newInstance0(Native Method)
at java.base/jdk.internal.reflect.NativeConstructorAccessorImpl.newInstance(NativeConstructorAccessorImpl.java:77)
at java.base/jdk.internal.reflect.DelegatingConstructorAccessorImpl.newInstance(DelegatingConstructorAccessorImpl.java:45)
at java.base/java.lang.reflect.Constructor.newInstanceWithCaller(Constructor.java:499)
at java.base/java.lang.reflect.Constructor.newInstance(Constructor.java:480)
at org.openqa.selenium.remote.codec.w3c.W3CHttpResponseCodec.createException(W3CHttpResponseCodec.java:200)
at org.openqa.selenium.remote.codec.w3c.W3CHttpResponseCodec.decode(W3CHttpResponseCodec.java:133)
at org.openqa.selenium.remote.codec.w3c.W3CHttpResponseCodec.decode(W3CHttpResponseCodec.java:53)
at org.openqa.selenium.remote.HttpCommandExecutor.execute(HttpCommandExecutor.java:184)
at org.openqa.selenium.remote.service.DriverCommandExecutor.invokeExecute(DriverCommandExecutor.java:164)
at org.openqa.selenium.remote.service.DriverCommandExecutor.execute(DriverCommandExecutor.java:139)
at org.openqa.selenium.remote.RemoteWebDriver.execute(RemoteWebDriver.java:547)
at org.openqa.selenium.remote.RemoteWebElement.execute(RemoteWebElement.java:251)
at org.openqa.selenium.remote.RemoteWebElement.click(RemoteWebElement.java:77)
at jdk.internal.reflect.GeneratedMethodAccessor5.invoke(Unknown Source)
at java.base/jdk.internal.reflect.DelegatingMethodAccessorImpl.invoke(DelegatingMethodAccessorImpl.java:43)
at java.base/java.lang.reflect.Method.invoke(Method.java:568)
at org.openqa.selenium.support.pagefactory.internal.LocatingElementHandler.invoke(LocatingElementHandler.java:52)
at jdk.proxy2/jdk.proxy2.$Proxy46.click(Unknown Source)
at stepdefinitions.LivingExpense_Master.user_enter_the_value(LivingExpense_Master.java:771)
at ✽.user Enter the value(file:///C:/Users/inindc00075/git/Arshath_ULS/Arshath_AzentioULSFramework/src/test/java/features/MDM_LivingExp_Master.feature:313)
]]>
    </error>
  </testcase> <!-- runScenario -->
  <system-out/>
</testsuite> <!-- Runner.TestApplication -->
