<?xml version="1.0" encoding="UTF-8"?>
<!-- Generated by org.testng.reporters.JUnitReportReporter -->
<testsuite hostname="INMUVADP016382" failures="1" tests="1" name="Runner.TestApplication" time="39.513" errors="0" timestamp="2022-12-06T15:53:38 IST" skipped="0">
  <testcase classname="Runner.TestApplication" name="runScenario" time="39.513">
    <failure message="The following asserts failed:
	Primary product field should be non eitable one but here it is editable hence failed expected [true] but found [false],
	Primary sub product field should be non eitable one but here it is editable hence failed expected [true] but found [false]" type="java.lang.AssertionError">
      <![CDATA[java.lang.AssertionError: The following asserts failed:
Primary product field should be non eitable one but here it is editable hence failed expected [true] but found [false],
Primary sub product field should be non eitable one but here it is editable hence failed expected [true] but found [false]
at org.testng.asserts.SoftAssert.assertAll(SoftAssert.java:47)
at org.testng.asserts.SoftAssert.assertAll(SoftAssert.java:31)
at stepdefinitions.ApplicationDetailsDisbursementChecker.user_verify_the_back_button_functionality_in_application_detail_disbursement_checker(ApplicationDetailsDisbursementChecker.java:445)
at ✽.User verify the back button functionality in application detail disbursement checker(file:///C:/Users/inindc00074/git/ULS_ArulGuru/Arul_AzentioULSFramework12/src/test/java/features/ApplicationDetailsDisbursementChecker.feature:44)
]]>
    </failure>
  </testcase> <!-- runScenario -->
  <system-out/>
</testsuite> <!-- Runner.TestApplication -->
