<?xml version="1.0" encoding="UTF-8"?>
<testng-results ignored="0" total="1" passed="1" failed="0" skipped="0">
  <reporter-output>
  </reporter-output>
  <suite started-at="2023-02-24T12:41:23 IST" name="Default suite" finished-at="2023-02-24T12:42:05 IST" duration-ms="42651">
    <groups>
      <group name="cucumber">
        <method signature="AbstractTestNGCucumberTests.runScenario(io.cucumber.testng.PickleWrapper,io.cucumber.testng.FeatureWrapper)[pri:0, instance:Runner.TestApplication@1c5920df]" name="runScenario" class="io.cucumber.testng.AbstractTestNGCucumberTests"/>
      </group> <!-- cucumber -->
    </groups>
    <test started-at="2023-02-24T12:41:23 IST" name="Default test" finished-at="2023-02-24T12:42:05 IST" duration-ms="42651">
      <class name="Runner.TestApplication">
        <test-method is-config="true" signature="beforeExecution()[pri:0, instance:Runner.TestApplication@1c5920df]" started-at="2023-02-24T12:41:23 IST" name="beforeExecution" finished-at="2023-02-24T12:41:23 IST" duration-ms="12" status="PASS">
          <reporter-output>
          </reporter-output>
        </test-method> <!-- beforeExecution -->
        <test-method is-config="true" signature="setUpClass()[pri:0, instance:Runner.TestApplication@1c5920df]" started-at="2023-02-24T12:41:23 IST" name="setUpClass" finished-at="2023-02-24T12:41:24 IST" duration-ms="1225" status="PASS">
          <reporter-output>
          </reporter-output>
        </test-method> <!-- setUpClass -->
        <test-method signature="runScenario(io.cucumber.testng.PickleWrapper,io.cucumber.testng.FeatureWrapper)[pri:0, instance:Runner.TestApplication@1c5920df]" started-at="2023-02-24T12:41:24 IST" name="runScenario" description="Runs Cucumber Scenarios" data-provider="scenarios" finished-at="2023-02-24T12:41:59 IST" duration-ms="35213" status="PASS">
          <params>
            <param index="0">
              <value>
                <![CDATA["Validate that returned record is present in the view list"]]>
              </value>
            </param>
            <param index="1">
              <value>
                <![CDATA["Optional[Verify the functionalities of  Collateral subtype master Module]"]]>
              </value>
            </param>
          </params>
          <reporter-output>
          </reporter-output>
        </test-method> <!-- runScenario -->
        <test-method is-config="true" signature="tearDownClass()[pri:0, instance:Runner.TestApplication@1c5920df]" started-at="2023-02-24T12:41:59 IST" name="tearDownClass" finished-at="2023-02-24T12:42:05 IST" duration-ms="6158" status="PASS">
          <reporter-output>
          </reporter-output>
        </test-method> <!-- tearDownClass -->
        <test-method is-config="true" signature="afterExecution()[pri:0, instance:Runner.TestApplication@1c5920df]" started-at="2023-02-24T12:42:05 IST" name="afterExecution" finished-at="2023-02-24T12:42:06 IST" duration-ms="216" status="PASS">
          <reporter-output>
          </reporter-output>
        </test-method> <!-- afterExecution -->
      </class> <!-- Runner.TestApplication -->
    </test> <!-- Default test -->
  </suite> <!-- Default suite -->
</testng-results>
