<?xml version="1.0" encoding="UTF-8"?>
<testng-results ignored="0" total="1" passed="1" failed="0" skipped="0">
  <reporter-output>
  </reporter-output>
  <suite started-at="2021-10-08T17:04:12 IST" name="Default suite" finished-at="2021-10-08T17:04:24 IST" duration-ms="12560">
    <groups>
    </groups>
    <test started-at="2021-10-08T17:04:12 IST" name="Default test" finished-at="2021-10-08T17:04:24 IST" duration-ms="12560">
      <class name="tests.LoginTest">
        <test-method is-config="true" signature="OpenApplication()[pri:0, instance:tests.LoginTest@3bd323e9]" started-at="2021-10-08T17:04:12 IST" name="OpenApplication" finished-at="2021-10-08T17:04:18 IST" duration-ms="5952" status="PASS">
          <reporter-output>
          </reporter-output>
        </test-method> <!-- OpenApplication -->
        <test-method signature="login(java.lang.String, java.lang.String, java.lang.String)[pri:0, instance:tests.LoginTest@3bd323e9]" started-at="2021-10-08T17:04:18 IST" name="login" data-provider="getlogindata" finished-at="2021-10-08T17:04:24 IST" duration-ms="6244" status="PASS">
          <params>
            <param index="0">
              <value>
                <![CDATA[dharshiniselvaraj23@gmail.com]]>
              </value>
            </param>
            <param index="1">
              <value>
                <![CDATA[Selvaraj23!]]>
              </value>
            </param>
            <param index="2">
              <value>
                <![CDATA[Successful]]>
              </value>
            </param>
          </params>
          <reporter-output>
          </reporter-output>
        </test-method> <!-- login -->
        <test-method is-config="true" signature="closure()[pri:0, instance:tests.LoginTest@3bd323e9]" started-at="2021-10-08T17:04:24 IST" name="closure" finished-at="2021-10-08T17:04:24 IST" duration-ms="331" status="PASS">
          <reporter-output>
          </reporter-output>
        </test-method> <!-- closure -->
      </class> <!-- tests.LoginTest -->
    </test> <!-- Default test -->
  </suite> <!-- Default suite -->
</testng-results>
