<?xml version="1.0" encoding="UTF-8"?>
<!-- Generated by org.testng.reporters.JUnitXMLReporter -->
<testsuite ignored="0" hostname="INMUVADP014584" failures="1" tests="1" name="Default test" time="140.231" errors="0" timestamp="2022-08-01T12:44:52 IST">
  <testcase classname="io.cucumber.testng.AbstractTestNGCucumberTests" name="runScenario" time="97.581">
    <failure type="org.junit.ComparisonFailure" message="expected:&amp;lt;[dep02]&amp;gt; but was:&amp;lt;[12345]&amp;gt;">
      <![CDATA[org.junit.ComparisonFailure: expected:<[dep02]> but was:<[12345]>
at org.junit.Assert.assertEquals(Assert.java:115)
at org.junit.Assert.assertEquals(Assert.java:144)
at stepdefinitions.ULS_ProjectMasterSteps.submit_the_record_from_maker_endand_give_alert_remark_and_submit_the_alert_button_after_clickking_on_alert(ULS_ProjectMasterSteps.java:1933)
at ✽.submit the record from maker endAnd give alert remark and submit the alert button after clickking on alert(file:///C:/Users/inindc00076/eclipse-workspace/AzentioULSFramework_Anandh/src/test/java/features/ULS_ProjectMasterFeature.feature:161)
]]>
    </failure>
  </testcase> <!-- runScenario -->
</testsuite> <!-- Default test -->
