<?xml version="1.0" encoding="UTF-8"?>
<!-- Generated by org.testng.reporters.JUnitXMLReporter -->
<testsuite ignored="0" hostname="INMUVADP014584" failures="1" tests="1" name="Default test" time="64.003" errors="0" timestamp="2022-09-27T16:32:24 IST">
  <testcase classname="io.cucumber.testng.AbstractTestNGCucumberTests" name="runScenario" time="49.7">
    <failure type="java.lang.AssertionError" message="The following asserts failed:
	expected [Mr] but found [52523]">
      <![CDATA[java.lang.AssertionError: The following asserts failed:
expected [Mr] but found [52523]
at org.testng.asserts.SoftAssert.assertAll(SoftAssert.java:47)
at org.testng.asserts.SoftAssert.assertAll(SoftAssert.java:31)
at stepdefinitions.ULS_ConventionalPersonalIncomeSteps.verify_xls_field_is_downloaded_in_the_download_section(ULS_ConventionalPersonalIncomeSteps.java:269)
at ✽.verify xls field is downloaded in the download section(file:///C:/Users/inindc00076/git/Azentio_ULSAnandh/AzentioULSFramework_Anandh/src/test/java/features/ULS_ConventionalIncomeScreenFEATURE.feature:19)
]]>
    </failure>
  </testcase> <!-- runScenario -->
</testsuite> <!-- Default test -->
